{"C:\\Users\\ACER\\BE-RSUD\\app.js": {"path":"C:\\Users\\ACER\\BE-RSUD\\app.js","statementMap":{"0":{"start":{"line":1,"column":0},"end":{"line":1,"column":27}},"1":{"start":{"line":2,"column":18},"end":{"line":2,"column":53}},"2":{"start":{"line":3,"column":16},"end":{"line":3,"column":34}},"3":{"start":{"line":4,"column":21},"end":{"line":4,"column":45}},"4":{"start":{"line":5,"column":12},"end":{"line":5,"column":21}},"5":{"start":{"line":6,"column":0},"end":{"line":6,"column":41}},"6":{"start":{"line":7,"column":18},"end":{"line":7,"column":47}},"7":{"start":{"line":12,"column":4},"end":{"line":12,"column":47}},"8":{"start":{"line":13,"column":23},"end":{"line":13,"column":63}},"9":{"start":{"line":14,"column":13},"end":{"line":14,"column":28}},"10":{"start":{"line":15,"column":20},"end":{"line":15,"column":59}},"11":{"start":{"line":16,"column":22},"end":{"line":16,"column":48}},"12":{"start":{"line":17,"column":18},"end":{"line":17,"column":52}},"13":{"start":{"line":18,"column":19},"end":{"line":18,"column":54}},"14":{"start":{"line":19,"column":21},"end":{"line":19,"column":57}},"15":{"start":{"line":20,"column":20},"end":{"line":20,"column":56}},"16":{"start":{"line":21,"column":23},"end":{"line":21,"column":62}},"17":{"start":{"line":22,"column":18},"end":{"line":22,"column":52}},"18":{"start":{"line":23,"column":26},"end":{"line":23,"column":69}},"19":{"start":{"line":24,"column":19},"end":{"line":24,"column":54}},"20":{"start":{"line":25,"column":20},"end":{"line":25,"column":56}},"21":{"start":{"line":26,"column":20},"end":{"line":26,"column":56}},"22":{"start":{"line":27,"column":29},"end":{"line":27,"column":75}},"23":{"start":{"line":28,"column":22},"end":{"line":28,"column":60}},"24":{"start":{"line":29,"column":20},"end":{"line":29,"column":62}},"25":{"start":{"line":30,"column":13},"end":{"line":30,"column":27}},"26":{"start":{"line":31,"column":17},"end":{"line":31,"column":36}},"27":{"start":{"line":33,"column":0},"end":{"line":33,"column":31}},"28":{"start":{"line":34,"column":0},"end":{"line":34,"column":43}},"29":{"start":{"line":35,"column":0},"end":{"line":35,"column":49}},"30":{"start":{"line":37,"column":0},"end":{"line":37,"column":24}},"31":{"start":{"line":38,"column":0},"end":{"line":38,"column":48}},"32":{"start":{"line":39,"column":0},"end":{"line":39,"column":24}},"33":{"start":{"line":41,"column":0},"end":{"line":48,"column":2}},"34":{"start":{"line":50,"column":0},"end":{"line":50,"column":25}},"35":{"start":{"line":52,"column":0},"end":{"line":59,"column":2}},"36":{"start":{"line":61,"column":0},"end":{"line":61,"column":74}},"37":{"start":{"line":63,"column":0},"end":{"line":63,"column":35}},"38":{"start":{"line":64,"column":0},"end":{"line":64,"column":36}},"39":{"start":{"line":65,"column":0},"end":{"line":65,"column":33}},"40":{"start":{"line":66,"column":0},"end":{"line":66,"column":39}},"41":{"start":{"line":67,"column":0},"end":{"line":67,"column":45}},"42":{"start":{"line":68,"column":0},"end":{"line":68,"column":35}},"43":{"start":{"line":69,"column":0},"end":{"line":69,"column":52}},"44":{"start":{"line":70,"column":0},"end":{"line":70,"column":37}},"45":{"start":{"line":71,"column":0},"end":{"line":71,"column":39}},"46":{"start":{"line":72,"column":0},"end":{"line":72,"column":41}},"47":{"start":{"line":73,"column":0},"end":{"line":73,"column":39}},"48":{"start":{"line":74,"column":0},"end":{"line":74,"column":58}},"49":{"start":{"line":75,"column":0},"end":{"line":75,"column":45}},"50":{"start":{"line":76,"column":0},"end":{"line":87,"column":3}},"51":{"start":{"line":77,"column":2},"end":{"line":77,"column":21}},"52":{"start":{"line":79,"column":21},"end":{"line":79,"column":42}},"53":{"start":{"line":80,"column":18},"end":{"line":80,"column":56}},"54":{"start":{"line":82,"column":2},"end":{"line":86,"column":5}},"55":{"start":{"line":89,"column":0},"end":{"line":91,"column":3}},"56":{"start":{"line":90,"column":2},"end":{"line":90,"column":35}},"57":{"start":{"line":95,"column":0},"end":{"line":95,"column":21}}},"fnMap":{"0":{"name":"(anonymous_0)","decl":{"start":{"line":76,"column":8},"end":{"line":76,"column":9}},"loc":{"start":{"line":76,"column":33},"end":{"line":87,"column":1}},"line":76},"1":{"name":"(anonymous_1)","decl":{"start":{"line":89,"column":13},"end":{"line":89,"column":14}},"loc":{"start":{"line":89,"column":27},"end":{"line":91,"column":1}},"line":89}},"branchMap":{"0":{"loc":{"start":{"line":43,"column":12},"end":{"line":43,"column":70}},"type":"binary-expr","locations":[{"start":{"line":43,"column":12},"end":{"line":43,"column":36}},{"start":{"line":43,"column":40},"end":{"line":43,"column":70}}],"line":43},"1":{"loc":{"start":{"line":79,"column":21},"end":{"line":79,"column":42}},"type":"binary-expr","locations":[{"start":{"line":79,"column":21},"end":{"line":79,"column":35}},{"start":{"line":79,"column":39},"end":{"line":79,"column":42}}],"line":79},"2":{"loc":{"start":{"line":80,"column":18},"end":{"line":80,"column":56}},"type":"binary-expr","locations":[{"start":{"line":80,"column":18},"end":{"line":80,"column":29}},{"start":{"line":80,"column":33},"end":{"line":80,"column":56}}],"line":80}},"s":{"0":1,"1":1,"2":1,"3":1,"4":1,"5":1,"6":1,"7":1,"8":1,"9":1,"10":1,"11":1,"12":1,"13":1,"14":1,"15":1,"16":1,"17":1,"18":1,"19":1,"20":1,"21":1,"22":1,"23":1,"24":1,"25":1,"26":1,"27":1,"28":1,"29":1,"30":1,"31":1,"32":1,"33":1,"34":1,"35":1,"36":1,"37":1,"38":1,"39":1,"40":1,"41":1,"42":1,"43":1,"44":1,"45":1,"46":1,"47":1,"48":1,"49":1,"50":1,"51":0,"52":0,"53":0,"54":0,"55":1,"56":0,"57":1},"f":{"0":0,"1":0},"b":{"0":[1,0],"1":[0,0],"2":[0,0]},"_coverageSchema":"1a1c01bbd47fc00a2c39e90264f33305004495a9","hash":"56efcfdefa518c1eba98ed99322a35993e122132"}
,"C:\\Users\\ACER\\BE-RSUD\\src\\configs\\env-config.js": {"path":"C:\\Users\\ACER\\BE-RSUD\\src\\configs\\env-config.js","statementMap":{"0":{"start":{"line":1,"column":0},"end":{"line":1,"column":27}},"1":{"start":{"line":3,"column":0},"end":{"line":11,"column":2}}},"fnMap":{},"branchMap":{"0":{"loc":{"start":{"line":5,"column":8},"end":{"line":5,"column":32}},"type":"binary-expr","locations":[{"start":{"line":5,"column":8},"end":{"line":5,"column":24}},{"start":{"line":5,"column":28},"end":{"line":5,"column":32}}],"line":5}},"s":{"0":1,"1":1},"f":{},"b":{"0":[1,0]},"_coverageSchema":"1a1c01bbd47fc00a2c39e90264f33305004495a9","hash":"bc67a9e061725f6f5df1c58a0ceb1043120c6300"}
,"C:\\Users\\ACER\\BE-RSUD\\src\\configs\\passport-config.js": {"path":"C:\\Users\\ACER\\BE-RSUD\\src\\configs\\passport-config.js","statementMap":{"0":{"start":{"line":1,"column":23},"end":{"line":1,"column":66}},"1":{"start":{"line":2,"column":15},"end":{"line":2,"column":48}},"2":{"start":{"line":3,"column":17},"end":{"line":3,"column":36}},"3":{"start":{"line":5,"column":0},"end":{"line":38,"column":2}},"4":{"start":{"line":13,"column":6},"end":{"line":35,"column":7}},"5":{"start":{"line":14,"column":8},"end":{"line":14,"column":48}},"6":{"start":{"line":15,"column":22},"end":{"line":15,"column":45}},"7":{"start":{"line":16,"column":19},"end":{"line":18,"column":10}},"8":{"start":{"line":20,"column":8},"end":{"line":30,"column":9}},"9":{"start":{"line":21,"column":10},"end":{"line":29,"column":13}},"10":{"start":{"line":32,"column":8},"end":{"line":32,"column":32}},"11":{"start":{"line":34,"column":8},"end":{"line":34,"column":31}}},"fnMap":{"0":{"name":"(anonymous_0)","decl":{"start":{"line":12,"column":4},"end":{"line":12,"column":5}},"loc":{"start":{"line":12,"column":56},"end":{"line":36,"column":5}},"line":12}},"branchMap":{"0":{"loc":{"start":{"line":20,"column":8},"end":{"line":30,"column":9}},"type":"if","locations":[{"start":{"line":20,"column":8},"end":{"line":30,"column":9}},{"start":{},"end":{}}],"line":20}},"s":{"0":1,"1":1,"2":1,"3":1,"4":0,"5":0,"6":0,"7":0,"8":0,"9":0,"10":0,"11":0},"f":{"0":0},"b":{"0":[0,0]},"_coverageSchema":"1a1c01bbd47fc00a2c39e90264f33305004495a9","hash":"a3d5fe5bee86305d473ea4953b36eba4c8d7b3e2"}
,"C:\\Users\\ACER\\BE-RSUD\\src\\configs\\swagger-config.js": {"path":"C:\\Users\\ACER\\BE-RSUD\\src\\configs\\swagger-config.js","statementMap":{"0":{"start":{"line":1,"column":21},"end":{"line":1,"column":45}},"1":{"start":{"line":3,"column":23},"end":{"line":37,"column":1}},"2":{"start":{"line":39,"column":20},"end":{"line":39,"column":48}},"3":{"start":{"line":41,"column":0},"end":{"line":41,"column":29}}},"fnMap":{},"branchMap":{},"s":{"0":1,"1":1,"2":1,"3":1},"f":{},"b":{},"_coverageSchema":"1a1c01bbd47fc00a2c39e90264f33305004495a9","hash":"6da5511a0ff082b1906100581a55279768169fa7"}
,"C:\\Users\\ACER\\BE-RSUD\\src\\controllers\\aduan-controller.js": {"path":"C:\\Users\\ACER\\BE-RSUD\\src\\controllers\\aduan-controller.js","statementMap":{"0":{"start":{"line":1,"column":21},"end":{"line":1,"column":57}},"1":{"start":{"line":2,"column":23},"end":{"line":2,"column":60}},"2":{"start":{"line":6,"column":4},"end":{"line":12,"column":5}},"3":{"start":{"line":7,"column":39},"end":{"line":7,"column":47}},"4":{"start":{"line":8,"column":19},"end":{"line":8,"column":75}},"5":{"start":{"line":9,"column":6},"end":{"line":9,"column":66}},"6":{"start":{"line":11,"column":6},"end":{"line":11,"column":39}},"7":{"start":{"line":16,"column":4},"end":{"line":21,"column":5}},"8":{"start":{"line":17,"column":19},"end":{"line":17,"column":51}},"9":{"start":{"line":18,"column":6},"end":{"line":18,"column":72}},"10":{"start":{"line":20,"column":6},"end":{"line":20,"column":39}},"11":{"start":{"line":25,"column":4},"end":{"line":30,"column":5}},"12":{"start":{"line":26,"column":19},"end":{"line":26,"column":58}},"13":{"start":{"line":27,"column":6},"end":{"line":27,"column":72}},"14":{"start":{"line":29,"column":6},"end":{"line":29,"column":39}},"15":{"start":{"line":33,"column":19},"end":{"line":33,"column":29}},"16":{"start":{"line":34,"column":4},"end":{"line":42,"column":5}},"17":{"start":{"line":35,"column":19},"end":{"line":35,"column":60}},"18":{"start":{"line":36,"column":22},"end":{"line":38,"column":41}},"19":{"start":{"line":39,"column":6},"end":{"line":39,"column":49}},"20":{"start":{"line":41,"column":6},"end":{"line":41,"column":39}},"21":{"start":{"line":46,"column":4},"end":{"line":52,"column":5}},"22":{"start":{"line":47,"column":21},"end":{"line":47,"column":31}},"23":{"start":{"line":48,"column":6},"end":{"line":48,"column":45}},"24":{"start":{"line":49,"column":6},"end":{"line":49,"column":67}},"25":{"start":{"line":51,"column":6},"end":{"line":51,"column":39}},"26":{"start":{"line":56,"column":4},"end":{"line":65,"column":5}},"27":{"start":{"line":57,"column":21},"end":{"line":57,"column":31}},"28":{"start":{"line":58,"column":26},"end":{"line":58,"column":34}},"29":{"start":{"line":59,"column":22},"end":{"line":59,"column":39}},"30":{"start":{"line":61,"column":19},"end":{"line":61,"column":70}},"31":{"start":{"line":62,"column":6},"end":{"line":62,"column":68}},"32":{"start":{"line":64,"column":6},"end":{"line":64,"column":39}},"33":{"start":{"line":69,"column":0},"end":{"line":69,"column":33}}},"fnMap":{"0":{"name":"(anonymous_0)","decl":{"start":{"line":5,"column":2},"end":{"line":5,"column":3}},"loc":{"start":{"line":5,"column":37},"end":{"line":13,"column":3}},"line":5},"1":{"name":"(anonymous_1)","decl":{"start":{"line":15,"column":2},"end":{"line":15,"column":3}},"loc":{"start":{"line":15,"column":37},"end":{"line":22,"column":3}},"line":15},"2":{"name":"(anonymous_2)","decl":{"start":{"line":24,"column":2},"end":{"line":24,"column":3}},"loc":{"start":{"line":24,"column":44},"end":{"line":31,"column":3}},"line":24},"3":{"name":"(anonymous_3)","decl":{"start":{"line":32,"column":2},"end":{"line":32,"column":3}},"loc":{"start":{"line":32,"column":40},"end":{"line":43,"column":3}},"line":32},"4":{"name":"(anonymous_4)","decl":{"start":{"line":45,"column":2},"end":{"line":45,"column":3}},"loc":{"start":{"line":45,"column":37},"end":{"line":53,"column":3}},"line":45},"5":{"name":"(anonymous_5)","decl":{"start":{"line":55,"column":2},"end":{"line":55,"column":3}},"loc":{"start":{"line":55,"column":36},"end":{"line":66,"column":3}},"line":55}},"branchMap":{"0":{"loc":{"start":{"line":36,"column":22},"end":{"line":38,"column":41}},"type":"cond-expr","locations":[{"start":{"line":37,"column":10},"end":{"line":37,"column":38}},{"start":{"line":38,"column":10},"end":{"line":38,"column":41}}],"line":36}},"s":{"0":1,"1":1,"2":0,"3":0,"4":0,"5":0,"6":0,"7":0,"8":0,"9":0,"10":0,"11":0,"12":0,"13":0,"14":0,"15":0,"16":0,"17":0,"18":0,"19":0,"20":0,"21":0,"22":0,"23":0,"24":0,"25":0,"26":0,"27":0,"28":0,"29":0,"30":0,"31":0,"32":0,"33":1},"f":{"0":0,"1":0,"2":0,"3":0,"4":0,"5":0},"b":{"0":[0,0]},"_coverageSchema":"1a1c01bbd47fc00a2c39e90264f33305004495a9","hash":"382d1b1c0cbaaf4bf3d109d3dd2acafc71ea5932"}
,"C:\\Users\\ACER\\BE-RSUD\\src\\controllers\\auth-controller.js": {"path":"C:\\Users\\ACER\\BE-RSUD\\src\\controllers\\auth-controller.js","statementMap":{"0":{"start":{"line":1,"column":23},"end":{"line":1,"column":60}},"1":{"start":{"line":2,"column":12},"end":{"line":2,"column":35}},"2":{"start":{"line":3,"column":15},"end":{"line":3,"column":48}},"3":{"start":{"line":4,"column":20},"end":{"line":4,"column":55}},"4":{"start":{"line":5,"column":15},"end":{"line":5,"column":42}},"5":{"start":{"line":10,"column":4},"end":{"line":10,"column":36}},"6":{"start":{"line":11,"column":30},"end":{"line":11,"column":70}},"7":{"start":{"line":12,"column":18},"end":{"line":12,"column":52}},"8":{"start":{"line":16,"column":4},"end":{"line":32,"column":5}},"9":{"start":{"line":17,"column":53},"end":{"line":17,"column":61}},"10":{"start":{"line":18,"column":21},"end":{"line":24,"column":8}},"11":{"start":{"line":25,"column":6},"end":{"line":29,"column":8}},"12":{"start":{"line":31,"column":6},"end":{"line":31,"column":46}},"13":{"start":{"line":36,"column":4},"end":{"line":57,"column":5}},"14":{"start":{"line":37,"column":34},"end":{"line":37,"column":42}},"15":{"start":{"line":38,"column":21},"end":{"line":38,"column":65}},"16":{"start":{"line":39,"column":6},"end":{"line":45,"column":9}},"17":{"start":{"line":47,"column":6},"end":{"line":53,"column":9}},"18":{"start":{"line":54,"column":6},"end":{"line":54,"column":66}},"19":{"start":{"line":56,"column":6},"end":{"line":56,"column":46}},"20":{"start":{"line":61,"column":4},"end":{"line":134,"column":5}},"21":{"start":{"line":62,"column":30},"end":{"line":62,"column":54}},"22":{"start":{"line":63,"column":6},"end":{"line":65,"column":7}},"23":{"start":{"line":64,"column":8},"end":{"line":64,"column":69}},"24":{"start":{"line":66,"column":22},"end":{"line":66,"column":64}},"25":{"start":{"line":67,"column":6},"end":{"line":67,"column":45}},"26":{"start":{"line":68,"column":21},"end":{"line":68,"column":36}},"27":{"start":{"line":69,"column":6},"end":{"line":73,"column":7}},"28":{"start":{"line":70,"column":8},"end":{"line":72,"column":10}},"29":{"start":{"line":75,"column":26},"end":{"line":77,"column":8}},"30":{"start":{"line":78,"column":6},"end":{"line":80,"column":7}},"31":{"start":{"line":79,"column":8},"end":{"line":79,"column":60}},"32":{"start":{"line":82,"column":22},"end":{"line":84,"column":8}},"33":{"start":{"line":86,"column":6},"end":{"line":90,"column":7}},"34":{"start":{"line":87,"column":8},"end":{"line":89,"column":10}},"35":{"start":{"line":92,"column":28},"end":{"line":92,"column":64}},"36":{"start":{"line":93,"column":30},"end":{"line":93,"column":72}},"37":{"start":{"line":96,"column":6},"end":{"line":107,"column":9}},"38":{"start":{"line":109,"column":6},"end":{"line":115,"column":9}},"39":{"start":{"line":117,"column":6},"end":{"line":123,"column":9}},"40":{"start":{"line":124,"column":6},"end":{"line":131,"column":8}},"41":{"start":{"line":133,"column":6},"end":{"line":133,"column":46}},"42":{"start":{"line":137,"column":4},"end":{"line":157,"column":5}},"43":{"start":{"line":138,"column":30},"end":{"line":138,"column":54}},"44":{"start":{"line":139,"column":6},"end":{"line":139,"column":57}},"45":{"start":{"line":140,"column":6},"end":{"line":142,"column":7}},"46":{"start":{"line":141,"column":8},"end":{"line":141,"column":69}},"47":{"start":{"line":144,"column":22},"end":{"line":144,"column":64}},"48":{"start":{"line":145,"column":21},"end":{"line":145,"column":36}},"49":{"start":{"line":147,"column":6},"end":{"line":149,"column":9}},"50":{"start":{"line":151,"column":6},"end":{"line":151,"column":57}},"51":{"start":{"line":152,"column":6},"end":{"line":152,"column":64}},"52":{"start":{"line":154,"column":6},"end":{"line":154,"column":66}},"53":{"start":{"line":156,"column":6},"end":{"line":156,"column":46}},"54":{"start":{"line":161,"column":0},"end":{"line":161,"column":32}}},"fnMap":{"0":{"name":"(anonymous_0)","decl":{"start":{"line":15,"column":2},"end":{"line":15,"column":3}},"loc":{"start":{"line":15,"column":34},"end":{"line":33,"column":3}},"line":15},"1":{"name":"(anonymous_1)","decl":{"start":{"line":35,"column":2},"end":{"line":35,"column":3}},"loc":{"start":{"line":35,"column":31},"end":{"line":58,"column":3}},"line":35},"2":{"name":"(anonymous_2)","decl":{"start":{"line":60,"column":2},"end":{"line":60,"column":3}},"loc":{"start":{"line":60,"column":37},"end":{"line":135,"column":3}},"line":60},"3":{"name":"(anonymous_3)","decl":{"start":{"line":136,"column":2},"end":{"line":136,"column":3}},"loc":{"start":{"line":136,"column":32},"end":{"line":158,"column":3}},"line":136}},"branchMap":{"0":{"loc":{"start":{"line":42,"column":18},"end":{"line":42,"column":47}},"type":"cond-expr","locations":[{"start":{"line":42,"column":33},"end":{"line":42,"column":39}},{"start":{"line":42,"column":42},"end":{"line":42,"column":47}}],"line":42},"1":{"loc":{"start":{"line":50,"column":18},"end":{"line":50,"column":47}},"type":"cond-expr","locations":[{"start":{"line":50,"column":33},"end":{"line":50,"column":39}},{"start":{"line":50,"column":42},"end":{"line":50,"column":47}}],"line":50},"2":{"loc":{"start":{"line":63,"column":6},"end":{"line":65,"column":7}},"type":"if","locations":[{"start":{"line":63,"column":6},"end":{"line":65,"column":7}},{"start":{},"end":{}}],"line":63},"3":{"loc":{"start":{"line":69,"column":6},"end":{"line":73,"column":7}},"type":"if","locations":[{"start":{"line":69,"column":6},"end":{"line":73,"column":7}},{"start":{},"end":{}}],"line":69},"4":{"loc":{"start":{"line":78,"column":6},"end":{"line":80,"column":7}},"type":"if","locations":[{"start":{"line":78,"column":6},"end":{"line":80,"column":7}},{"start":{},"end":{}}],"line":78},"5":{"loc":{"start":{"line":86,"column":6},"end":{"line":90,"column":7}},"type":"if","locations":[{"start":{"line":86,"column":6},"end":{"line":90,"column":7}},{"start":{},"end":{}}],"line":86},"6":{"loc":{"start":{"line":86,"column":10},"end":{"line":86,"column":55}},"type":"binary-expr","locations":[{"start":{"line":86,"column":10},"end":{"line":86,"column":18}},{"start":{"line":86,"column":22},"end":{"line":86,"column":55}}],"line":86},"7":{"loc":{"start":{"line":112,"column":18},"end":{"line":112,"column":47}},"type":"cond-expr","locations":[{"start":{"line":112,"column":33},"end":{"line":112,"column":39}},{"start":{"line":112,"column":42},"end":{"line":112,"column":47}}],"line":112},"8":{"loc":{"start":{"line":120,"column":18},"end":{"line":120,"column":47}},"type":"cond-expr","locations":[{"start":{"line":120,"column":33},"end":{"line":120,"column":39}},{"start":{"line":120,"column":42},"end":{"line":120,"column":47}}],"line":120},"9":{"loc":{"start":{"line":140,"column":6},"end":{"line":142,"column":7}},"type":"if","locations":[{"start":{"line":140,"column":6},"end":{"line":142,"column":7}},{"start":{},"end":{}}],"line":140}},"s":{"0":1,"1":1,"2":1,"3":1,"4":1,"5":1,"6":1,"7":1,"8":0,"9":0,"10":0,"11":0,"12":0,"13":0,"14":0,"15":0,"16":0,"17":0,"18":0,"19":0,"20":0,"21":0,"22":0,"23":0,"24":0,"25":0,"26":0,"27":0,"28":0,"29":0,"30":0,"31":0,"32":0,"33":0,"34":0,"35":0,"36":0,"37":0,"38":0,"39":0,"40":0,"41":0,"42":0,"43":0,"44":0,"45":0,"46":0,"47":0,"48":0,"49":0,"50":0,"51":0,"52":0,"53":0,"54":1},"f":{"0":0,"1":0,"2":0,"3":0},"b":{"0":[0,0],"1":[0,0],"2":[0,0],"3":[0,0],"4":[0,0],"5":[0,0],"6":[0,0],"7":[0,0],"8":[0,0],"9":[0,0]},"_coverageSchema":"1a1c01bbd47fc00a2c39e90264f33305004495a9","hash":"102900b113c6c2460420f9a70631f288d604f9af"}
,"C:\\Users\\ACER\\BE-RSUD\\src\\controllers\\banner-controller.js": {"path":"C:\\Users\\ACER\\BE-RSUD\\src\\controllers\\banner-controller.js","statementMap":{"0":{"start":{"line":1,"column":23},"end":{"line":1,"column":60}},"1":{"start":{"line":2,"column":22},"end":{"line":2,"column":59}},"2":{"start":{"line":6,"column":4},"end":{"line":12,"column":5}},"3":{"start":{"line":7,"column":20},"end":{"line":7,"column":29}},"4":{"start":{"line":8,"column":21},"end":{"line":8,"column":64}},"5":{"start":{"line":9,"column":6},"end":{"line":9,"column":76}},"6":{"start":{"line":11,"column":6},"end":{"line":11,"column":39}},"7":{"start":{"line":15,"column":4},"end":{"line":24,"column":5}},"8":{"start":{"line":16,"column":21},"end":{"line":16,"column":52}},"9":{"start":{"line":17,"column":6},"end":{"line":21,"column":8}},"10":{"start":{"line":23,"column":6},"end":{"line":23,"column":39}},"11":{"start":{"line":27,"column":4},"end":{"line":33,"column":5}},"12":{"start":{"line":28,"column":22},"end":{"line":28,"column":30}},"13":{"start":{"line":29,"column":19},"end":{"line":29,"column":60}},"14":{"start":{"line":30,"column":6},"end":{"line":30,"column":61}},"15":{"start":{"line":32,"column":6},"end":{"line":32,"column":39}},"16":{"start":{"line":37,"column":0},"end":{"line":37,"column":34}}},"fnMap":{"0":{"name":"(anonymous_0)","decl":{"start":{"line":5,"column":2},"end":{"line":5,"column":3}},"loc":{"start":{"line":5,"column":38},"end":{"line":13,"column":3}},"line":5},"1":{"name":"(anonymous_1)","decl":{"start":{"line":14,"column":2},"end":{"line":14,"column":3}},"loc":{"start":{"line":14,"column":35},"end":{"line":25,"column":3}},"line":14},"2":{"name":"(anonymous_2)","decl":{"start":{"line":26,"column":2},"end":{"line":26,"column":3}},"loc":{"start":{"line":26,"column":38},"end":{"line":34,"column":3}},"line":26}},"branchMap":{},"s":{"0":1,"1":1,"2":0,"3":0,"4":0,"5":0,"6":0,"7":0,"8":0,"9":0,"10":0,"11":0,"12":0,"13":0,"14":0,"15":0,"16":1},"f":{"0":0,"1":0,"2":0},"b":{},"_coverageSchema":"1a1c01bbd47fc00a2c39e90264f33305004495a9","hash":"ab283189d56fd332697cce14181ee9139979745d"}
,"C:\\Users\\ACER\\BE-RSUD\\src\\controllers\\berita-controller.js": {"path":"C:\\Users\\ACER\\BE-RSUD\\src\\controllers\\berita-controller.js","statementMap":{"0":{"start":{"line":1,"column":22},"end":{"line":1,"column":59}},"1":{"start":{"line":2,"column":23},"end":{"line":2,"column":60}},"2":{"start":{"line":5,"column":4},"end":{"line":18,"column":5}},"3":{"start":{"line":6,"column":56},"end":{"line":6,"column":64}},"4":{"start":{"line":7,"column":19},"end":{"line":7,"column":27}},"5":{"start":{"line":8,"column":21},"end":{"line":14,"column":8}},"6":{"start":{"line":15,"column":6},"end":{"line":15,"column":75}},"7":{"start":{"line":17,"column":6},"end":{"line":17,"column":46}},"8":{"start":{"line":22,"column":4},"end":{"line":29,"column":5}},"9":{"start":{"line":23,"column":19},"end":{"line":23,"column":48}},"10":{"start":{"line":24,"column":23},"end":{"line":24,"column":56}},"11":{"start":{"line":25,"column":21},"end":{"line":25,"column":66}},"12":{"start":{"line":26,"column":6},"end":{"line":26,"column":80}},"13":{"start":{"line":28,"column":6},"end":{"line":28,"column":46}},"14":{"start":{"line":33,"column":4},"end":{"line":43,"column":5}},"15":{"start":{"line":34,"column":21},"end":{"line":34,"column":31}},"16":{"start":{"line":35,"column":21},"end":{"line":35,"column":62}},"17":{"start":{"line":36,"column":6},"end":{"line":40,"column":8}},"18":{"start":{"line":42,"column":6},"end":{"line":42,"column":46}},"19":{"start":{"line":47,"column":4},"end":{"line":62,"column":5}},"20":{"start":{"line":48,"column":21},"end":{"line":48,"column":31}},"21":{"start":{"line":49,"column":56},"end":{"line":49,"column":64}},"22":{"start":{"line":50,"column":19},"end":{"line":50,"column":27}},"23":{"start":{"line":51,"column":21},"end":{"line":58,"column":8}},"24":{"start":{"line":59,"column":6},"end":{"line":59,"column":79}},"25":{"start":{"line":61,"column":6},"end":{"line":61,"column":46}},"26":{"start":{"line":66,"column":4},"end":{"line":73,"column":5}},"27":{"start":{"line":67,"column":21},"end":{"line":67,"column":31}},"28":{"start":{"line":69,"column":21},"end":{"line":69,"column":61}},"29":{"start":{"line":70,"column":6},"end":{"line":70,"column":74}},"30":{"start":{"line":72,"column":6},"end":{"line":72,"column":46}},"31":{"start":{"line":76,"column":4},"end":{"line":86,"column":5}},"32":{"start":{"line":77,"column":21},"end":{"line":77,"column":31}},"33":{"start":{"line":78,"column":25},"end":{"line":78,"column":70}},"34":{"start":{"line":79,"column":6},"end":{"line":83,"column":8}},"35":{"start":{"line":85,"column":6},"end":{"line":85,"column":46}},"36":{"start":{"line":89,"column":4},"end":{"line":96,"column":5}},"37":{"start":{"line":90,"column":21},"end":{"line":90,"column":31}},"38":{"start":{"line":91,"column":20},"end":{"line":91,"column":29}},"39":{"start":{"line":92,"column":21},"end":{"line":92,"column":68}},"40":{"start":{"line":93,"column":6},"end":{"line":93,"column":77}},"41":{"start":{"line":95,"column":6},"end":{"line":95,"column":46}},"42":{"start":{"line":100,"column":4},"end":{"line":113,"column":5}},"43":{"start":{"line":101,"column":23},"end":{"line":101,"column":36}},"44":{"start":{"line":102,"column":22},"end":{"line":102,"column":30}},"45":{"start":{"line":104,"column":27},"end":{"line":104,"column":78}},"46":{"start":{"line":106,"column":6},"end":{"line":110,"column":8}},"47":{"start":{"line":112,"column":6},"end":{"line":112,"column":46}},"48":{"start":{"line":117,"column":4},"end":{"line":129,"column":5}},"49":{"start":{"line":118,"column":19},"end":{"line":118,"column":48}},"50":{"start":{"line":119,"column":23},"end":{"line":119,"column":56}},"51":{"start":{"line":120,"column":26},"end":{"line":120,"column":35}},"52":{"start":{"line":121,"column":21},"end":{"line":125,"column":8}},"53":{"start":{"line":126,"column":6},"end":{"line":126,"column":80}},"54":{"start":{"line":128,"column":6},"end":{"line":128,"column":46}},"55":{"start":{"line":133,"column":0},"end":{"line":133,"column":24}}},"fnMap":{"0":{"name":"(anonymous_0)","decl":{"start":{"line":4,"column":2},"end":{"line":4,"column":3}},"loc":{"start":{"line":4,"column":38},"end":{"line":19,"column":3}},"line":4},"1":{"name":"(anonymous_1)","decl":{"start":{"line":21,"column":2},"end":{"line":21,"column":3}},"loc":{"start":{"line":21,"column":35},"end":{"line":30,"column":3}},"line":21},"2":{"name":"(anonymous_2)","decl":{"start":{"line":32,"column":2},"end":{"line":32,"column":3}},"loc":{"start":{"line":32,"column":39},"end":{"line":44,"column":3}},"line":32},"3":{"name":"(anonymous_3)","decl":{"start":{"line":46,"column":2},"end":{"line":46,"column":3}},"loc":{"start":{"line":46,"column":38},"end":{"line":63,"column":3}},"line":46},"4":{"name":"(anonymous_4)","decl":{"start":{"line":65,"column":2},"end":{"line":65,"column":3}},"loc":{"start":{"line":65,"column":38},"end":{"line":74,"column":3}},"line":65},"5":{"name":"(anonymous_5)","decl":{"start":{"line":75,"column":2},"end":{"line":75,"column":3}},"loc":{"start":{"line":75,"column":41},"end":{"line":87,"column":3}},"line":75},"6":{"name":"(anonymous_6)","decl":{"start":{"line":88,"column":2},"end":{"line":88,"column":3}},"loc":{"start":{"line":88,"column":38},"end":{"line":97,"column":3}},"line":88},"7":{"name":"(anonymous_7)","decl":{"start":{"line":99,"column":2},"end":{"line":99,"column":3}},"loc":{"start":{"line":99,"column":38},"end":{"line":114,"column":3}},"line":99},"8":{"name":"(anonymous_8)","decl":{"start":{"line":116,"column":2},"end":{"line":116,"column":3}},"loc":{"start":{"line":116,"column":38},"end":{"line":130,"column":3}},"line":116}},"branchMap":{"0":{"loc":{"start":{"line":23,"column":19},"end":{"line":23,"column":48}},"type":"binary-expr","locations":[{"start":{"line":23,"column":19},"end":{"line":23,"column":43}},{"start":{"line":23,"column":47},"end":{"line":23,"column":48}}],"line":23},"1":{"loc":{"start":{"line":24,"column":23},"end":{"line":24,"column":56}},"type":"binary-expr","locations":[{"start":{"line":24,"column":23},"end":{"line":24,"column":51}},{"start":{"line":24,"column":55},"end":{"line":24,"column":56}}],"line":24},"2":{"loc":{"start":{"line":118,"column":19},"end":{"line":118,"column":48}},"type":"binary-expr","locations":[{"start":{"line":118,"column":19},"end":{"line":118,"column":43}},{"start":{"line":118,"column":47},"end":{"line":118,"column":48}}],"line":118},"3":{"loc":{"start":{"line":119,"column":23},"end":{"line":119,"column":56}},"type":"binary-expr","locations":[{"start":{"line":119,"column":23},"end":{"line":119,"column":51}},{"start":{"line":119,"column":55},"end":{"line":119,"column":56}}],"line":119}},"s":{"0":1,"1":1,"2":0,"3":0,"4":0,"5":0,"6":0,"7":0,"8":0,"9":0,"10":0,"11":0,"12":0,"13":0,"14":0,"15":0,"16":0,"17":0,"18":0,"19":0,"20":0,"21":0,"22":0,"23":0,"24":0,"25":0,"26":0,"27":0,"28":0,"29":0,"30":0,"31":0,"32":0,"33":0,"34":0,"35":0,"36":0,"37":0,"38":0,"39":0,"40":0,"41":0,"42":0,"43":0,"44":0,"45":0,"46":0,"47":0,"48":0,"49":0,"50":0,"51":0,"52":0,"53":0,"54":0,"55":1},"f":{"0":0,"1":0,"2":0,"3":0,"4":0,"5":0,"6":0,"7":0,"8":0},"b":{"0":[0,0],"1":[0,0],"2":[0,0],"3":[0,0]},"_coverageSchema":"1a1c01bbd47fc00a2c39e90264f33305004495a9","hash":"e3c6acbbc78b5ef23f5bedb040df40c78acc1ca5"}
,"C:\\Users\\ACER\\BE-RSUD\\src\\controllers\\dokter-controller.js": {"path":"C:\\Users\\ACER\\BE-RSUD\\src\\controllers\\dokter-controller.js","statementMap":{"0":{"start":{"line":1,"column":23},"end":{"line":1,"column":60}},"1":{"start":{"line":2,"column":22},"end":{"line":2,"column":59}},"2":{"start":{"line":6,"column":4},"end":{"line":29,"column":5}},"3":{"start":{"line":14,"column":10},"end":{"line":14,"column":18}},"4":{"start":{"line":15,"column":19},"end":{"line":15,"column":27}},"5":{"start":{"line":16,"column":21},"end":{"line":24,"column":8}},"6":{"start":{"line":26,"column":6},"end":{"line":26,"column":80}},"7":{"start":{"line":28,"column":6},"end":{"line":28,"column":46}},"8":{"start":{"line":32,"column":4},"end":{"line":44,"column":5}},"9":{"start":{"line":33,"column":19},"end":{"line":33,"column":48}},"10":{"start":{"line":34,"column":23},"end":{"line":34,"column":57}},"11":{"start":{"line":35,"column":26},"end":{"line":35,"column":35}},"12":{"start":{"line":36,"column":21},"end":{"line":40,"column":8}},"13":{"start":{"line":41,"column":6},"end":{"line":41,"column":80}},"14":{"start":{"line":43,"column":6},"end":{"line":43,"column":46}},"15":{"start":{"line":47,"column":4},"end":{"line":58,"column":5}},"16":{"start":{"line":48,"column":19},"end":{"line":48,"column":48}},"17":{"start":{"line":49,"column":23},"end":{"line":49,"column":57}},"18":{"start":{"line":50,"column":21},"end":{"line":50,"column":66}},"19":{"start":{"line":51,"column":6},"end":{"line":55,"column":8}},"20":{"start":{"line":57,"column":6},"end":{"line":57,"column":46}},"21":{"start":{"line":61,"column":4},"end":{"line":71,"column":5}},"22":{"start":{"line":62,"column":28},"end":{"line":62,"column":38}},"23":{"start":{"line":63,"column":21},"end":{"line":63,"column":65}},"24":{"start":{"line":64,"column":6},"end":{"line":68,"column":8}},"25":{"start":{"line":70,"column":6},"end":{"line":70,"column":46}},"26":{"start":{"line":74,"column":4},"end":{"line":103,"column":5}},"27":{"start":{"line":75,"column":28},"end":{"line":75,"column":38}},"28":{"start":{"line":83,"column":10},"end":{"line":83,"column":18}},"29":{"start":{"line":84,"column":19},"end":{"line":84,"column":27}},"30":{"start":{"line":86,"column":28},"end":{"line":95,"column":8}},"31":{"start":{"line":96,"column":6},"end":{"line":100,"column":8}},"32":{"start":{"line":102,"column":6},"end":{"line":102,"column":46}},"33":{"start":{"line":107,"column":4},"end":{"line":113,"column":5}},"34":{"start":{"line":108,"column":28},"end":{"line":108,"column":38}},"35":{"start":{"line":109,"column":6},"end":{"line":109,"column":54}},"36":{"start":{"line":110,"column":6},"end":{"line":110,"column":77}},"37":{"start":{"line":112,"column":6},"end":{"line":112,"column":46}},"38":{"start":{"line":117,"column":0},"end":{"line":117,"column":34}}},"fnMap":{"0":{"name":"(anonymous_0)","decl":{"start":{"line":5,"column":2},"end":{"line":5,"column":3}},"loc":{"start":{"line":5,"column":38},"end":{"line":30,"column":3}},"line":5},"1":{"name":"(anonymous_1)","decl":{"start":{"line":31,"column":2},"end":{"line":31,"column":3}},"loc":{"start":{"line":31,"column":38},"end":{"line":45,"column":3}},"line":31},"2":{"name":"(anonymous_2)","decl":{"start":{"line":46,"column":2},"end":{"line":46,"column":3}},"loc":{"start":{"line":46,"column":35},"end":{"line":59,"column":3}},"line":46},"3":{"name":"(anonymous_3)","decl":{"start":{"line":60,"column":2},"end":{"line":60,"column":3}},"loc":{"start":{"line":60,"column":39},"end":{"line":72,"column":3}},"line":60},"4":{"name":"(anonymous_4)","decl":{"start":{"line":73,"column":2},"end":{"line":73,"column":3}},"loc":{"start":{"line":73,"column":38},"end":{"line":104,"column":3}},"line":73},"5":{"name":"(anonymous_5)","decl":{"start":{"line":106,"column":2},"end":{"line":106,"column":3}},"loc":{"start":{"line":106,"column":38},"end":{"line":114,"column":3}},"line":106}},"branchMap":{"0":{"loc":{"start":{"line":33,"column":19},"end":{"line":33,"column":48}},"type":"binary-expr","locations":[{"start":{"line":33,"column":19},"end":{"line":33,"column":43}},{"start":{"line":33,"column":47},"end":{"line":33,"column":48}}],"line":33},"1":{"loc":{"start":{"line":34,"column":23},"end":{"line":34,"column":57}},"type":"binary-expr","locations":[{"start":{"line":34,"column":23},"end":{"line":34,"column":51}},{"start":{"line":34,"column":55},"end":{"line":34,"column":57}}],"line":34},"2":{"loc":{"start":{"line":48,"column":19},"end":{"line":48,"column":48}},"type":"binary-expr","locations":[{"start":{"line":48,"column":19},"end":{"line":48,"column":43}},{"start":{"line":48,"column":47},"end":{"line":48,"column":48}}],"line":48},"3":{"loc":{"start":{"line":49,"column":23},"end":{"line":49,"column":57}},"type":"binary-expr","locations":[{"start":{"line":49,"column":23},"end":{"line":49,"column":51}},{"start":{"line":49,"column":55},"end":{"line":49,"column":57}}],"line":49}},"s":{"0":1,"1":1,"2":2,"3":2,"4":2,"5":2,"6":1,"7":1,"8":0,"9":0,"10":0,"11":0,"12":0,"13":0,"14":0,"15":0,"16":0,"17":0,"18":0,"19":0,"20":0,"21":0,"22":0,"23":0,"24":0,"25":0,"26":0,"27":0,"28":0,"29":0,"30":0,"31":0,"32":0,"33":0,"34":0,"35":0,"36":0,"37":0,"38":1},"f":{"0":2,"1":0,"2":0,"3":0,"4":0,"5":0},"b":{"0":[0,0],"1":[0,0],"2":[0,0],"3":[0,0]},"_coverageSchema":"1a1c01bbd47fc00a2c39e90264f33305004495a9","hash":"942d352849e5c0660e0cfbbfe95e8c9e35a9cfd1"}
,"C:\\Users\\ACER\\BE-RSUD\\src\\controllers\\jadwal-dokter-controller.js": {"path":"C:\\Users\\ACER\\BE-RSUD\\src\\controllers\\jadwal-dokter-controller.js","statementMap":{"0":{"start":{"line":1,"column":28},"end":{"line":1,"column":72}},"1":{"start":{"line":2,"column":23},"end":{"line":2,"column":60}},"2":{"start":{"line":6,"column":4},"end":{"line":20,"column":5}},"3":{"start":{"line":7,"column":41},"end":{"line":7,"column":49}},"4":{"start":{"line":8,"column":21},"end":{"line":11,"column":8}},"5":{"start":{"line":12,"column":6},"end":{"line":17,"column":8}},"6":{"start":{"line":19,"column":6},"end":{"line":19,"column":46}},"7":{"start":{"line":24,"column":4},"end":{"line":46,"column":5}},"8":{"start":{"line":25,"column":35},"end":{"line":25,"column":44}},"9":{"start":{"line":26,"column":19},"end":{"line":26,"column":48}},"10":{"start":{"line":27,"column":23},"end":{"line":27,"column":57}},"11":{"start":{"line":29,"column":21},"end":{"line":34,"column":8}},"12":{"start":{"line":36,"column":28},"end":{"line":38,"column":8}},"13":{"start":{"line":39,"column":6},"end":{"line":43,"column":8}},"14":{"start":{"line":45,"column":6},"end":{"line":45,"column":46}},"15":{"start":{"line":50,"column":4},"end":{"line":68,"column":5}},"16":{"start":{"line":51,"column":39},"end":{"line":51,"column":48}},"17":{"start":{"line":52,"column":26},"end":{"line":52,"column":45}},"18":{"start":{"line":53,"column":30},"end":{"line":53,"column":54}},"19":{"start":{"line":55,"column":21},"end":{"line":59,"column":8}},"20":{"start":{"line":61,"column":6},"end":{"line":65,"column":8}},"21":{"start":{"line":67,"column":6},"end":{"line":67,"column":46}},"22":{"start":{"line":72,"column":4},"end":{"line":83,"column":5}},"23":{"start":{"line":73,"column":19},"end":{"line":73,"column":48}},"24":{"start":{"line":74,"column":23},"end":{"line":74,"column":57}},"25":{"start":{"line":75,"column":19},"end":{"line":75,"column":79}},"26":{"start":{"line":76,"column":6},"end":{"line":80,"column":8}},"27":{"start":{"line":82,"column":6},"end":{"line":82,"column":46}},"28":{"start":{"line":86,"column":4},"end":{"line":99,"column":5}},"29":{"start":{"line":87,"column":28},"end":{"line":87,"column":38}},"30":{"start":{"line":88,"column":21},"end":{"line":90,"column":8}},"31":{"start":{"line":92,"column":6},"end":{"line":96,"column":8}},"32":{"start":{"line":98,"column":6},"end":{"line":98,"column":46}},"33":{"start":{"line":103,"column":4},"end":{"line":119,"column":5}},"34":{"start":{"line":104,"column":28},"end":{"line":104,"column":38}},"35":{"start":{"line":105,"column":30},"end":{"line":105,"column":38}},"36":{"start":{"line":107,"column":21},"end":{"line":110,"column":7}},"37":{"start":{"line":112,"column":6},"end":{"line":116,"column":8}},"38":{"start":{"line":118,"column":6},"end":{"line":118,"column":46}},"39":{"start":{"line":123,"column":4},"end":{"line":135,"column":5}},"40":{"start":{"line":124,"column":28},"end":{"line":124,"column":38}},"41":{"start":{"line":125,"column":21},"end":{"line":127,"column":8}},"42":{"start":{"line":128,"column":6},"end":{"line":132,"column":8}},"43":{"start":{"line":134,"column":6},"end":{"line":134,"column":46}},"44":{"start":{"line":139,"column":0},"end":{"line":139,"column":40}}},"fnMap":{"0":{"name":"(anonymous_0)","decl":{"start":{"line":5,"column":2},"end":{"line":5,"column":3}},"loc":{"start":{"line":5,"column":44},"end":{"line":21,"column":3}},"line":5},"1":{"name":"(anonymous_1)","decl":{"start":{"line":23,"column":2},"end":{"line":23,"column":3}},"loc":{"start":{"line":23,"column":44},"end":{"line":47,"column":3}},"line":23},"2":{"name":"(anonymous_2)","decl":{"start":{"line":49,"column":2},"end":{"line":49,"column":3}},"loc":{"start":{"line":49,"column":50},"end":{"line":69,"column":3}},"line":49},"3":{"name":"(anonymous_3)","decl":{"start":{"line":71,"column":2},"end":{"line":71,"column":3}},"loc":{"start":{"line":71,"column":44},"end":{"line":84,"column":3}},"line":71},"4":{"name":"(anonymous_4)","decl":{"start":{"line":85,"column":2},"end":{"line":85,"column":3}},"loc":{"start":{"line":85,"column":45},"end":{"line":100,"column":3}},"line":85},"5":{"name":"(anonymous_5)","decl":{"start":{"line":102,"column":2},"end":{"line":102,"column":3}},"loc":{"start":{"line":102,"column":44},"end":{"line":120,"column":3}},"line":102},"6":{"name":"(anonymous_6)","decl":{"start":{"line":122,"column":2},"end":{"line":122,"column":3}},"loc":{"start":{"line":122,"column":54},"end":{"line":136,"column":3}},"line":122}},"branchMap":{"0":{"loc":{"start":{"line":26,"column":19},"end":{"line":26,"column":48}},"type":"binary-expr","locations":[{"start":{"line":26,"column":19},"end":{"line":26,"column":43}},{"start":{"line":26,"column":47},"end":{"line":26,"column":48}}],"line":26},"1":{"loc":{"start":{"line":27,"column":23},"end":{"line":27,"column":57}},"type":"binary-expr","locations":[{"start":{"line":27,"column":23},"end":{"line":27,"column":51}},{"start":{"line":27,"column":55},"end":{"line":27,"column":57}}],"line":27},"2":{"loc":{"start":{"line":52,"column":26},"end":{"line":52,"column":45}},"type":"binary-expr","locations":[{"start":{"line":52,"column":26},"end":{"line":52,"column":40}},{"start":{"line":52,"column":44},"end":{"line":52,"column":45}}],"line":52},"3":{"loc":{"start":{"line":53,"column":30},"end":{"line":53,"column":54}},"type":"binary-expr","locations":[{"start":{"line":53,"column":30},"end":{"line":53,"column":48}},{"start":{"line":53,"column":52},"end":{"line":53,"column":54}}],"line":53},"4":{"loc":{"start":{"line":73,"column":19},"end":{"line":73,"column":48}},"type":"binary-expr","locations":[{"start":{"line":73,"column":19},"end":{"line":73,"column":43}},{"start":{"line":73,"column":47},"end":{"line":73,"column":48}}],"line":73},"5":{"loc":{"start":{"line":74,"column":23},"end":{"line":74,"column":57}},"type":"binary-expr","locations":[{"start":{"line":74,"column":23},"end":{"line":74,"column":51}},{"start":{"line":74,"column":55},"end":{"line":74,"column":57}}],"line":74}},"s":{"0":1,"1":1,"2":0,"3":0,"4":0,"5":0,"6":0,"7":0,"8":0,"9":0,"10":0,"11":0,"12":0,"13":0,"14":0,"15":0,"16":0,"17":0,"18":0,"19":0,"20":0,"21":0,"22":0,"23":0,"24":0,"25":0,"26":0,"27":0,"28":0,"29":0,"30":0,"31":0,"32":0,"33":0,"34":0,"35":0,"36":0,"37":0,"38":0,"39":0,"40":0,"41":0,"42":0,"43":0,"44":1},"f":{"0":0,"1":0,"2":0,"3":0,"4":0,"5":0,"6":0},"b":{"0":[0,0],"1":[0,0],"2":[0,0],"3":[0,0],"4":[0,0],"5":[0,0]},"_coverageSchema":"1a1c01bbd47fc00a2c39e90264f33305004495a9","hash":"62614f5eac10847a51618302fa9345e582342432"}
,"C:\\Users\\ACER\\BE-RSUD\\src\\controllers\\komentar-controller.js": {"path":"C:\\Users\\ACER\\BE-RSUD\\src\\controllers\\komentar-controller.js","statementMap":{"0":{"start":{"line":1,"column":17},"end":{"line":1,"column":54}},"1":{"start":{"line":2,"column":24},"end":{"line":2,"column":63}},"2":{"start":{"line":6,"column":4},"end":{"line":25,"column":5}},"3":{"start":{"line":7,"column":28},"end":{"line":7,"column":38}},"4":{"start":{"line":8,"column":66},"end":{"line":8,"column":74}},"5":{"start":{"line":9,"column":19},"end":{"line":9,"column":27}},"6":{"start":{"line":11,"column":19},"end":{"line":11,"column":50}},"7":{"start":{"line":12,"column":20},"end":{"line":12,"column":52}},"8":{"start":{"line":14,"column":19},"end":{"line":19,"column":8}},"9":{"start":{"line":21,"column":6},"end":{"line":21,"column":71}},"10":{"start":{"line":23,"column":6},"end":{"line":23,"column":50}},"11":{"start":{"line":24,"column":6},"end":{"line":24,"column":40}},"12":{"start":{"line":29,"column":4},"end":{"line":38,"column":5}},"13":{"start":{"line":30,"column":27},"end":{"line":30,"column":63}},"14":{"start":{"line":31,"column":6},"end":{"line":35,"column":8}},"15":{"start":{"line":37,"column":6},"end":{"line":37,"column":40}},"16":{"start":{"line":41,"column":4},"end":{"line":50,"column":5}},"17":{"start":{"line":42,"column":27},"end":{"line":42,"column":70}},"18":{"start":{"line":43,"column":6},"end":{"line":47,"column":8}},"19":{"start":{"line":49,"column":6},"end":{"line":49,"column":40}},"20":{"start":{"line":53,"column":4},"end":{"line":62,"column":5}},"21":{"start":{"line":54,"column":30},"end":{"line":54,"column":40}},"22":{"start":{"line":55,"column":19},"end":{"line":55,"column":75}},"23":{"start":{"line":56,"column":22},"end":{"line":58,"column":44}},"24":{"start":{"line":59,"column":6},"end":{"line":59,"column":44}},"25":{"start":{"line":61,"column":6},"end":{"line":61,"column":40}},"26":{"start":{"line":65,"column":4},"end":{"line":97,"column":5}},"27":{"start":{"line":66,"column":41},"end":{"line":66,"column":51}},"28":{"start":{"line":67,"column":66},"end":{"line":67,"column":74}},"29":{"start":{"line":68,"column":19},"end":{"line":68,"column":27}},"30":{"start":{"line":70,"column":6},"end":{"line":74,"column":9}},"31":{"start":{"line":76,"column":17},"end":{"line":76,"column":26}},"32":{"start":{"line":77,"column":18},"end":{"line":77,"column":27}},"33":{"start":{"line":80,"column":6},"end":{"line":83,"column":7}},"34":{"start":{"line":81,"column":8},"end":{"line":81,"column":33}},"35":{"start":{"line":82,"column":8},"end":{"line":82,"column":36}},"36":{"start":{"line":85,"column":19},"end":{"line":92,"column":8}},"37":{"start":{"line":94,"column":6},"end":{"line":94,"column":72}},"38":{"start":{"line":96,"column":6},"end":{"line":96,"column":40}},"39":{"start":{"line":101,"column":0},"end":{"line":101,"column":36}}},"fnMap":{"0":{"name":"(anonymous_0)","decl":{"start":{"line":5,"column":2},"end":{"line":5,"column":3}},"loc":{"start":{"line":5,"column":37},"end":{"line":26,"column":3}},"line":5},"1":{"name":"(anonymous_1)","decl":{"start":{"line":28,"column":2},"end":{"line":28,"column":3}},"loc":{"start":{"line":28,"column":38},"end":{"line":39,"column":3}},"line":28},"2":{"name":"(anonymous_2)","decl":{"start":{"line":40,"column":2},"end":{"line":40,"column":3}},"loc":{"start":{"line":40,"column":45},"end":{"line":51,"column":3}},"line":40},"3":{"name":"(anonymous_3)","decl":{"start":{"line":52,"column":2},"end":{"line":52,"column":3}},"loc":{"start":{"line":52,"column":43},"end":{"line":63,"column":3}},"line":52},"4":{"name":"(anonymous_4)","decl":{"start":{"line":64,"column":2},"end":{"line":64,"column":3}},"loc":{"start":{"line":64,"column":40},"end":{"line":98,"column":3}},"line":64}},"branchMap":{"0":{"loc":{"start":{"line":11,"column":19},"end":{"line":11,"column":50}},"type":"binary-expr","locations":[{"start":{"line":11,"column":19},"end":{"line":11,"column":28}},{"start":{"line":11,"column":32},"end":{"line":11,"column":42}},{"start":{"line":11,"column":46},"end":{"line":11,"column":50}}],"line":11},"1":{"loc":{"start":{"line":12,"column":20},"end":{"line":12,"column":52}},"type":"binary-expr","locations":[{"start":{"line":12,"column":20},"end":{"line":12,"column":29}},{"start":{"line":12,"column":33},"end":{"line":12,"column":44}},{"start":{"line":12,"column":48},"end":{"line":12,"column":52}}],"line":12},"2":{"loc":{"start":{"line":56,"column":22},"end":{"line":58,"column":44}},"type":"cond-expr","locations":[{"start":{"line":57,"column":10},"end":{"line":57,"column":41}},{"start":{"line":58,"column":10},"end":{"line":58,"column":44}}],"line":56},"3":{"loc":{"start":{"line":80,"column":6},"end":{"line":83,"column":7}},"type":"if","locations":[{"start":{"line":80,"column":6},"end":{"line":83,"column":7}},{"start":{},"end":{}}],"line":80},"4":{"loc":{"start":{"line":80,"column":10},"end":{"line":80,"column":35}},"type":"binary-expr","locations":[{"start":{"line":80,"column":10},"end":{"line":80,"column":14}},{"start":{"line":80,"column":19},"end":{"line":80,"column":24}},{"start":{"line":80,"column":28},"end":{"line":80,"column":34}}],"line":80},"5":{"loc":{"start":{"line":81,"column":15},"end":{"line":81,"column":32}},"type":"binary-expr","locations":[{"start":{"line":81,"column":15},"end":{"line":81,"column":19}},{"start":{"line":81,"column":23},"end":{"line":81,"column":32}}],"line":81},"6":{"loc":{"start":{"line":82,"column":16},"end":{"line":82,"column":35}},"type":"binary-expr","locations":[{"start":{"line":82,"column":16},"end":{"line":82,"column":21}},{"start":{"line":82,"column":25},"end":{"line":82,"column":35}}],"line":82}},"s":{"0":1,"1":1,"2":0,"3":0,"4":0,"5":0,"6":0,"7":0,"8":0,"9":0,"10":0,"11":0,"12":0,"13":0,"14":0,"15":0,"16":0,"17":0,"18":0,"19":0,"20":0,"21":0,"22":0,"23":0,"24":0,"25":0,"26":0,"27":0,"28":0,"29":0,"30":0,"31":0,"32":0,"33":0,"34":0,"35":0,"36":0,"37":0,"38":0,"39":1},"f":{"0":0,"1":0,"2":0,"3":0,"4":0},"b":{"0":[0,0,0],"1":[0,0,0],"2":[0,0],"3":[0,0],"4":[0,0,0],"5":[0,0],"6":[0,0]},"_coverageSchema":"1a1c01bbd47fc00a2c39e90264f33305004495a9","hash":"42dafb449d2c6e132bb8f05f1f901b0a46c9a52c"}
,"C:\\Users\\ACER\\BE-RSUD\\src\\controllers\\layanan-unggulan-controller.js": {"path":"C:\\Users\\ACER\\BE-RSUD\\src\\controllers\\layanan-unggulan-controller.js","statementMap":{"0":{"start":{"line":1,"column":11},"end":{"line":1,"column":24}},"1":{"start":{"line":2,"column":13},"end":{"line":2,"column":28}},"2":{"start":{"line":3,"column":14},"end":{"line":3,"column":30}},"3":{"start":{"line":4,"column":23},"end":{"line":4,"column":60}},"4":{"start":{"line":5,"column":15},"end":{"line":5,"column":48}},"5":{"start":{"line":6,"column":43},"end":{"line":6,"column":83}},"6":{"start":{"line":9,"column":19},"end":{"line":9,"column":29}},"7":{"start":{"line":10,"column":64},"end":{"line":10,"column":72}},"8":{"start":{"line":11,"column":18},"end":{"line":11,"column":27}},"9":{"start":{"line":12,"column":25},"end":{"line":12,"column":27}},"10":{"start":{"line":14,"column":4},"end":{"line":163,"column":5}},"11":{"start":{"line":15,"column":6},"end":{"line":17,"column":7}},"12":{"start":{"line":16,"column":8},"end":{"line":16,"column":69}},"13":{"start":{"line":19,"column":22},"end":{"line":22,"column":8}},"14":{"start":{"line":24,"column":6},"end":{"line":26,"column":7}},"15":{"start":{"line":25,"column":8},"end":{"line":25,"column":59}},"16":{"start":{"line":28,"column":34},"end":{"line":28,"column":63}},"17":{"start":{"line":29,"column":29},"end":{"line":29,"column":47}},"18":{"start":{"line":30,"column":26},"end":{"line":30,"column":62}},"19":{"start":{"line":32,"column":6},"end":{"line":36,"column":7}},"20":{"start":{"line":33,"column":8},"end":{"line":35,"column":10}},"21":{"start":{"line":38,"column":33},"end":{"line":38,"column":35}},"22":{"start":{"line":39,"column":6},"end":{"line":43,"column":7}},"23":{"start":{"line":40,"column":8},"end":{"line":40,"column":58}},"24":{"start":{"line":42,"column":8},"end":{"line":42,"column":71}},"25":{"start":{"line":45,"column":26},"end":{"line":45,"column":67}},"26":{"start":{"line":45,"column":60},"end":{"line":45,"column":66}},"27":{"start":{"line":47,"column":39},"end":{"line":47,"column":74}},"28":{"start":{"line":48,"column":6},"end":{"line":52,"column":7}},"29":{"start":{"line":49,"column":8},"end":{"line":51,"column":10}},"30":{"start":{"line":54,"column":33},"end":{"line":54,"column":35}},"31":{"start":{"line":55,"column":6},"end":{"line":61,"column":7}},"32":{"start":{"line":56,"column":8},"end":{"line":60,"column":9}},"33":{"start":{"line":57,"column":10},"end":{"line":57,"column":59}},"34":{"start":{"line":59,"column":10},"end":{"line":59,"column":72}},"35":{"start":{"line":63,"column":27},"end":{"line":63,"column":29}},"36":{"start":{"line":65,"column":6},"end":{"line":99,"column":7}},"37":{"start":{"line":66,"column":31},"end":{"line":96,"column":10}},"38":{"start":{"line":67,"column":37},"end":{"line":67,"column":67}},"39":{"start":{"line":68,"column":31},"end":{"line":68,"column":59}},"40":{"start":{"line":70,"column":32},"end":{"line":70,"column":73}},"41":{"start":{"line":71,"column":10},"end":{"line":73,"column":11}},"42":{"start":{"line":72,"column":12},"end":{"line":72,"column":61}},"43":{"start":{"line":75,"column":35},"end":{"line":75,"column":76}},"44":{"start":{"line":77,"column":10},"end":{"line":95,"column":11}},"45":{"start":{"line":78,"column":12},"end":{"line":80,"column":40}},"46":{"start":{"line":82,"column":12},"end":{"line":82,"column":48}},"47":{"start":{"line":84,"column":12},"end":{"line":84,"column":37}},"48":{"start":{"line":86,"column":29},"end":{"line":86,"column":90}},"49":{"start":{"line":88,"column":12},"end":{"line":91,"column":14}},"50":{"start":{"line":93,"column":12},"end":{"line":93,"column":67}},"51":{"start":{"line":93,"column":42},"end":{"line":93,"column":67}},"52":{"start":{"line":94,"column":12},"end":{"line":94,"column":76}},"53":{"start":{"line":98,"column":8},"end":{"line":98,"column":59}},"54":{"start":{"line":101,"column":6},"end":{"line":152,"column":9}},"55":{"start":{"line":102,"column":8},"end":{"line":105,"column":11}},"56":{"start":{"line":108,"column":31},"end":{"line":113,"column":10}},"57":{"start":{"line":116,"column":8},"end":{"line":121,"column":11}},"58":{"start":{"line":124,"column":8},"end":{"line":130,"column":11}},"59":{"start":{"line":125,"column":27},"end":{"line":125,"column":55}},"60":{"start":{"line":126,"column":27},"end":{"line":126,"column":68}},"61":{"start":{"line":127,"column":10},"end":{"line":129,"column":11}},"62":{"start":{"line":128,"column":12},"end":{"line":128,"column":36}},"63":{"start":{"line":133,"column":31},"end":{"line":138,"column":9}},"64":{"start":{"line":134,"column":10},"end":{"line":137,"column":12}},"65":{"start":{"line":139,"column":8},"end":{"line":139,"column":42}},"66":{"start":{"line":142,"column":8},"end":{"line":151,"column":9}},"67":{"start":{"line":143,"column":10},"end":{"line":150,"column":13}},"68":{"start":{"line":144,"column":54},"end":{"line":149,"column":13}},"69":{"start":{"line":154,"column":6},"end":{"line":154,"column":79}},"70":{"start":{"line":157,"column":6},"end":{"line":161,"column":7}},"71":{"start":{"line":158,"column":8},"end":{"line":160,"column":9}},"72":{"start":{"line":159,"column":10},"end":{"line":159,"column":34}},"73":{"start":{"line":162,"column":6},"end":{"line":162,"column":39}},"74":{"start":{"line":167,"column":4},"end":{"line":199,"column":5}},"75":{"start":{"line":168,"column":34},"end":{"line":172,"column":8}},"76":{"start":{"line":174,"column":32},"end":{"line":185,"column":9}},"77":{"start":{"line":174,"column":70},"end":{"line":185,"column":7}},"78":{"start":{"line":178,"column":66},"end":{"line":184,"column":9}},"79":{"start":{"line":188,"column":8},"end":{"line":190,"column":29}},"80":{"start":{"line":192,"column":6},"end":{"line":196,"column":8}},"81":{"start":{"line":198,"column":6},"end":{"line":198,"column":39}},"82":{"start":{"line":203,"column":0},"end":{"line":203,"column":43}}},"fnMap":{"0":{"name":"(anonymous_0)","decl":{"start":{"line":8,"column":2},"end":{"line":8,"column":3}},"loc":{"start":{"line":8,"column":47},"end":{"line":164,"column":3}},"line":8},"1":{"name":"(anonymous_1)","decl":{"start":{"line":45,"column":51},"end":{"line":45,"column":52}},"loc":{"start":{"line":45,"column":60},"end":{"line":45,"column":66}},"line":45},"2":{"name":"(anonymous_2)","decl":{"start":{"line":66,"column":41},"end":{"line":66,"column":42}},"loc":{"start":{"line":66,"column":57},"end":{"line":96,"column":9}},"line":66},"3":{"name":"(anonymous_3)","decl":{"start":{"line":101,"column":32},"end":{"line":101,"column":33}},"loc":{"start":{"line":101,"column":46},"end":{"line":152,"column":7}},"line":101},"4":{"name":"(anonymous_4)","decl":{"start":{"line":124,"column":31},"end":{"line":124,"column":32}},"loc":{"start":{"line":124,"column":43},"end":{"line":130,"column":9}},"line":124},"5":{"name":"(anonymous_5)","decl":{"start":{"line":133,"column":56},"end":{"line":133,"column":57}},"loc":{"start":{"line":134,"column":10},"end":{"line":137,"column":12}},"line":134},"6":{"name":"(anonymous_6)","decl":{"start":{"line":144,"column":37},"end":{"line":144,"column":38}},"loc":{"start":{"line":144,"column":54},"end":{"line":149,"column":13}},"line":144},"7":{"name":"(anonymous_7)","decl":{"start":{"line":166,"column":2},"end":{"line":166,"column":3}},"loc":{"start":{"line":166,"column":47},"end":{"line":200,"column":3}},"line":166},"8":{"name":"(anonymous_8)","decl":{"start":{"line":174,"column":56},"end":{"line":174,"column":57}},"loc":{"start":{"line":174,"column":70},"end":{"line":185,"column":7}},"line":174},"9":{"name":"(anonymous_9)","decl":{"start":{"line":178,"column":52},"end":{"line":178,"column":53}},"loc":{"start":{"line":178,"column":66},"end":{"line":184,"column":9}},"line":178}},"branchMap":{"0":{"loc":{"start":{"line":15,"column":6},"end":{"line":17,"column":7}},"type":"if","locations":[{"start":{"line":15,"column":6},"end":{"line":17,"column":7}},{"start":{},"end":{}}],"line":15},"1":{"loc":{"start":{"line":15,"column":10},"end":{"line":15,"column":30}},"type":"binary-expr","locations":[{"start":{"line":15,"column":10},"end":{"line":15,"column":16}},{"start":{"line":15,"column":20},"end":{"line":15,"column":30}}],"line":15},"2":{"loc":{"start":{"line":24,"column":6},"end":{"line":26,"column":7}},"type":"if","locations":[{"start":{"line":24,"column":6},"end":{"line":26,"column":7}},{"start":{},"end":{}}],"line":24},"3":{"loc":{"start":{"line":29,"column":29},"end":{"line":29,"column":47}},"type":"binary-expr","locations":[{"start":{"line":29,"column":29},"end":{"line":29,"column":42}},{"start":{"line":29,"column":46},"end":{"line":29,"column":47}}],"line":29},"4":{"loc":{"start":{"line":32,"column":6},"end":{"line":36,"column":7}},"type":"if","locations":[{"start":{"line":32,"column":6},"end":{"line":36,"column":7}},{"start":{},"end":{}}],"line":32},"5":{"loc":{"start":{"line":48,"column":6},"end":{"line":52,"column":7}},"type":"if","locations":[{"start":{"line":48,"column":6},"end":{"line":52,"column":7}},{"start":{},"end":{}}],"line":48},"6":{"loc":{"start":{"line":55,"column":6},"end":{"line":61,"column":7}},"type":"if","locations":[{"start":{"line":55,"column":6},"end":{"line":61,"column":7}},{"start":{},"end":{}}],"line":55},"7":{"loc":{"start":{"line":65,"column":6},"end":{"line":99,"column":7}},"type":"if","locations":[{"start":{"line":65,"column":6},"end":{"line":99,"column":7}},{"start":{},"end":{}}],"line":65},"8":{"loc":{"start":{"line":65,"column":10},"end":{"line":65,"column":35}},"type":"binary-expr","locations":[{"start":{"line":65,"column":10},"end":{"line":65,"column":15}},{"start":{"line":65,"column":19},"end":{"line":65,"column":35}}],"line":65},"9":{"loc":{"start":{"line":71,"column":10},"end":{"line":73,"column":11}},"type":"if","locations":[{"start":{"line":71,"column":10},"end":{"line":73,"column":11}},{"start":{},"end":{}}],"line":71},"10":{"loc":{"start":{"line":93,"column":12},"end":{"line":93,"column":67}},"type":"if","locations":[{"start":{"line":93,"column":12},"end":{"line":93,"column":67}},{"start":{},"end":{}}],"line":93},"11":{"loc":{"start":{"line":127,"column":10},"end":{"line":129,"column":11}},"type":"if","locations":[{"start":{"line":127,"column":10},"end":{"line":129,"column":11}},{"start":{},"end":{}}],"line":127},"12":{"loc":{"start":{"line":142,"column":8},"end":{"line":151,"column":9}},"type":"if","locations":[{"start":{"line":142,"column":8},"end":{"line":151,"column":9}},{"start":{},"end":{}}],"line":142},"13":{"loc":{"start":{"line":148,"column":23},"end":{"line":148,"column":67}},"type":"binary-expr","locations":[{"start":{"line":148,"column":23},"end":{"line":148,"column":61}},{"start":{"line":148,"column":65},"end":{"line":148,"column":67}}],"line":148},"14":{"loc":{"start":{"line":158,"column":8},"end":{"line":160,"column":9}},"type":"if","locations":[{"start":{"line":158,"column":8},"end":{"line":160,"column":9}},{"start":{},"end":{}}],"line":158},"15":{"loc":{"start":{"line":188,"column":8},"end":{"line":190,"column":29}},"type":"cond-expr","locations":[{"start":{"line":189,"column":12},"end":{"line":189,"column":32}},{"start":{"line":190,"column":12},"end":{"line":190,"column":29}}],"line":188}},"s":{"0":1,"1":1,"2":1,"3":1,"4":1,"5":1,"6":0,"7":0,"8":0,"9":0,"10":0,"11":0,"12":0,"13":0,"14":0,"15":0,"16":0,"17":0,"18":0,"19":0,"20":0,"21":0,"22":0,"23":0,"24":0,"25":0,"26":0,"27":0,"28":0,"29":0,"30":0,"31":0,"32":0,"33":0,"34":0,"35":0,"36":0,"37":0,"38":0,"39":0,"40":0,"41":0,"42":0,"43":0,"44":0,"45":0,"46":0,"47":0,"48":0,"49":0,"50":0,"51":0,"52":0,"53":0,"54":0,"55":0,"56":0,"57":0,"58":0,"59":0,"60":0,"61":0,"62":0,"63":0,"64":0,"65":0,"66":0,"67":0,"68":0,"69":0,"70":0,"71":0,"72":0,"73":0,"74":0,"75":0,"76":0,"77":0,"78":0,"79":0,"80":0,"81":0,"82":1},"f":{"0":0,"1":0,"2":0,"3":0,"4":0,"5":0,"6":0,"7":0,"8":0,"9":0},"b":{"0":[0,0],"1":[0,0],"2":[0,0],"3":[0,0],"4":[0,0],"5":[0,0],"6":[0,0],"7":[0,0],"8":[0,0],"9":[0,0],"10":[0,0],"11":[0,0],"12":[0,0],"13":[0,0],"14":[0,0],"15":[0,0]},"_coverageSchema":"1a1c01bbd47fc00a2c39e90264f33305004495a9","hash":"90bbf8ff3668623add818f95a4aa4311bb518900"}
,"C:\\Users\\ACER\\BE-RSUD\\src\\controllers\\media-sosial-controller.js": {"path":"C:\\Users\\ACER\\BE-RSUD\\src\\controllers\\media-sosial-controller.js","statementMap":{"0":{"start":{"line":1,"column":17},"end":{"line":1,"column":54}},"1":{"start":{"line":2,"column":26},"end":{"line":2,"column":69}},"2":{"start":{"line":3,"column":43},"end":{"line":3,"column":83}},"3":{"start":{"line":7,"column":4},"end":{"line":32,"column":5}},"4":{"start":{"line":8,"column":24},"end":{"line":8,"column":32}},"5":{"start":{"line":10,"column":6},"end":{"line":18,"column":7}},"6":{"start":{"line":11,"column":8},"end":{"line":17,"column":10}},"7":{"start":{"line":20,"column":6},"end":{"line":24,"column":7}},"8":{"start":{"line":21,"column":8},"end":{"line":23,"column":9}},"9":{"start":{"line":22,"column":10},"end":{"line":22,"column":56}},"10":{"start":{"line":26,"column":19},"end":{"line":26,"column":61}},"11":{"start":{"line":28,"column":6},"end":{"line":28,"column":65}},"12":{"start":{"line":30,"column":6},"end":{"line":30,"column":27}},"13":{"start":{"line":31,"column":6},"end":{"line":31,"column":40}},"14":{"start":{"line":35,"column":4},"end":{"line":40,"column":5}},"15":{"start":{"line":36,"column":19},"end":{"line":36,"column":59}},"16":{"start":{"line":37,"column":6},"end":{"line":37,"column":74}},"17":{"start":{"line":39,"column":6},"end":{"line":39,"column":40}},"18":{"start":{"line":44,"column":0},"end":{"line":44,"column":39}}},"fnMap":{"0":{"name":"(anonymous_0)","decl":{"start":{"line":6,"column":2},"end":{"line":6,"column":3}},"loc":{"start":{"line":6,"column":43},"end":{"line":33,"column":3}},"line":6},"1":{"name":"(anonymous_1)","decl":{"start":{"line":34,"column":2},"end":{"line":34,"column":3}},"loc":{"start":{"line":34,"column":40},"end":{"line":41,"column":3}},"line":34}},"branchMap":{"0":{"loc":{"start":{"line":10,"column":6},"end":{"line":18,"column":7}},"type":"if","locations":[{"start":{"line":10,"column":6},"end":{"line":18,"column":7}},{"start":{},"end":{}}],"line":10},"1":{"loc":{"start":{"line":21,"column":8},"end":{"line":23,"column":9}},"type":"if","locations":[{"start":{"line":21,"column":8},"end":{"line":23,"column":9}},{"start":{},"end":{}}],"line":21},"2":{"loc":{"start":{"line":21,"column":12},"end":{"line":21,"column":67}},"type":"binary-expr","locations":[{"start":{"line":21,"column":12},"end":{"line":21,"column":17}},{"start":{"line":21,"column":21},"end":{"line":21,"column":67}}],"line":21}},"s":{"0":1,"1":1,"2":1,"3":0,"4":0,"5":0,"6":0,"7":0,"8":0,"9":0,"10":0,"11":0,"12":0,"13":0,"14":0,"15":0,"16":0,"17":0,"18":1},"f":{"0":0,"1":0},"b":{"0":[0,0],"1":[0,0],"2":[0,0]},"_coverageSchema":"1a1c01bbd47fc00a2c39e90264f33305004495a9","hash":"93496b44f02ebad528e9beae87162f7f2bef9876"}
,"C:\\Users\\ACER\\BE-RSUD\\src\\controllers\\oauth-controller.js": {"path":"C:\\Users\\ACER\\BE-RSUD\\src\\controllers\\oauth-controller.js","statementMap":{"0":{"start":{"line":1,"column":15},"end":{"line":1,"column":42}},"1":{"start":{"line":2,"column":39},"end":{"line":2,"column":71}},"2":{"start":{"line":3,"column":18},"end":{"line":3,"column":52}},"3":{"start":{"line":4,"column":17},"end":{"line":4,"column":36}},"4":{"start":{"line":7,"column":23},"end":{"line":7,"column":69}},"5":{"start":{"line":8,"column":18},"end":{"line":10,"column":5}},"6":{"start":{"line":12,"column":4},"end":{"line":15,"column":23}},"7":{"start":{"line":19,"column":4},"end":{"line":68,"column":23}},"8":{"start":{"line":21,"column":23},"end":{"line":21,"column":47}},"9":{"start":{"line":23,"column":20},"end":{"line":23,"column":35}},"10":{"start":{"line":24,"column":6},"end":{"line":35,"column":7}},"11":{"start":{"line":25,"column":8},"end":{"line":34,"column":9}},"12":{"start":{"line":26,"column":25},"end":{"line":28,"column":11}},"13":{"start":{"line":29,"column":10},"end":{"line":31,"column":11}},"14":{"start":{"line":30,"column":12},"end":{"line":30,"column":43}},"15":{"start":{"line":33,"column":10},"end":{"line":33,"column":62}},"16":{"start":{"line":37,"column":6},"end":{"line":44,"column":7}},"17":{"start":{"line":38,"column":8},"end":{"line":38,"column":52}},"18":{"start":{"line":39,"column":8},"end":{"line":43,"column":10}},"19":{"start":{"line":46,"column":25},"end":{"line":46,"column":54}},"20":{"start":{"line":47,"column":27},"end":{"line":47,"column":62}},"21":{"start":{"line":49,"column":6},"end":{"line":55,"column":9}},"22":{"start":{"line":57,"column":6},"end":{"line":63,"column":9}},"23":{"start":{"line":65,"column":6},"end":{"line":67,"column":8}},"24":{"start":{"line":71,"column":41},"end":{"line":71,"column":49}},"25":{"start":{"line":73,"column":4},"end":{"line":75,"column":5}},"26":{"start":{"line":74,"column":6},"end":{"line":74,"column":68}},"27":{"start":{"line":77,"column":4},"end":{"line":83,"column":7}},"28":{"start":{"line":85,"column":4},"end":{"line":91,"column":7}},"29":{"start":{"line":93,"column":4},"end":{"line":93,"column":32}},"30":{"start":{"line":96,"column":0},"end":{"line":96,"column":33}}},"fnMap":{"0":{"name":"(anonymous_0)","decl":{"start":{"line":6,"column":2},"end":{"line":6,"column":3}},"loc":{"start":{"line":6,"column":37},"end":{"line":16,"column":3}},"line":6},"1":{"name":"(anonymous_1)","decl":{"start":{"line":18,"column":2},"end":{"line":18,"column":3}},"loc":{"start":{"line":18,"column":40},"end":{"line":69,"column":3}},"line":18},"2":{"name":"(anonymous_2)","decl":{"start":{"line":19,"column":56},"end":{"line":19,"column":57}},"loc":{"start":{"line":19,"column":77},"end":{"line":68,"column":5}},"line":19},"3":{"name":"(anonymous_3)","decl":{"start":{"line":70,"column":2},"end":{"line":70,"column":3}},"loc":{"start":{"line":70,"column":29},"end":{"line":94,"column":3}},"line":70}},"branchMap":{"0":{"loc":{"start":{"line":7,"column":23},"end":{"line":7,"column":69}},"type":"binary-expr","locations":[{"start":{"line":7,"column":23},"end":{"line":7,"column":41}},{"start":{"line":7,"column":45},"end":{"line":7,"column":69}}],"line":7},"1":{"loc":{"start":{"line":24,"column":6},"end":{"line":35,"column":7}},"type":"if","locations":[{"start":{"line":24,"column":6},"end":{"line":35,"column":7}},{"start":{},"end":{}}],"line":24},"2":{"loc":{"start":{"line":29,"column":10},"end":{"line":31,"column":11}},"type":"if","locations":[{"start":{"line":29,"column":10},"end":{"line":31,"column":11}},{"start":{},"end":{}}],"line":29},"3":{"loc":{"start":{"line":37,"column":6},"end":{"line":44,"column":7}},"type":"if","locations":[{"start":{"line":37,"column":6},"end":{"line":44,"column":7}},{"start":{},"end":{}}],"line":37},"4":{"loc":{"start":{"line":37,"column":10},"end":{"line":37,"column":22}},"type":"binary-expr","locations":[{"start":{"line":37,"column":10},"end":{"line":37,"column":13}},{"start":{"line":37,"column":17},"end":{"line":37,"column":22}}],"line":37},"5":{"loc":{"start":{"line":41,"column":12},"end":{"line":41,"column":43}},"type":"binary-expr","locations":[{"start":{"line":41,"column":12},"end":{"line":41,"column":24}},{"start":{"line":41,"column":28},"end":{"line":41,"column":43}}],"line":41},"6":{"loc":{"start":{"line":52,"column":18},"end":{"line":52,"column":47}},"type":"cond-expr","locations":[{"start":{"line":52,"column":33},"end":{"line":52,"column":39}},{"start":{"line":52,"column":42},"end":{"line":52,"column":47}}],"line":52},"7":{"loc":{"start":{"line":60,"column":18},"end":{"line":60,"column":47}},"type":"cond-expr","locations":[{"start":{"line":60,"column":33},"end":{"line":60,"column":39}},{"start":{"line":60,"column":42},"end":{"line":60,"column":47}}],"line":60},"8":{"loc":{"start":{"line":73,"column":4},"end":{"line":75,"column":5}},"type":"if","locations":[{"start":{"line":73,"column":4},"end":{"line":75,"column":5}},{"start":{},"end":{}}],"line":73},"9":{"loc":{"start":{"line":73,"column":8},"end":{"line":73,"column":36}},"type":"binary-expr","locations":[{"start":{"line":73,"column":8},"end":{"line":73,"column":19}},{"start":{"line":73,"column":23},"end":{"line":73,"column":36}}],"line":73},"10":{"loc":{"start":{"line":80,"column":16},"end":{"line":80,"column":45}},"type":"cond-expr","locations":[{"start":{"line":80,"column":31},"end":{"line":80,"column":37}},{"start":{"line":80,"column":40},"end":{"line":80,"column":45}}],"line":80},"11":{"loc":{"start":{"line":88,"column":16},"end":{"line":88,"column":45}},"type":"cond-expr","locations":[{"start":{"line":88,"column":31},"end":{"line":88,"column":37}},{"start":{"line":88,"column":40},"end":{"line":88,"column":45}}],"line":88}},"s":{"0":1,"1":1,"2":1,"3":1,"4":0,"5":0,"6":0,"7":0,"8":0,"9":0,"10":0,"11":0,"12":0,"13":0,"14":0,"15":0,"16":0,"17":0,"18":0,"19":0,"20":0,"21":0,"22":0,"23":0,"24":0,"25":0,"26":0,"27":0,"28":0,"29":0,"30":1},"f":{"0":0,"1":0,"2":0,"3":0},"b":{"0":[0,0],"1":[0,0],"2":[0,0],"3":[0,0],"4":[0,0],"5":[0,0],"6":[0,0],"7":[0,0],"8":[0,0],"9":[0,0],"10":[0,0],"11":[0,0]},"_coverageSchema":"1a1c01bbd47fc00a2c39e90264f33305004495a9","hash":"3fdb3101458148a6a62dc086f4bc356aea1a82bc"}
,"C:\\Users\\ACER\\BE-RSUD\\src\\controllers\\pelayanan-controller.js": {"path":"C:\\Users\\ACER\\BE-RSUD\\src\\controllers\\pelayanan-controller.js","statementMap":{"0":{"start":{"line":1,"column":25},"end":{"line":1,"column":65}},"1":{"start":{"line":2,"column":23},"end":{"line":2,"column":60}},"2":{"start":{"line":6,"column":4},"end":{"line":24,"column":5}},"3":{"start":{"line":8,"column":8},"end":{"line":8,"column":16}},"4":{"start":{"line":9,"column":27},"end":{"line":15,"column":8}},"5":{"start":{"line":16,"column":6},"end":{"line":21,"column":8}},"6":{"start":{"line":23,"column":6},"end":{"line":23,"column":46}},"7":{"start":{"line":28,"column":4},"end":{"line":37,"column":5}},"8":{"start":{"line":29,"column":19},"end":{"line":29,"column":60}},"9":{"start":{"line":30,"column":6},"end":{"line":34,"column":8}},"10":{"start":{"line":36,"column":6},"end":{"line":36,"column":46}},"11":{"start":{"line":40,"column":4},"end":{"line":46,"column":5}},"12":{"start":{"line":41,"column":31},"end":{"line":41,"column":41}},"13":{"start":{"line":42,"column":19},"end":{"line":42,"column":72}},"14":{"start":{"line":43,"column":6},"end":{"line":43,"column":75}},"15":{"start":{"line":45,"column":6},"end":{"line":45,"column":46}},"16":{"start":{"line":50,"column":4},"end":{"line":63,"column":5}},"17":{"start":{"line":51,"column":31},"end":{"line":51,"column":41}},"18":{"start":{"line":52,"column":22},"end":{"line":55,"column":7}},"19":{"start":{"line":56,"column":6},"end":{"line":60,"column":8}},"20":{"start":{"line":62,"column":6},"end":{"line":62,"column":46}},"21":{"start":{"line":67,"column":0},"end":{"line":67,"column":37}}},"fnMap":{"0":{"name":"(anonymous_0)","decl":{"start":{"line":5,"column":2},"end":{"line":5,"column":3}},"loc":{"start":{"line":5,"column":41},"end":{"line":25,"column":3}},"line":5},"1":{"name":"(anonymous_1)","decl":{"start":{"line":27,"column":2},"end":{"line":27,"column":3}},"loc":{"start":{"line":27,"column":38},"end":{"line":38,"column":3}},"line":27},"2":{"name":"(anonymous_2)","decl":{"start":{"line":39,"column":2},"end":{"line":39,"column":3}},"loc":{"start":{"line":39,"column":33},"end":{"line":47,"column":3}},"line":39},"3":{"name":"(anonymous_3)","decl":{"start":{"line":49,"column":2},"end":{"line":49,"column":3}},"loc":{"start":{"line":49,"column":41},"end":{"line":64,"column":3}},"line":49}},"branchMap":{},"s":{"0":1,"1":1,"2":0,"3":0,"4":0,"5":0,"6":0,"7":0,"8":0,"9":0,"10":0,"11":0,"12":0,"13":0,"14":0,"15":0,"16":0,"17":0,"18":0,"19":0,"20":0,"21":1},"f":{"0":0,"1":0,"2":0,"3":0},"b":{},"_coverageSchema":"1a1c01bbd47fc00a2c39e90264f33305004495a9","hash":"7428d9a7ced2580b68876eb6c26db3995900b2f4"}
,"C:\\Users\\ACER\\BE-RSUD\\src\\controllers\\poli-controller.js": {"path":"C:\\Users\\ACER\\BE-RSUD\\src\\controllers\\poli-controller.js","statementMap":{"0":{"start":{"line":1,"column":23},"end":{"line":1,"column":60}},"1":{"start":{"line":2,"column":20},"end":{"line":2,"column":55}},"2":{"start":{"line":3,"column":20},"end":{"line":3,"column":55}},"3":{"start":{"line":6,"column":4},"end":{"line":13,"column":5}},"4":{"start":{"line":7,"column":28},"end":{"line":7,"column":36}},"5":{"start":{"line":9,"column":19},"end":{"line":9,"column":62}},"6":{"start":{"line":10,"column":6},"end":{"line":10,"column":76}},"7":{"start":{"line":12,"column":6},"end":{"line":12,"column":46}},"8":{"start":{"line":17,"column":4},"end":{"line":26,"column":5}},"9":{"start":{"line":18,"column":19},"end":{"line":18,"column":46}},"10":{"start":{"line":19,"column":6},"end":{"line":23,"column":8}},"11":{"start":{"line":25,"column":6},"end":{"line":25,"column":46}},"12":{"start":{"line":29,"column":4},"end":{"line":35,"column":5}},"13":{"start":{"line":30,"column":22},"end":{"line":30,"column":35}},"14":{"start":{"line":31,"column":19},"end":{"line":31,"column":61}},"15":{"start":{"line":32,"column":6},"end":{"line":32,"column":77}},"16":{"start":{"line":34,"column":6},"end":{"line":34,"column":46}},"17":{"start":{"line":38,"column":4},"end":{"line":48,"column":5}},"18":{"start":{"line":39,"column":26},"end":{"line":39,"column":36}},"19":{"start":{"line":40,"column":21},"end":{"line":40,"column":67}},"20":{"start":{"line":41,"column":6},"end":{"line":45,"column":8}},"21":{"start":{"line":47,"column":6},"end":{"line":47,"column":46}},"22":{"start":{"line":51,"column":4},"end":{"line":58,"column":5}},"23":{"start":{"line":52,"column":26},"end":{"line":52,"column":36}},"24":{"start":{"line":53,"column":28},"end":{"line":53,"column":36}},"25":{"start":{"line":54,"column":19},"end":{"line":54,"column":75}},"26":{"start":{"line":55,"column":6},"end":{"line":55,"column":78}},"27":{"start":{"line":57,"column":6},"end":{"line":57,"column":46}},"28":{"start":{"line":62,"column":0},"end":{"line":62,"column":32}}},"fnMap":{"0":{"name":"(anonymous_0)","decl":{"start":{"line":5,"column":2},"end":{"line":5,"column":3}},"loc":{"start":{"line":5,"column":36},"end":{"line":14,"column":3}},"line":5},"1":{"name":"(anonymous_1)","decl":{"start":{"line":16,"column":2},"end":{"line":16,"column":3}},"loc":{"start":{"line":16,"column":33},"end":{"line":27,"column":3}},"line":16},"2":{"name":"(anonymous_2)","decl":{"start":{"line":28,"column":2},"end":{"line":28,"column":3}},"loc":{"start":{"line":28,"column":37},"end":{"line":36,"column":3}},"line":28},"3":{"name":"(anonymous_3)","decl":{"start":{"line":37,"column":2},"end":{"line":37,"column":3}},"loc":{"start":{"line":37,"column":41},"end":{"line":49,"column":3}},"line":37},"4":{"name":"(anonymous_4)","decl":{"start":{"line":50,"column":2},"end":{"line":50,"column":3}},"loc":{"start":{"line":50,"column":36},"end":{"line":59,"column":3}},"line":50}},"branchMap":{},"s":{"0":1,"1":1,"2":1,"3":0,"4":0,"5":0,"6":0,"7":0,"8":0,"9":0,"10":0,"11":0,"12":0,"13":0,"14":0,"15":0,"16":0,"17":0,"18":0,"19":0,"20":0,"21":0,"22":0,"23":0,"24":0,"25":0,"26":0,"27":0,"28":1},"f":{"0":0,"1":0,"2":0,"3":0,"4":0},"b":{},"_coverageSchema":"1a1c01bbd47fc00a2c39e90264f33305004495a9","hash":"9b08a844001cc39cb5e8e5da77d40f9d66876430"}
,"C:\\Users\\ACER\\BE-RSUD\\src\\controllers\\profil-controller.js": {"path":"C:\\Users\\ACER\\BE-RSUD\\src\\controllers\\profil-controller.js","statementMap":{"0":{"start":{"line":1,"column":22},"end":{"line":1,"column":59}},"1":{"start":{"line":2,"column":23},"end":{"line":2,"column":60}},"2":{"start":{"line":6,"column":17},"end":{"line":6,"column":25}},"3":{"start":{"line":8,"column":4},"end":{"line":13,"column":5}},"4":{"start":{"line":9,"column":21},"end":{"line":9,"column":57}},"5":{"start":{"line":10,"column":6},"end":{"line":10,"column":77}},"6":{"start":{"line":12,"column":6},"end":{"line":12,"column":46}},"7":{"start":{"line":17,"column":4},"end":{"line":29,"column":5}},"8":{"start":{"line":18,"column":19},"end":{"line":18,"column":27}},"9":{"start":{"line":19,"column":37},"end":{"line":19,"column":45}},"10":{"start":{"line":20,"column":19},"end":{"line":25,"column":8}},"11":{"start":{"line":26,"column":6},"end":{"line":26,"column":73}},"12":{"start":{"line":28,"column":6},"end":{"line":28,"column":46}},"13":{"start":{"line":32,"column":17},"end":{"line":32,"column":25}},"14":{"start":{"line":33,"column":41},"end":{"line":33,"column":49}},"15":{"start":{"line":35,"column":4},"end":{"line":43,"column":5}},"16":{"start":{"line":36,"column":21},"end":{"line":39,"column":8}},"17":{"start":{"line":40,"column":6},"end":{"line":40,"column":77}},"18":{"start":{"line":42,"column":6},"end":{"line":42,"column":46}},"19":{"start":{"line":47,"column":22},"end":{"line":47,"column":30}},"20":{"start":{"line":49,"column":4},"end":{"line":58,"column":5}},"21":{"start":{"line":50,"column":21},"end":{"line":50,"column":66}},"22":{"start":{"line":51,"column":6},"end":{"line":55,"column":8}},"23":{"start":{"line":57,"column":6},"end":{"line":57,"column":46}},"24":{"start":{"line":62,"column":18},"end":{"line":62,"column":33}},"25":{"start":{"line":63,"column":39},"end":{"line":63,"column":47}},"26":{"start":{"line":65,"column":4},"end":{"line":73,"column":5}},"27":{"start":{"line":66,"column":21},"end":{"line":69,"column":8}},"28":{"start":{"line":70,"column":6},"end":{"line":70,"column":78}},"29":{"start":{"line":72,"column":6},"end":{"line":72,"column":46}},"30":{"start":{"line":77,"column":0},"end":{"line":77,"column":34}}},"fnMap":{"0":{"name":"(anonymous_0)","decl":{"start":{"line":5,"column":2},"end":{"line":5,"column":3}},"loc":{"start":{"line":5,"column":36},"end":{"line":14,"column":3}},"line":5},"1":{"name":"(anonymous_1)","decl":{"start":{"line":16,"column":2},"end":{"line":16,"column":3}},"loc":{"start":{"line":16,"column":38},"end":{"line":30,"column":3}},"line":16},"2":{"name":"(anonymous_2)","decl":{"start":{"line":31,"column":2},"end":{"line":31,"column":3}},"loc":{"start":{"line":31,"column":37},"end":{"line":44,"column":3}},"line":31},"3":{"name":"(anonymous_3)","decl":{"start":{"line":46,"column":2},"end":{"line":46,"column":3}},"loc":{"start":{"line":46,"column":40},"end":{"line":59,"column":3}},"line":46},"4":{"name":"(anonymous_4)","decl":{"start":{"line":61,"column":2},"end":{"line":61,"column":3}},"loc":{"start":{"line":61,"column":39},"end":{"line":74,"column":3}},"line":61}},"branchMap":{},"s":{"0":1,"1":1,"2":0,"3":0,"4":0,"5":0,"6":0,"7":0,"8":0,"9":0,"10":0,"11":0,"12":0,"13":0,"14":0,"15":0,"16":0,"17":0,"18":0,"19":0,"20":0,"21":0,"22":0,"23":0,"24":0,"25":0,"26":0,"27":0,"28":0,"29":0,"30":1},"f":{"0":0,"1":0,"2":0,"3":0,"4":0},"b":{},"_coverageSchema":"1a1c01bbd47fc00a2c39e90264f33305004495a9","hash":"e8cd2d37306bf1a0a71553adfeb41e462a8c1233"}
,"C:\\Users\\ACER\\BE-RSUD\\src\\cron\\cleanup-revoked-token-cron.js": {"path":"C:\\Users\\ACER\\BE-RSUD\\src\\cron\\cleanup-revoked-token-cron.js","statementMap":{},"fnMap":{},"branchMap":{},"s":{},"f":{},"b":{},"_coverageSchema":"1a1c01bbd47fc00a2c39e90264f33305004495a9","hash":"3c63f202407399a6a68026616b4b0c09b875828a"}
,"C:\\Users\\ACER\\BE-RSUD\\src\\cron\\delete-komentar-cron.js": {"path":"C:\\Users\\ACER\\BE-RSUD\\src\\cron\\delete-komentar-cron.js","statementMap":{},"fnMap":{},"branchMap":{},"s":{},"f":{},"b":{},"_coverageSchema":"1a1c01bbd47fc00a2c39e90264f33305004495a9","hash":"6105c76278cd5a6f3ddadb4b38df8676d70a763c"}
[...]
":30,"column":5}}],"line":17},"3":{"loc":{"start":{"line":19,"column":11},"end":{"line":30,"column":5}},"type":"if","locations":[{"start":{"line":19,"column":11},"end":{"line":30,"column":5}},{"start":{"line":21,"column":11},"end":{"line":30,"column":5}}],"line":19},"4":{"loc":{"start":{"line":21,"column":11},"end":{"line":30,"column":5}},"type":"if","locations":[{"start":{"line":21,"column":11},"end":{"line":30,"column":5}},{"start":{"line":23,"column":11},"end":{"line":30,"column":5}}],"line":21},"5":{"loc":{"start":{"line":46,"column":4},"end":{"line":48,"column":5}},"type":"if","locations":[{"start":{"line":46,"column":4},"end":{"line":48,"column":5}},{"start":{},"end":{}}],"line":46},"6":{"loc":{"start":{"line":52,"column":4},"end":{"line":54,"column":5}},"type":"if","locations":[{"start":{"line":52,"column":4},"end":{"line":54,"column":5}},{"start":{},"end":{}}],"line":52},"7":{"loc":{"start":{"line":60,"column":4},"end":{"line":62,"column":5}},"type":"if","locations":[{"start":{"line":60,"column":4},"end":{"line":62,"column":5}},{"start":{},"end":{}}],"line":60},"8":{"loc":{"start":{"line":68,"column":6},"end":{"line":70,"column":7}},"type":"if","locations":[{"start":{"line":68,"column":6},"end":{"line":70,"column":7}},{"start":{},"end":{}}],"line":68},"9":{"loc":{"start":{"line":75,"column":6},"end":{"line":77,"column":7}},"type":"if","locations":[{"start":{"line":75,"column":6},"end":{"line":77,"column":7}},{"start":{},"end":{}}],"line":75},"10":{"loc":{"start":{"line":85,"column":6},"end":{"line":89,"column":7}},"type":"if","locations":[{"start":{"line":85,"column":6},"end":{"line":89,"column":7}},{"start":{},"end":{}}],"line":85},"11":{"loc":{"start":{"line":96,"column":4},"end":{"line":98,"column":5}},"type":"if","locations":[{"start":{"line":96,"column":4},"end":{"line":98,"column":5}},{"start":{},"end":{}}],"line":96},"12":{"loc":{"start":{"line":96,"column":8},"end":{"line":96,"column":30}},"type":"binary-expr","locations":[{"start":{"line":96,"column":8},"end":{"line":96,"column":16}},{"start":{"line":96,"column":20},"end":{"line":96,"column":30}}],"line":96},"13":{"loc":{"start":{"line":102,"column":4},"end":{"line":104,"column":5}},"type":"if","locations":[{"start":{"line":102,"column":4},"end":{"line":104,"column":5}},{"start":{},"end":{}}],"line":102},"14":{"loc":{"start":{"line":108,"column":4},"end":{"line":121,"column":5}},"type":"if","locations":[{"start":{"line":108,"column":4},"end":{"line":121,"column":5}},{"start":{"line":110,"column":11},"end":{"line":121,"column":5}}],"line":108},"15":{"loc":{"start":{"line":110,"column":11},"end":{"line":121,"column":5}},"type":"if","locations":[{"start":{"line":110,"column":11},"end":{"line":121,"column":5}},{"start":{"line":112,"column":11},"end":{"line":121,"column":5}}],"line":110},"16":{"loc":{"start":{"line":112,"column":11},"end":{"line":121,"column":5}},"type":"if","locations":[{"start":{"line":112,"column":11},"end":{"line":121,"column":5}},{"start":{"line":114,"column":11},"end":{"line":121,"column":5}}],"line":112}},"s":{"0":1,"1":1,"2":0,"3":0,"4":0,"5":0,"6":0,"7":0,"8":0,"9":0,"10":0,"11":0,"12":0,"13":0,"14":0,"15":0,"16":0,"17":0,"18":0,"19":0,"20":0,"21":0,"22":0,"23":0,"24":0,"25":0,"26":0,"27":0,"28":0,"29":0,"30":0,"31":0,"32":0,"33":0,"34":0,"35":0,"36":0,"37":0,"38":0,"39":0,"40":0,"41":0,"42":0,"43":0,"44":0,"45":0,"46":0,"47":0,"48":0,"49":0,"50":0,"51":0,"52":0,"53":0,"54":1},"f":{"0":0,"1":0,"2":0,"3":0,"4":0,"5":0,"6":0},"b":{"0":[0,0],"1":[0,0],"2":[0,0],"3":[0,0],"4":[0,0],"5":[0,0],"6":[0,0],"7":[0,0],"8":[0,0],"9":[0,0],"10":[0,0],"11":[0,0],"12":[0,0],"13":[0,0],"14":[0,0],"15":[0,0],"16":[0,0]},"_coverageSchema":"1a1c01bbd47fc00a2c39e90264f33305004495a9","hash":"95b8361f8251661ee3b21eb90d54f339ef49ca04"}
,"C:\\Users\\ACER\\BE-RSUD\\src\\services\\profil-service.js": {"path":"C:\\Users\\ACER\\BE-RSUD\\src\\services\\profil-service.js","statementMap":{"0":{"start":{"line":1,"column":0},"end":{"line":1,"column":27}},"1":{"start":{"line":2,"column":15},"end":{"line":2,"column":48}},"2":{"start":{"line":3,"column":18},"end":{"line":3,"column":52}},"3":{"start":{"line":4,"column":12},"end":{"line":4,"column":35}},"4":{"start":{"line":5,"column":15},"end":{"line":5,"column":47}},"5":{"start":{"line":6,"column":15},"end":{"line":6,"column":31}},"6":{"start":{"line":11,"column":4},"end":{"line":11,"column":43}},"7":{"start":{"line":12,"column":15},"end":{"line":12,"column":32}},"8":{"start":{"line":17,"column":4},"end":{"line":17,"column":44}},"9":{"start":{"line":21,"column":4},"end":{"line":23,"column":5}},"10":{"start":{"line":22,"column":6},"end":{"line":22,"column":74}},"11":{"start":{"line":25,"column":22},"end":{"line":27,"column":6}},"12":{"start":{"line":29,"column":4},"end":{"line":31,"column":5}},"13":{"start":{"line":30,"column":6},"end":{"line":30,"column":55}},"14":{"start":{"line":33,"column":4},"end":{"line":37,"column":6}},"15":{"start":{"line":40,"column":4},"end":{"line":42,"column":5}},"16":{"start":{"line":41,"column":6},"end":{"line":41,"column":80}},"17":{"start":{"line":44,"column":25},"end":{"line":46,"column":6}},"18":{"start":{"line":48,"column":4},"end":{"line":50,"column":5}},"19":{"start":{"line":49,"column":6},"end":{"line":49,"column":54}},"20":{"start":{"line":52,"column":24},"end":{"line":59,"column":6}},"21":{"start":{"line":61,"column":4},"end":{"line":61,"column":23}},"22":{"start":{"line":65,"column":4},"end":{"line":69,"column":5}},"23":{"start":{"line":66,"column":6},"end":{"line":68,"column":8}},"24":{"start":{"line":71,"column":41},"end":{"line":71,"column":45}},"25":{"start":{"line":73,"column":4},"end":{"line":75,"column":5}},"26":{"start":{"line":74,"column":6},"end":{"line":74,"column":80}},"27":{"start":{"line":77,"column":4},"end":{"line":81,"column":5}},"28":{"start":{"line":78,"column":6},"end":{"line":78,"column":44}},"29":{"start":{"line":80,"column":6},"end":{"line":80,"column":45}},"30":{"start":{"line":83,"column":22},"end":{"line":86,"column":6}},"31":{"start":{"line":88,"column":28},"end":{"line":91,"column":5}},"32":{"start":{"line":92,"column":4},"end":{"line":94,"column":5}},"33":{"start":{"line":93,"column":6},"end":{"line":93,"column":62}},"34":{"start":{"line":96,"column":27},"end":{"line":96,"column":61}},"35":{"start":{"line":98,"column":4},"end":{"line":101,"column":7}},"36":{"start":{"line":103,"column":4},"end":{"line":103,"column":16}},"37":{"start":{"line":107,"column":22},"end":{"line":109,"column":6}},"38":{"start":{"line":111,"column":4},"end":{"line":113,"column":5}},"39":{"start":{"line":112,"column":6},"end":{"line":112,"column":55}},"40":{"start":{"line":115,"column":23},"end":{"line":117,"column":6}},"41":{"start":{"line":119,"column":4},"end":{"line":125,"column":7}},"42":{"start":{"line":126,"column":22},"end":{"line":126,"column":86}},"43":{"start":{"line":128,"column":4},"end":{"line":128,"column":52}},"44":{"start":{"line":130,"column":4},"end":{"line":132,"column":6}},"45":{"start":{"line":136,"column":4},"end":{"line":140,"column":5}},"46":{"start":{"line":137,"column":6},"end":{"line":139,"column":8}},"47":{"start":{"line":142,"column":4},"end":{"line":146,"column":5}},"48":{"start":{"line":143,"column":6},"end":{"line":145,"column":8}},"49":{"start":{"line":149,"column":4},"end":{"line":153,"column":5}},"50":{"start":{"line":150,"column":6},"end":{"line":150,"column":69}},"51":{"start":{"line":152,"column":6},"end":{"line":152,"column":78}},"52":{"start":{"line":155,"column":4},"end":{"line":159,"column":5}},"53":{"start":{"line":156,"column":6},"end":{"line":156,"column":41}},"54":{"start":{"line":158,"column":6},"end":{"line":158,"column":45}},"55":{"start":{"line":161,"column":27},"end":{"line":161,"column":58}},"56":{"start":{"line":163,"column":4},"end":{"line":170,"column":7}},"57":{"start":{"line":172,"column":4},"end":{"line":172,"column":49}},"58":{"start":{"line":174,"column":4},"end":{"line":174,"column":56}},"59":{"start":{"line":178,"column":0},"end":{"line":178,"column":31}}},"fnMap":{"0":{"name":"(anonymous_0)","decl":{"start":{"line":20,"column":2},"end":{"line":20,"column":3}},"loc":{"start":{"line":20,"column":32},"end":{"line":38,"column":3}},"line":20},"1":{"name":"(anonymous_1)","decl":{"start":{"line":39,"column":2},"end":{"line":39,"column":3}},"loc":{"start":{"line":39,"column":58},"end":{"line":62,"column":3}},"line":39},"2":{"name":"(anonymous_2)","decl":{"start":{"line":64,"column":2},"end":{"line":64,"column":3}},"loc":{"start":{"line":64,"column":39},"end":{"line":104,"column":3}},"line":64},"3":{"name":"(anonymous_3)","decl":{"start":{"line":106,"column":2},"end":{"line":106,"column":3}},"loc":{"start":{"line":106,"column":41},"end":{"line":133,"column":3}},"line":106},"4":{"name":"(anonymous_4)","decl":{"start":{"line":135,"column":2},"end":{"line":135,"column":3}},"loc":{"start":{"line":135,"column":64},"end":{"line":175,"column":3}},"line":135}},"branchMap":{"0":{"loc":{"start":{"line":21,"column":4},"end":{"line":23,"column":5}},"type":"if","locations":[{"start":{"line":21,"column":4},"end":{"line":23,"column":5}},{"start":{},"end":{}}],"line":21},"1":{"loc":{"start":{"line":21,"column":8},"end":{"line":21,"column":30}},"type":"binary-expr","locations":[{"start":{"line":21,"column":8},"end":{"line":21,"column":13}},{"start":{"line":21,"column":17},"end":{"line":21,"column":30}}],"line":21},"2":{"loc":{"start":{"line":29,"column":4},"end":{"line":31,"column":5}},"type":"if","locations":[{"start":{"line":29,"column":4},"end":{"line":31,"column":5}},{"start":{},"end":{}}],"line":29},"3":{"loc":{"start":{"line":40,"column":4},"end":{"line":42,"column":5}},"type":"if","locations":[{"start":{"line":40,"column":4},"end":{"line":42,"column":5}},{"start":{},"end":{}}],"line":40},"4":{"loc":{"start":{"line":40,"column":8},"end":{"line":40,"column":33}},"type":"binary-expr","locations":[{"start":{"line":40,"column":8},"end":{"line":40,"column":13}},{"start":{"line":40,"column":17},"end":{"line":40,"column":23}},{"start":{"line":40,"column":27},"end":{"line":40,"column":33}}],"line":40},"5":{"loc":{"start":{"line":48,"column":4},"end":{"line":50,"column":5}},"type":"if","locations":[{"start":{"line":48,"column":4},"end":{"line":50,"column":5}},{"start":{},"end":{}}],"line":48},"6":{"loc":{"start":{"line":65,"column":4},"end":{"line":69,"column":5}},"type":"if","locations":[{"start":{"line":65,"column":4},"end":{"line":69,"column":5}},{"start":{},"end":{}}],"line":65},"7":{"loc":{"start":{"line":65,"column":8},"end":{"line":65,"column":28}},"type":"binary-expr","locations":[{"start":{"line":65,"column":8},"end":{"line":65,"column":13}},{"start":{"line":65,"column":17},"end":{"line":65,"column":28}}],"line":65},"8":{"loc":{"start":{"line":73,"column":4},"end":{"line":75,"column":5}},"type":"if","locations":[{"start":{"line":73,"column":4},"end":{"line":75,"column":5}},{"start":{},"end":{}}],"line":73},"9":{"loc":{"start":{"line":73,"column":8},"end":{"line":73,"column":36}},"type":"binary-expr","locations":[{"start":{"line":73,"column":8},"end":{"line":73,"column":20}},{"start":{"line":73,"column":24},"end":{"line":73,"column":36}}],"line":73},"10":{"loc":{"start":{"line":92,"column":4},"end":{"line":94,"column":5}},"type":"if","locations":[{"start":{"line":92,"column":4},"end":{"line":94,"column":5}},{"start":{},"end":{}}],"line":92},"11":{"loc":{"start":{"line":111,"column":4},"end":{"line":113,"column":5}},"type":"if","locations":[{"start":{"line":111,"column":4},"end":{"line":113,"column":5}},{"start":{},"end":{}}],"line":111},"12":{"loc":{"start":{"line":136,"column":4},"end":{"line":140,"column":5}},"type":"if","locations":[{"start":{"line":136,"column":4},"end":{"line":140,"column":5}},{"start":{},"end":{}}],"line":136},"13":{"loc":{"start":{"line":136,"column":8},"end":{"line":136,"column":44}},"type":"binary-expr","locations":[{"start":{"line":136,"column":8},"end":{"line":136,"column":14}},{"start":{"line":136,"column":18},"end":{"line":136,"column":27}},{"start":{"line":136,"column":31},"end":{"line":136,"column":44}}],"line":136},"14":{"loc":{"start":{"line":142,"column":4},"end":{"line":146,"column":5}},"type":"if","locations":[{"start":{"line":142,"column":4},"end":{"line":146,"column":5}},{"start":{},"end":{}}],"line":142}},"s":{"0":1,"1":1,"2":1,"3":1,"4":1,"5":1,"6":1,"7":1,"8":1,"9":0,"10":0,"11":0,"12":0,"13":0,"14":0,"15":0,"16":0,"17":0,"18":0,"19":0,"20":0,"21":0,"22":0,"23":0,"24":0,"25":0,"26":0,"27":0,"28":0,"29":0,"30":0,"31":0,"32":0,"33":0,"34":0,"35":0,"36":0,"37":0,"38":0,"39":0,"40":0,"41":0,"42":0,"43":0,"44":0,"45":0,"46":0,"47":0,"48":0,"49":0,"50":0,"51":0,"52":0,"53":0,"54":0,"55":0,"56":0,"57":0,"58":0,"59":1},"f":{"0":0,"1":0,"2":0,"3":0,"4":0},"b":{"0":[0,0],"1":[0,0],"2":[0,0],"3":[0,0],"4":[0,0,0],"5":[0,0],"6":[0,0],"7":[0,0],"8":[0,0],"9":[0,0],"10":[0,0],"11":[0,0],"12":[0,0],"13":[0,0,0],"14":[0,0]},"_coverageSchema":"1a1c01bbd47fc00a2c39e90264f33305004495a9","hash":"e347bfebe9160e4c2d73b5829b108161da4da217"}
,"C:\\Users\\ACER\\BE-RSUD\\src\\utils\\error-handling-utils.js": {"path":"C:\\Users\\ACER\\BE-RSUD\\src\\utils\\error-handling-utils.js","statementMap":{"0":{"start":{"line":3,"column":4},"end":{"line":3,"column":19}},"1":{"start":{"line":4,"column":4},"end":{"line":4,"column":33}},"2":{"start":{"line":10,"column":4},"end":{"line":10,"column":24}},"3":{"start":{"line":16,"column":4},"end":{"line":16,"column":24}},"4":{"start":{"line":22,"column":4},"end":{"line":22,"column":24}},"5":{"start":{"line":28,"column":4},"end":{"line":28,"column":24}},"6":{"start":{"line":34,"column":0},"end":{"line":40,"column":2}}},"fnMap":{"0":{"name":"(anonymous_0)","decl":{"start":{"line":2,"column":2},"end":{"line":2,"column":3}},"loc":{"start":{"line":2,"column":35},"end":{"line":5,"column":3}},"line":2},"1":{"name":"(anonymous_1)","decl":{"start":{"line":9,"column":2},"end":{"line":9,"column":3}},"loc":{"start":{"line":9,"column":39},"end":{"line":11,"column":3}},"line":9},"2":{"name":"(anonymous_2)","decl":{"start":{"line":15,"column":2},"end":{"line":15,"column":3}},"loc":{"start":{"line":15,"column":40},"end":{"line":17,"column":3}},"line":15},"3":{"name":"(anonymous_3)","decl":{"start":{"line":21,"column":2},"end":{"line":21,"column":3}},"loc":{"start":{"line":21,"column":37},"end":{"line":23,"column":3}},"line":21},"4":{"name":"(anonymous_4)","decl":{"start":{"line":27,"column":2},"end":{"line":27,"column":3}},"loc":{"start":{"line":27,"column":37},"end":{"line":29,"column":3}},"line":27}},"branchMap":{"0":{"loc":{"start":{"line":9,"column":14},"end":{"line":9,"column":37}},"type":"default-arg","locations":[{"start":{"line":9,"column":24},"end":{"line":9,"column":37}}],"line":9},"1":{"loc":{"start":{"line":15,"column":14},"end":{"line":15,"column":38}},"type":"default-arg","locations":[{"start":{"line":15,"column":24},"end":{"line":15,"column":38}}],"line":15},"2":{"loc":{"start":{"line":21,"column":14},"end":{"line":21,"column":35}},"type":"default-arg","locations":[{"start":{"line":21,"column":24},"end":{"line":21,"column":35}}],"line":21},"3":{"loc":{"start":{"line":27,"column":14},"end":{"line":27,"column":35}},"type":"default-arg","locations":[{"start":{"line":27,"column":24},"end":{"line":27,"column":35}}],"line":27}},"s":{"0":1,"1":1,"2":1,"3":0,"4":0,"5":0,"6":1},"f":{"0":1,"1":1,"2":0,"3":0,"4":0},"b":{"0":[0],"1":[0],"2":[0],"3":[0]},"_coverageSchema":"1a1c01bbd47fc00a2c39e90264f33305004495a9","hash":"bec74d4776ad58559ca67027db2ff707943a1669"}
,"C:\\Users\\ACER\\BE-RSUD\\src\\utils\\jwt-sign-utils.js": {"path":"C:\\Users\\ACER\\BE-RSUD\\src\\utils\\jwt-sign-utils.js","statementMap":{"0":{"start":{"line":1,"column":12},"end":{"line":1,"column":35}},"1":{"start":{"line":2,"column":39},"end":{"line":2,"column":71}},"2":{"start":{"line":6,"column":20},"end":{"line":12,"column":5}},"3":{"start":{"line":14,"column":23},"end":{"line":14,"column":75}},"4":{"start":{"line":15,"column":4},"end":{"line":15,"column":22}},"5":{"start":{"line":18,"column":20},"end":{"line":20,"column":5}},"6":{"start":{"line":21,"column":24},"end":{"line":21,"column":77}},"7":{"start":{"line":22,"column":4},"end":{"line":22,"column":23}},"8":{"start":{"line":26,"column":0},"end":{"line":26,"column":27}}},"fnMap":{"0":{"name":"(anonymous_0)","decl":{"start":{"line":5,"column":2},"end":{"line":5,"column":3}},"loc":{"start":{"line":5,"column":29},"end":{"line":16,"column":3}},"line":5},"1":{"name":"(anonymous_1)","decl":{"start":{"line":17,"column":2},"end":{"line":17,"column":3}},"loc":{"start":{"line":17,"column":35},"end":{"line":23,"column":3}},"line":17}},"branchMap":{},"s":{"0":1,"1":1,"2":0,"3":0,"4":0,"5":0,"6":0,"7":0,"8":1},"f":{"0":0,"1":0},"b":{},"_coverageSchema":"1a1c01bbd47fc00a2c39e90264f33305004495a9","hash":"db1c06d4be91afd27d5cd35bf91cb782f6dbb263"}
,"C:\\Users\\ACER\\BE-RSUD\\src\\utils\\pagination-utils.js": {"path":"C:\\Users\\ACER\\BE-RSUD\\src\\utils\\pagination-utils.js","statementMap":{"0":{"start":{"line":3,"column":4},"end":{"line":3,"column":26}},"1":{"start":{"line":4,"column":4},"end":{"line":4,"column":34}},"2":{"start":{"line":6,"column":4},"end":{"line":6,"column":27}},"3":{"start":{"line":6,"column":18},"end":{"line":6,"column":27}},"4":{"start":{"line":7,"column":4},"end":{"line":7,"column":36}},"5":{"start":{"line":7,"column":22},"end":{"line":7,"column":36}},"6":{"start":{"line":9,"column":17},"end":{"line":9,"column":38}},"7":{"start":{"line":10,"column":17},"end":{"line":10,"column":25}},"8":{"start":{"line":12,"column":4},"end":{"line":12,"column":42}},"9":{"start":{"line":16,"column":0},"end":{"line":16,"column":28}}},"fnMap":{"0":{"name":"(anonymous_0)","decl":{"start":{"line":2,"column":2},"end":{"line":2,"column":3}},"loc":{"start":{"line":2,"column":43},"end":{"line":13,"column":3}},"line":2}},"branchMap":{"0":{"loc":{"start":{"line":2,"column":18},"end":{"line":2,"column":26}},"type":"default-arg","locations":[{"start":{"line":2,"column":25},"end":{"line":2,"column":26}}],"line":2},"1":{"loc":{"start":{"line":2,"column":28},"end":{"line":2,"column":41}},"type":"default-arg","locations":[{"start":{"line":2,"column":39},"end":{"line":2,"column":41}}],"line":2},"2":{"loc":{"start":{"line":6,"column":4},"end":{"line":6,"column":27}},"type":"if","locations":[{"start":{"line":6,"column":4},"end":{"line":6,"column":27}},{"start":{},"end":{}}],"line":6},"3":{"loc":{"start":{"line":7,"column":4},"end":{"line":7,"column":36}},"type":"if","locations":[{"start":{"line":7,"column":4},"end":{"line":7,"column":36}},{"start":{},"end":{}}],"line":7}},"s":{"0":0,"1":0,"2":0,"3":0,"4":0,"5":0,"6":0,"7":0,"8":0,"9":1},"f":{"0":0},"b":{"0":[0],"1":[0],"2":[0,0],"3":[0,0]},"_coverageSchema":"1a1c01bbd47fc00a2c39e90264f33305004495a9","hash":"c530ea6341ac532ae0ec2ce98304d857eafc3e3e"}
,"C:\\Users\\ACER\\BE-RSUD\\src\\utils\\password-validator-utils.js": {"path":"C:\\Users\\ACER\\BE-RSUD\\src\\utils\\password-validator-utils.js","statementMap":{"0":{"start":{"line":1,"column":14},"end":{"line":1,"column":53}},"1":{"start":{"line":3,"column":0},"end":{"line":7,"column":3}},"2":{"start":{"line":10,"column":17},"end":{"line":10,"column":37}},"3":{"start":{"line":11,"column":2},"end":{"line":14,"column":3}},"4":{"start":{"line":12,"column":20},"end":{"line":12,"column":43}},"5":{"start":{"line":13,"column":4},"end":{"line":13,"column":50}},"6":{"start":{"line":17,"column":0},"end":{"line":19,"column":2}}},"fnMap":{"0":{"name":"validatePasswordStrength","decl":{"start":{"line":9,"column":9},"end":{"line":9,"column":33}},"loc":{"start":{"line":9,"column":44},"end":{"line":15,"column":1}},"line":9}},"branchMap":{"0":{"loc":{"start":{"line":11,"column":2},"end":{"line":14,"column":3}},"type":"if","locations":[{"start":{"line":11,"column":2},"end":{"line":14,"column":3}},{"start":{},"end":{}}],"line":11}},"s":{"0":1,"1":1,"2":0,"3":0,"4":0,"5":0,"6":1},"f":{"0":0},"b":{"0":[0,0]},"_coverageSchema":"1a1c01bbd47fc00a2c39e90264f33305004495a9","hash":"37636cf85aadd06e19f8bfee460d015f0b56d11d"}
}
