{"C:\\Users\\ACER\\BE-RSUD\\app.js": {"path":"C:\\Users\\ACER\\BE-RSUD\\app.js","statementMap":{"0":{"start":{"line":1,"column":0},"end":{"line":1,"column":27}},"1":{"start":{"line":2,"column":13},"end":{"line":2,"column":28}},"2":{"start":{"line":3,"column":0},"end":{"line":3,"column":68}},"3":{"start":{"line":4,"column":18},"end":{"line":4,"column":53}},"4":{"start":{"line":5,"column":16},"end":{"line":5,"column":34}},"5":{"start":{"line":6,"column":21},"end":{"line":6,"column":45}},"6":{"start":{"line":7,"column":12},"end":{"line":7,"column":21}},"7":{"start":{"line":8,"column":0},"end":{"line":8,"column":41}},"8":{"start":{"line":9,"column":18},"end":{"line":9,"column":47}},"9":{"start":{"line":14,"column":4},"end":{"line":14,"column":47}},"10":{"start":{"line":15,"column":23},"end":{"line":15,"column":63}},"11":{"start":{"line":16,"column":13},"end":{"line":16,"column":28}},"12":{"start":{"line":17,"column":20},"end":{"line":17,"column":59}},"13":{"start":{"line":18,"column":22},"end":{"line":18,"column":48}},"14":{"start":{"line":19,"column":18},"end":{"line":19,"column":52}},"15":{"start":{"line":20,"column":19},"end":{"line":20,"column":54}},"16":{"start":{"line":21,"column":21},"end":{"line":21,"column":57}},"17":{"start":{"line":22,"column":20},"end":{"line":22,"column":56}},"18":{"start":{"line":23,"column":23},"end":{"line":23,"column":62}},"19":{"start":{"line":24,"column":18},"end":{"line":24,"column":52}},"20":{"start":{"line":25,"column":26},"end":{"line":25,"column":69}},"21":{"start":{"line":26,"column":19},"end":{"line":26,"column":54}},"22":{"start":{"line":27,"column":20},"end":{"line":27,"column":56}},"23":{"start":{"line":28,"column":20},"end":{"line":28,"column":56}},"24":{"start":{"line":29,"column":29},"end":{"line":29,"column":75}},"25":{"start":{"line":30,"column":22},"end":{"line":30,"column":60}},"26":{"start":{"line":31,"column":20},"end":{"line":31,"column":62}},"27":{"start":{"line":32,"column":22},"end":{"line":32,"column":60}},"28":{"start":{"line":33,"column":13},"end":{"line":33,"column":27}},"29":{"start":{"line":34,"column":17},"end":{"line":34,"column":36}},"30":{"start":{"line":35,"column":11},"end":{"line":35,"column":24}},"31":{"start":{"line":36,"column":0},"end":{"line":36,"column":31}},"32":{"start":{"line":37,"column":0},"end":{"line":37,"column":31}},"33":{"start":{"line":39,"column":0},"end":{"line":39,"column":24}},"34":{"start":{"line":40,"column":0},"end":{"line":40,"column":48}},"35":{"start":{"line":41,"column":0},"end":{"line":41,"column":24}},"36":{"start":{"line":44,"column":23},"end":{"line":50,"column":1}},"37":{"start":{"line":53,"column":0},"end":{"line":76,"column":3}},"38":{"start":{"line":54,"column":17},"end":{"line":54,"column":35}},"39":{"start":{"line":56,"column":2},"end":{"line":59,"column":3}},"40":{"start":{"line":57,"column":4},"end":{"line":57,"column":57}},"41":{"start":{"line":58,"column":4},"end":{"line":58,"column":62}},"42":{"start":{"line":61,"column":2},"end":{"line":64,"column":4}},"43":{"start":{"line":65,"column":2},"end":{"line":68,"column":4}},"44":{"start":{"line":71,"column":2},"end":{"line":73,"column":3}},"45":{"start":{"line":72,"column":4},"end":{"line":72,"column":31}},"46":{"start":{"line":75,"column":2},"end":{"line":75,"column":9}},"47":{"start":{"line":87,"column":0},"end":{"line":87,"column":74}},"48":{"start":{"line":88,"column":0},"end":{"line":88,"column":44}},"49":{"start":{"line":89,"column":0},"end":{"line":89,"column":47}},"50":{"start":{"line":90,"column":0},"end":{"line":90,"column":55}},"51":{"start":{"line":91,"column":0},"end":{"line":91,"column":39}},"52":{"start":{"line":94,"column":0},"end":{"line":94,"column":69}},"53":{"start":{"line":97,"column":0},"end":{"line":97,"column":73}},"54":{"start":{"line":99,"column":0},"end":{"line":99,"column":56}},"55":{"start":{"line":100,"column":0},"end":{"line":100,"column":35}},"56":{"start":{"line":101,"column":0},"end":{"line":101,"column":36}},"57":{"start":{"line":102,"column":0},"end":{"line":102,"column":33}},"58":{"start":{"line":103,"column":0},"end":{"line":103,"column":39}},"59":{"start":{"line":104,"column":0},"end":{"line":104,"column":45}},"60":{"start":{"line":105,"column":0},"end":{"line":105,"column":35}},"61":{"start":{"line":106,"column":0},"end":{"line":106,"column":52}},"62":{"start":{"line":107,"column":0},"end":{"line":107,"column":37}},"63":{"start":{"line":108,"column":0},"end":{"line":108,"column":39}},"64":{"start":{"line":109,"column":0},"end":{"line":109,"column":41}},"65":{"start":{"line":110,"column":0},"end":{"line":110,"column":39}},"66":{"start":{"line":111,"column":0},"end":{"line":111,"column":58}},"67":{"start":{"line":112,"column":0},"end":{"line":112,"column":45}},"68":{"start":{"line":113,"column":0},"end":{"line":113,"column":34}},"69":{"start":{"line":115,"column":0},"end":{"line":126,"column":3}},"70":{"start":{"line":116,"column":2},"end":{"line":116,"column":39}},"71":{"start":{"line":118,"column":21},"end":{"line":118,"column":42}},"72":{"start":{"line":119,"column":18},"end":{"line":119,"column":56}},"73":{"start":{"line":121,"column":2},"end":{"line":125,"column":5}},"74":{"start":{"line":128,"column":0},"end":{"line":130,"column":3}},"75":{"start":{"line":129,"column":2},"end":{"line":129,"column":35}},"76":{"start":{"line":135,"column":0},"end":{"line":135,"column":21}}},"fnMap":{"0":{"name":"(anonymous_0)","decl":{"start":{"line":53,"column":8},"end":{"line":53,"column":9}},"loc":{"start":{"line":53,"column":28},"end":{"line":76,"column":1}},"line":53},"1":{"name":"(anonymous_1)","decl":{"start":{"line":115,"column":8},"end":{"line":115,"column":9}},"loc":{"start":{"line":115,"column":33},"end":{"line":126,"column":1}},"line":115},"2":{"name":"(anonymous_2)","decl":{"start":{"line":128,"column":13},"end":{"line":128,"column":14}},"loc":{"start":{"line":128,"column":27},"end":{"line":130,"column":1}},"line":128}},"branchMap":{"0":{"loc":{"start":{"line":56,"column":2},"end":{"line":59,"column":3}},"type":"if","locations":[{"start":{"line":56,"column":2},"end":{"line":59,"column":3}},{"start":{},"end":{}}],"line":56},"1":{"loc":{"start":{"line":71,"column":2},"end":{"line":73,"column":3}},"type":"if","locations":[{"start":{"line":71,"column":2},"end":{"line":73,"column":3}},{"start":{},"end":{}}],"line":71},"2":{"loc":{"start":{"line":118,"column":21},"end":{"line":118,"column":42}},"type":"binary-expr","locations":[{"start":{"line":118,"column":21},"end":{"line":118,"column":35}},{"start":{"line":118,"column":39},"end":{"line":118,"column":42}}],"line":118},"3":{"loc":{"start":{"line":119,"column":18},"end":{"line":119,"column":56}},"type":"binary-expr","locations":[{"start":{"line":119,"column":18},"end":{"line":119,"column":29}},{"start":{"line":119,"column":33},"end":{"line":119,"column":56}}],"line":119}},"s":{"0":1,"1":1,"2":1,"3":1,"4":1,"5":1,"6":1,"7":1,"8":1,"9":1,"10":1,"11":1,"12":1,"13":1,"14":1,"15":1,"16":1,"17":1,"18":1,"19":1,"20":1,"21":1,"22":1,"23":1,"24":1,"25":1,"26":1,"27":1,"28":1,"29":1,"30":1,"31":1,"32":1,"33":1,"34":1,"35":1,"36":1,"37":1,"38":13,"39":13,"40":0,"41":0,"42":13,"43":13,"44":13,"45":0,"46":13,"47":1,"48":1,"49":1,"50":1,"51":1,"52":1,"53":1,"54":1,"55":1,"56":1,"57":1,"58":1,"59":1,"60":1,"61":1,"62":1,"63":1,"64":1,"65":1,"66":1,"67":1,"68":1,"69":1,"70":1,"71":1,"72":1,"73":1,"74":1,"75":0,"76":1},"f":{"0":13,"1":1,"2":0},"b":{"0":[0,13],"1":[0,13],"2":[1,1],"3":[1,0]},"_coverageSchema":"1a1c01bbd47fc00a2c39e90264f33305004495a9","hash":"552f96de0bc9b0a47e2833d50f173b278d51160f"}
,"C:\\Users\\ACER\\BE-RSUD\\src\\configs\\env-config.js": {"path":"C:\\Users\\ACER\\BE-RSUD\\src\\configs\\env-config.js","statementMap":{"0":{"start":{"line":1,"column":0},"end":{"line":1,"column":27}},"1":{"start":{"line":3,"column":0},"end":{"line":11,"column":2}}},"fnMap":{},"branchMap":{"0":{"loc":{"start":{"line":5,"column":8},"end":{"line":5,"column":32}},"type":"binary-expr","locations":[{"start":{"line":5,"column":8},"end":{"line":5,"column":24}},{"start":{"line":5,"column":28},"end":{"line":5,"column":32}}],"line":5}},"s":{"0":1,"1":1},"f":{},"b":{"0":[1,0]},"_coverageSchema":"1a1c01bbd47fc00a2c39e90264f33305004495a9","hash":"bc67a9e061725f6f5df1c58a0ceb1043120c6300"}
,"C:\\Users\\ACER\\BE-RSUD\\src\\configs\\passport-config.js": {"path":"C:\\Users\\ACER\\BE-RSUD\\src\\configs\\passport-config.js","statementMap":{"0":{"start":{"line":1,"column":23},"end":{"line":1,"column":66}},"1":{"start":{"line":2,"column":15},"end":{"line":2,"column":48}},"2":{"start":{"line":3,"column":17},"end":{"line":3,"column":36}},"3":{"start":{"line":5,"column":0},"end":{"line":38,"column":2}},"4":{"start":{"line":13,"column":6},"end":{"line":35,"column":7}},"5":{"start":{"line":14,"column":8},"end":{"line":14,"column":48}},"6":{"start":{"line":15,"column":22},"end":{"line":15,"column":45}},"7":{"start":{"line":16,"column":19},"end":{"line":18,"column":10}},"8":{"start":{"line":20,"column":8},"end":{"line":30,"column":9}},"9":{"start":{"line":21,"column":10},"end":{"line":29,"column":13}},"10":{"start":{"line":32,"column":8},"end":{"line":32,"column":32}},"11":{"start":{"line":34,"column":8},"end":{"line":34,"column":31}}},"fnMap":{"0":{"name":"(anonymous_0)","decl":{"start":{"line":12,"column":4},"end":{"line":12,"column":5}},"loc":{"start":{"line":12,"column":56},"end":{"line":36,"column":5}},"line":12}},"branchMap":{"0":{"loc":{"start":{"line":20,"column":8},"end":{"line":30,"column":9}},"type":"if","locations":[{"start":{"line":20,"column":8},"end":{"line":30,"column":9}},{"start":{},"end":{}}],"line":20}},"s":{"0":1,"1":1,"2":1,"3":1,"4":0,"5":0,"6":0,"7":0,"8":0,"9":0,"10":0,"11":0},"f":{"0":0},"b":{"0":[0,0]},"_coverageSchema":"1a1c01bbd47fc00a2c39e90264f33305004495a9","hash":"a3d5fe5bee86305d473ea4953b36eba4c8d7b3e2"}
,"C:\\Users\\ACER\\BE-RSUD\\src\\configs\\swagger-config.js": {"path":"C:\\Users\\ACER\\BE-RSUD\\src\\configs\\swagger-config.js","statementMap":{"0":{"start":{"line":1,"column":21},"end":{"line":1,"column":45}},"1":{"start":{"line":3,"column":23},"end":{"line":46,"column":1}},"2":{"start":{"line":48,"column":20},"end":{"line":48,"column":48}},"3":{"start":{"line":50,"column":0},"end":{"line":50,"column":29}}},"fnMap":{},"branchMap":{},"s":{"0":1,"1":1,"2":1,"3":1},"f":{},"b":{},"_coverageSchema":"1a1c01bbd47fc00a2c39e90264f33305004495a9","hash":"8b344c079304fd09982b76802e140c0a6b714a93"}
,"C:\\Users\\ACER\\BE-RSUD\\src\\controllers\\aduan-controller.js": {"path":"C:\\Users\\ACER\\BE-RSUD\\src\\controllers\\aduan-controller.js","statementMap":{"0":{"start":{"line":1,"column":21},"end":{"line":1,"column":57}},"1":{"start":{"line":2,"column":23},"end":{"line":2,"column":60}},"2":{"start":{"line":3,"column":14},"end":{"line":3,"column":30}},"3":{"start":{"line":7,"column":4},"end":{"line":44,"column":5}},"4":{"start":{"line":8,"column":21},"end":{"line":8,"column":53}},"5":{"start":{"line":10,"column":6},"end":{"line":10,"column":45}},"6":{"start":{"line":11,"column":6},"end":{"line":11,"column":41}},"7":{"start":{"line":12,"column":6},"end":{"line":12,"column":41}},"8":{"start":{"line":13,"column":56},"end":{"line":13,"column":64}},"9":{"start":{"line":14,"column":6},"end":{"line":18,"column":7}},"10":{"start":{"line":15,"column":8},"end":{"line":17,"column":64}},"11":{"start":{"line":19,"column":6},"end":{"line":19,"column":44}},"12":{"start":{"line":21,"column":32},"end":{"line":24,"column":8}},"13":{"start":{"line":26,"column":19},"end":{"line":26,"column":41}},"14":{"start":{"line":27,"column":6},"end":{"line":27,"column":45}},"15":{"start":{"line":29,"column":6},"end":{"line":31,"column":7}},"16":{"start":{"line":30,"column":8},"end":{"line":30,"column":79}},"17":{"start":{"line":33,"column":6},"end":{"line":38,"column":9}},"18":{"start":{"line":40,"column":23},"end":{"line":40,"column":79}},"19":{"start":{"line":41,"column":6},"end":{"line":41,"column":69}},"20":{"start":{"line":43,"column":6},"end":{"line":43,"column":39}},"21":{"start":{"line":48,"column":4},"end":{"line":55,"column":5}},"22":{"start":{"line":49,"column":19},"end":{"line":49,"column":48}},"23":{"start":{"line":50,"column":23},"end":{"line":50,"column":57}},"24":{"start":{"line":51,"column":19},"end":{"line":51,"column":69}},"25":{"start":{"line":52,"column":6},"end":{"line":52,"column":72}},"26":{"start":{"line":54,"column":6},"end":{"line":54,"column":39}},"27":{"start":{"line":59,"column":4},"end":{"line":64,"column":5}},"28":{"start":{"line":60,"column":19},"end":{"line":60,"column":58}},"29":{"start":{"line":61,"column":6},"end":{"line":61,"column":72}},"30":{"start":{"line":63,"column":6},"end":{"line":63,"column":39}},"31":{"start":{"line":67,"column":19},"end":{"line":67,"column":29}},"32":{"start":{"line":68,"column":4},"end":{"line":76,"column":5}},"33":{"start":{"line":69,"column":19},"end":{"line":69,"column":60}},"34":{"start":{"line":70,"column":22},"end":{"line":72,"column":41}},"35":{"start":{"line":73,"column":6},"end":{"line":73,"column":49}},"36":{"start":{"line":75,"column":6},"end":{"line":75,"column":39}},"37":{"start":{"line":80,"column":4},"end":{"line":86,"column":5}},"38":{"start":{"line":81,"column":21},"end":{"line":81,"column":31}},"39":{"start":{"line":82,"column":6},"end":{"line":82,"column":45}},"40":{"start":{"line":83,"column":6},"end":{"line":83,"column":67}},"41":{"start":{"line":85,"column":6},"end":{"line":85,"column":39}},"42":{"start":{"line":90,"column":4},"end":{"line":99,"column":5}},"43":{"start":{"line":91,"column":21},"end":{"line":91,"column":31}},"44":{"start":{"line":92,"column":26},"end":{"line":92,"column":34}},"45":{"start":{"line":93,"column":22},"end":{"line":93,"column":39}},"46":{"start":{"line":95,"column":19},"end":{"line":95,"column":70}},"47":{"start":{"line":96,"column":6},"end":{"line":96,"column":68}},"48":{"start":{"line":98,"column":6},"end":{"line":98,"column":39}},"49":{"start":{"line":103,"column":0},"end":{"line":103,"column":33}}},"fnMap":{"0":{"name":"(anonymous_0)","decl":{"start":{"line":6,"column":2},"end":{"line":6,"column":3}},"loc":{"start":{"line":6,"column":37},"end":{"line":45,"column":3}},"line":6},"1":{"name":"(anonymous_1)","decl":{"start":{"line":47,"column":2},"end":{"line":47,"column":3}},"loc":{"start":{"line":47,"column":37},"end":{"line":56,"column":3}},"line":47},"2":{"name":"(anonymous_2)","decl":{"start":{"line":58,"column":2},"end":{"line":58,"column":3}},"loc":{"start":{"line":58,"column":44},"end":{"line":65,"column":3}},"line":58},"3":{"name":"(anonymous_3)","decl":{"start":{"line":66,"column":2},"end":{"line":66,"column":3}},"loc":{"start":{"line":66,"column":40},"end":{"line":77,"column":3}},"line":66},"4":{"name":"(anonymous_4)","decl":{"start":{"line":79,"column":2},"end":{"line":79,"column":3}},"loc":{"start":{"line":79,"column":37},"end":{"line":87,"column":3}},"line":79},"5":{"name":"(anonymous_5)","decl":{"start":{"line":89,"column":2},"end":{"line":89,"column":3}},"loc":{"start":{"line":89,"column":36},"end":{"line":100,"column":3}},"line":89}},"branchMap":{"0":{"loc":{"start":{"line":14,"column":6},"end":{"line":18,"column":7}},"type":"if","locations":[{"start":{"line":14,"column":6},"end":{"line":18,"column":7}},{"start":{},"end":{}}],"line":14},"1":{"loc":{"start":{"line":29,"column":6},"end":{"line":31,"column":7}},"type":"if","locations":[{"start":{"line":29,"column":6},"end":{"line":31,"column":7}},{"start":{},"end":{}}],"line":29},"2":{"loc":{"start":{"line":49,"column":19},"end":{"line":49,"column":48}},"type":"binary-expr","locations":[{"start":{"line":49,"column":19},"end":{"line":49,"column":43}},{"start":{"line":49,"column":47},"end":{"line":49,"column":48}}],"line":49},"3":{"loc":{"start":{"line":50,"column":23},"end":{"line":50,"column":57}},"type":"binary-expr","locations":[{"start":{"line":50,"column":23},"end":{"line":50,"column":51}},{"start":{"line":50,"column":55},"end":{"line":50,"column":57}}],"line":50},"4":{"loc":{"start":{"line":70,"column":22},"end":{"line":72,"column":41}},"type":"cond-expr","locations":[{"start":{"line":71,"column":10},"end":{"line":71,"column":38}},{"start":{"line":72,"column":10},"end":{"line":72,"column":41}}],"line":70}},"s":{"0":1,"1":1,"2":1,"3":0,"4":0,"5":0,"6":0,"7":0,"8":0,"9":0,"10":0,"11":0,"12":0,"13":0,"14":0,"15":0,"16":0,"17":0,"18":0,"19":0,"20":0,"21":0,"22":0,"23":0,"24":0,"25":0,"26":0,"27":0,"28":0,"29":0,"30":0,"31":0,"32":0,"33":0,"34":0,"35":0,"36":0,"37":0,"38":0,"39":0,"40":0,"41":0,"42":0,"43":0,"44":0,"45":0,"46":0,"47":0,"48":0,"49":1},"f":{"0":0,"1":0,"2":0,"3":0,"4":0,"5":0},"b":{"0":[0,0],"1":[0,0],"2":[0,0],"3":[0,0],"4":[0,0]},"_coverageSchema":"1a1c01bbd47fc00a2c39e90264f33305004495a9","hash":"a5964ecc90a8e37fa17c816c7ec6ccd0afc7cf59"}
,"C:\\Users\\ACER\\BE-RSUD\\src\\controllers\\auth-controller.js": {"path":"C:\\Users\\ACER\\BE-RSUD\\src\\controllers\\auth-controller.js","statementMap":{"0":{"start":{"line":1,"column":23},"end":{"line":1,"column":60}},"1":{"start":{"line":2,"column":12},"end":{"line":2,"column":35}},"2":{"start":{"line":3,"column":15},"end":{"line":3,"column":48}},"3":{"start":{"line":4,"column":20},"end":{"line":4,"column":55}},"4":{"start":{"line":5,"column":15},"end":{"line":5,"column":42}},"5":{"start":{"line":10,"column":4},"end":{"line":10,"column":36}},"6":{"start":{"line":11,"column":30},"end":{"line":11,"column":70}},"7":{"start":{"line":12,"column":18},"end":{"line":12,"column":52}},"8":{"start":{"line":16,"column":4},"end":{"line":28,"column":5}},"9":{"start":{"line":17,"column":53},"end":{"line":17,"column":61}},"10":{"start":{"line":18,"column":21},"end":{"line":24,"column":8}},"11":{"start":{"line":25,"column":6},"end":{"line":25,"column":73}},"12":{"start":{"line":27,"column":6},"end":{"line":27,"column":46}},"13":{"start":{"line":32,"column":4},"end":{"line":53,"column":5}},"14":{"start":{"line":33,"column":34},"end":{"line":33,"column":42}},"15":{"start":{"line":34,"column":21},"end":{"line":34,"column":65}},"16":{"start":{"line":35,"column":6},"end":{"line":41,"column":9}},"17":{"start":{"line":43,"column":6},"end":{"line":49,"column":9}},"18":{"start":{"line":50,"column":6},"end":{"line":50,"column":66}},"19":{"start":{"line":52,"column":6},"end":{"line":52,"column":46}},"20":{"start":{"line":57,"column":4},"end":{"line":130,"column":5}},"21":{"start":{"line":58,"column":30},"end":{"line":58,"column":54}},"22":{"start":{"line":59,"column":6},"end":{"line":61,"column":7}},"23":{"start":{"line":60,"column":8},"end":{"line":60,"column":69}},"24":{"start":{"line":62,"column":22},"end":{"line":62,"column":64}},"25":{"start":{"line":63,"column":6},"end":{"line":63,"column":45}},"26":{"start":{"line":64,"column":21},"end":{"line":64,"column":36}},"27":{"start":{"line":65,"column":6},"end":{"line":69,"column":7}},"28":{"start":{"line":66,"column":8},"end":{"line":68,"column":10}},"29":{"start":{"line":71,"column":26},"end":{"line":73,"column":8}},"30":{"start":{"line":74,"column":6},"end":{"line":76,"column":7}},"31":{"start":{"line":75,"column":8},"end":{"line":75,"column":60}},"32":{"start":{"line":78,"column":22},"end":{"line":80,"column":8}},"33":{"start":{"line":82,"column":6},"end":{"line":86,"column":7}},"34":{"start":{"line":83,"column":8},"end":{"line":85,"column":10}},"35":{"start":{"line":88,"column":28},"end":{"line":88,"column":64}},"36":{"start":{"line":89,"column":30},"end":{"line":89,"column":72}},"37":{"start":{"line":92,"column":6},"end":{"line":103,"column":9}},"38":{"start":{"line":105,"column":6},"end":{"line":111,"column":9}},"39":{"start":{"line":113,"column":6},"end":{"line":119,"column":9}},"40":{"start":{"line":120,"column":6},"end":{"line":127,"column":8}},"41":{"start":{"line":129,"column":6},"end":{"line":129,"column":46}},"42":{"start":{"line":133,"column":4},"end":{"line":153,"column":5}},"43":{"start":{"line":134,"column":30},"end":{"line":134,"column":54}},"44":{"start":{"line":135,"column":6},"end":{"line":135,"column":57}},"45":{"start":{"line":136,"column":6},"end":{"line":138,"column":7}},"46":{"start":{"line":137,"column":8},"end":{"line":137,"column":69}},"47":{"start":{"line":140,"column":22},"end":{"line":140,"column":64}},"48":{"start":{"line":141,"column":21},"end":{"line":141,"column":36}},"49":{"start":{"line":143,"column":6},"end":{"line":145,"column":9}},"50":{"start":{"line":147,"column":6},"end":{"line":147,"column":51}},"51":{"start":{"line":148,"column":6},"end":{"line":148,"column":53}},"52":{"start":{"line":150,"column":6},"end":{"line":150,"column":66}},"53":{"start":{"line":152,"column":6},"end":{"line":152,"column":46}},"54":{"start":{"line":157,"column":0},"end":{"line":157,"column":32}}},"fnMap":{"0":{"name":"(anonymous_0)","decl":{"start":{"line":15,"column":2},"end":{"line":15,"column":3}},"loc":{"start":{"line":15,"column":34},"end":{"line":29,"column":3}},"line":15},"1":{"name":"(anonymous_1)","decl":{"start":{"line":31,"column":2},"end":{"line":31,"column":3}},"loc":{"start":{"line":31,"column":31},"end":{"line":54,"column":3}},"line":31},"2":{"name":"(anonymous_2)","decl":{"start":{"line":56,"column":2},"end":{"line":56,"column":3}},"loc":{"start":{"line":56,"column":37},"end":{"line":131,"column":3}},"line":56},"3":{"name":"(anonymous_3)","decl":{"start":{"line":132,"column":2},"end":{"line":132,"column":3}},"loc":{"start":{"line":132,"column":32},"end":{"line":154,"column":3}},"line":132}},"branchMap":{"0":{"loc":{"start":{"line":38,"column":18},"end":{"line":38,"column":47}},"type":"cond-expr","locations":[{"start":{"line":38,"column":33},"end":{"line":38,"column":39}},{"start":{"line":38,"column":42},"end":{"line":38,"column":47}}],"line":38},"1":{"loc":{"start":{"line":46,"column":18},"end":{"line":46,"column":47}},"type":"cond-expr","locations":[{"start":{"line":46,"column":33},"end":{"line":46,"column":39}},{"start":{"line":46,"column":42},"end":{"line":46,"column":47}}],"line":46},"2":{"loc":{"start":{"line":59,"column":6},"end":{"line":61,"column":7}},"type":"if","locations":[{"start":{"line":59,"column":6},"end":{"line":61,"column":7}},{"start":{},"end":{}}],"line":59},"3":{"loc":{"start":{"line":65,"column":6},"end":{"line":69,"column":7}},"type":"if","locations":[{"start":{"line":65,"column":6},"end":{"line":69,"column":7}},{"start":{},"end":{}}],"line":65},"4":{"loc":{"start":{"line":74,"column":6},"end":{"line":76,"column":7}},"type":"if","locations":[{"start":{"line":74,"column":6},"end":{"line":76,"column":7}},{"start":{},"end":{}}],"line":74},"5":{"loc":{"start":{"line":82,"column":6},"end":{"line":86,"column":7}},"type":"if","locations":[{"start":{"line":82,"column":6},"end":{"line":86,"column":7}},{"start":{},"end":{}}],"line":82},"6":{"loc":{"start":{"line":82,"column":10},"end":{"line":82,"column":55}},"type":"binary-expr","locations":[{"start":{"line":82,"column":10},"end":{"line":82,"column":18}},{"start":{"line":82,"column":22},"end":{"line":82,"column":55}}],"line":82},"7":{"loc":{"start":{"line":108,"column":18},"end":{"line":108,"column":47}},"type":"cond-expr","locations":[{"start":{"line":108,"column":33},"end":{"line":108,"column":39}},{"start":{"line":108,"column":42},"end":{"line":108,"column":47}}],"line":108},"8":{"loc":{"start":{"line":116,"column":18},"end":{"line":116,"column":47}},"type":"cond-expr","locations":[{"start":{"line":116,"column":33},"end":{"line":116,"column":39}},{"start":{"line":116,"column":42},"end":{"line":116,"column":47}}],"line":116},"9":{"loc":{"start":{"line":136,"column":6},"end":{"line":138,"column":7}},"type":"if","locations":[{"start":{"line":136,"column":6},"end":{"line":138,"column":7}},{"start":{},"end":{}}],"line":136}},"s":{"0":1,"1":1,"2":1,"3":1,"4":1,"5":1,"6":1,"7":1,"8":0,"9":0,"10":0,"11":0,"12":0,"13":0,"14":0,"15":0,"16":0,"17":0,"18":0,"19":0,"20":0,"21":0,"22":0,"23":0,"24":0,"25":0,"26":0,"27":0,"28":0,"29":0,"30":0,"31":0,"32":0,"33":0,"34":0,"35":0,"36":0,"37":0,"38":0,"39":0,"40":0,"41":0,"42":0,"43":0,"44":0,"45":0,"46":0,"47":0,"48":0,"49":0,"50":0,"51":0,"52":0,"53":0,"54":1},"f":{"0":0,"1":0,"2":0,"3":0},"b":{"0":[0,0],"1":[0,0],"2":[0,0],"3":[0,0],"4":[0,0],"5":[0,0],"6":[0,0],"7":[0,0],"8":[0,0],"9":[0,0]},"_coverageSchema":"1a1c01bbd47fc00a2c39e90264f33305004495a9","hash":"9a3cd510b86060a7270f30e02b314c9cc149e4e9"}
,"C:\\Users\\ACER\\BE-RSUD\\src\\controllers\\banner-controller.js": {"path":"C:\\Users\\ACER\\BE-RSUD\\src\\controllers\\banner-controller.js","statementMap":{"0":{"start":{"line":1,"column":23},"end":{"line":1,"column":60}},"1":{"start":{"line":2,"column":22},"end":{"line":2,"column":59}},"2":{"start":{"line":6,"column":4},"end":{"line":12,"column":5}},"3":{"start":{"line":7,"column":20},"end":{"line":7,"column":29}},"4":{"start":{"line":8,"column":21},"end":{"line":8,"column":64}},"5":{"start":{"line":9,"column":6},"end":{"line":9,"column":78}},"6":{"start":{"line":11,"column":6},"end":{"line":11,"column":39}},"7":{"start":{"line":15,"column":4},"end":{"line":24,"column":5}},"8":{"start":{"line":16,"column":21},"end":{"line":16,"column":52}},"9":{"start":{"line":17,"column":6},"end":{"line":21,"column":8}},"10":{"start":{"line":23,"column":6},"end":{"line":23,"column":39}},"11":{"start":{"line":27,"column":4},"end":{"line":33,"column":5}},"12":{"start":{"line":28,"column":22},"end":{"line":28,"column":30}},"13":{"start":{"line":29,"column":19},"end":{"line":29,"column":60}},"14":{"start":{"line":30,"column":6},"end":{"line":30,"column":61}},"15":{"start":{"line":32,"column":6},"end":{"line":32,"column":39}},"16":{"start":{"line":37,"column":0},"end":{"line":37,"column":34}}},"fnMap":{"0":{"name":"(anonymous_0)","decl":{"start":{"line":5,"column":2},"end":{"line":5,"column":3}},"loc":{"start":{"line":5,"column":38},"end":{"line":13,"column":3}},"line":5},"1":{"name":"(anonymous_1)","decl":{"start":{"line":14,"column":2},"end":{"line":14,"column":3}},"loc":{"start":{"line":14,"column":35},"end":{"line":25,"column":3}},"line":14},"2":{"name":"(anonymous_2)","decl":{"start":{"line":26,"column":2},"end":{"line":26,"column":3}},"loc":{"start":{"line":26,"column":38},"end":{"line":34,"column":3}},"line":26}},"branchMap":{},"s":{"0":1,"1":1,"2":0,"3":0,"4":0,"5":0,"6":0,"7":0,"8":0,"9":0,"10":0,"11":0,"12":0,"13":0,"14":0,"15":0,"16":1},"f":{"0":0,"1":0,"2":0},"b":{},"_coverageSchema":"1a1c01bbd47fc00a2c39e90264f33305004495a9","hash":"923b863a547d0a0feaa4d6e98588589940b6c7a7"}
,"C:\\Users\\ACER\\BE-RSUD\\src\\controllers\\berita-controller.js": {"path":"C:\\Users\\ACER\\BE-RSUD\\src\\controllers\\berita-controller.js","statementMap":{"0":{"start":{"line":1,"column":22},"end":{"line":1,"column":59}},"1":{"start":{"line":2,"column":23},"end":{"line":2,"column":60}},"2":{"start":{"line":5,"column":4},"end":{"line":18,"column":5}},"3":{"start":{"line":6,"column":56},"end":{"line":6,"column":64}},"4":{"start":{"line":7,"column":19},"end":{"line":7,"column":27}},"5":{"start":{"line":8,"column":21},"end":{"line":14,"column":8}},"6":{"start":{"line":15,"column":6},"end":{"line":15,"column":80}},"7":{"start":{"line":17,"column":6},"end":{"line":17,"column":46}},"8":{"start":{"line":22,"column":4},"end":{"line":29,"column":5}},"9":{"start":{"line":23,"column":19},"end":{"line":23,"column":48}},"10":{"start":{"line":24,"column":23},"end":{"line":24,"column":56}},"11":{"start":{"line":25,"column":21},"end":{"line":25,"column":66}},"12":{"start":{"line":26,"column":6},"end":{"line":26,"column":80}},"13":{"start":{"line":28,"column":6},"end":{"line":28,"column":46}},"14":{"start":{"line":33,"column":4},"end":{"line":43,"column":5}},"15":{"start":{"line":34,"column":23},"end":{"line":34,"column":33}},"16":{"start":{"line":35,"column":21},"end":{"line":35,"column":66}},"17":{"start":{"line":36,"column":6},"end":{"line":40,"column":8}},"18":{"start":{"line":42,"column":6},"end":{"line":42,"column":46}},"19":{"start":{"line":47,"column":4},"end":{"line":62,"column":5}},"20":{"start":{"line":48,"column":21},"end":{"line":48,"column":31}},"21":{"start":{"line":49,"column":56},"end":{"line":49,"column":64}},"22":{"start":{"line":50,"column":19},"end":{"line":50,"column":27}},"23":{"start":{"line":51,"column":21},"end":{"line":58,"column":8}},"24":{"start":{"line":59,"column":6},"end":{"line":59,"column":80}},"25":{"start":{"line":61,"column":6},"end":{"line":61,"column":46}},"26":{"start":{"line":66,"column":4},"end":{"line":73,"column":5}},"27":{"start":{"line":67,"column":21},"end":{"line":67,"column":31}},"28":{"start":{"line":69,"column":21},"end":{"line":69,"column":61}},"29":{"start":{"line":70,"column":6},"end":{"line":70,"column":74}},"30":{"start":{"line":72,"column":6},"end":{"line":72,"column":46}},"31":{"start":{"line":76,"column":4},"end":{"line":86,"column":5}},"32":{"start":{"line":77,"column":21},"end":{"line":77,"column":31}},"33":{"start":{"line":78,"column":25},"end":{"line":78,"column":70}},"34":{"start":{"line":79,"column":6},"end":{"line":83,"column":8}},"35":{"start":{"line":85,"column":6},"end":{"line":85,"column":46}},"36":{"start":{"line":89,"column":4},"end":{"line":96,"column":5}},"37":{"start":{"line":90,"column":21},"end":{"line":90,"column":31}},"38":{"start":{"line":91,"column":20},"end":{"line":91,"column":29}},"39":{"start":{"line":92,"column":21},"end":{"line":92,"column":68}},"40":{"start":{"line":93,"column":6},"end":{"line":93,"column":78}},"41":{"start":{"line":95,"column":6},"end":{"line":95,"column":46}},"42":{"start":{"line":100,"column":4},"end":{"line":113,"column":5}},"43":{"start":{"line":101,"column":23},"end":{"line":101,"column":36}},"44":{"start":{"line":102,"column":22},"end":{"line":102,"column":30}},"45":{"start":{"line":104,"column":27},"end":{"line":104,"column":78}},"46":{"start":{"line":106,"column":6},"end":{"line":110,"column":8}},"47":{"start":{"line":112,"column":6},"end":{"line":112,"column":46}},"48":{"start":{"line":117,"column":4},"end":{"line":129,"column":5}},"49":{"start":{"line":118,"column":19},"end":{"line":118,"column":48}},"50":{"start":{"line":119,"column":23},"end":{"line":119,"column":56}},"51":{"start":{"line":120,"column":26},"end":{"line":120,"column":35}},"52":{"start":{"line":121,"column":21},"end":{"line":125,"column":8}},"53":{"start":{"line":126,"column":6},"end":{"line":126,"column":80}},"54":{"start":{"line":128,"column":6},"end":{"line":128,"column":46}},"55":{"start":{"line":133,"column":0},"end":{"line":133,"column":24}}},"fnMap":{"0":{"name":"(anonymous_0)","decl":{"start":{"line":4,"column":2},"end":{"line":4,"column":3}},"loc":{"start":{"line":4,"column":38},"end":{"line":19,"column":3}},"line":4},"1":{"name":"(anonymous_1)","decl":{"start":{"line":21,"column":2},"end":{"line":21,"column":3}},"loc":{"start":{"line":21,"column":35},"end":{"line":30,"column":3}},"line":21},"2":{"name":"(anonymous_2)","decl":{"start":{"line":32,"column":2},"end":{"line":32,"column":3}},"loc":{"start":{"line":32,"column":41},"end":{"line":44,"column":3}},"line":32},"3":{"name":"(anonymous_3)","decl":{"start":{"line":46,"column":2},"end":{"line":46,"column":3}},"loc":{"start":{"line":46,"column":38},"end":{"line":63,"column":3}},"line":46},"4":{"name":"(anonymous_4)","decl":{"start":{"line":65,"column":2},"end":{"line":65,"column":3}},"loc":{"start":{"line":65,"column":38},"end":{"line":74,"column":3}},"line":65},"5":{"name":"(anonymous_5)","decl":{"start":{"line":75,"column":2},"end":{"line":75,"column":3}},"loc":{"start":{"line":75,"column":41},"end":{"line":87,"column":3}},"line":75},"6":{"name":"(anonymous_6)","decl":{"start":{"line":88,"column":2},"end":{"line":88,"column":3}},"loc":{"start":{"line":88,"column":38},"end":{"line":97,"column":3}},"line":88},"7":{"name":"(anonymous_7)","decl":{"start":{"line":99,"column":2},"end":{"line":99,"column":3}},"loc":{"start":{"line":99,"column":38},"end":{"line":114,"column":3}},"line":99},"8":{"name":"(anonymous_8)","decl":{"start":{"line":116,"column":2},"end":{"line":116,"column":3}},"loc":{"start":{"line":116,"column":38},"end":{"line":130,"column":3}},"line":116}},"branchMap":{"0":{"loc":{"start":{"line":23,"column":19},"end":{"line":23,"column":48}},"type":"binary-expr","locations":[{"start":{"line":23,"column":19},"end":{"line":23,"column":43}},{"start":{"line":23,"column":47},"end":{"line":23,"column":48}}],"line":23},"1":{"loc":{"start":{"line":24,"column":23},"end":{"line":24,"column":56}},"type":"binary-expr","locations":[{"start":{"line":24,"column":23},"end":{"line":24,"column":51}},{"start":{"line":24,"column":55},"end":{"line":24,"column":56}}],"line":24},"2":{"loc":{"start":{"line":118,"column":19},"end":{"line":118,"column":48}},"type":"binary-expr","locations":[{"start":{"line":118,"column":19},"end":{"line":118,"column":43}},{"start":{"line":118,"column":47},"end":{"line":118,"column":48}}],"line":118},"3":{"loc":{"start":{"line":119,"column":23},"end":{"line":119,"column":56}},"type":"binary-expr","locations":[{"start":{"line":119,"column":23},"end":{"line":119,"column":51}},{"start":{"line":119,"column":55},"end":{"line":119,"column":56}}],"line":119}},"s":{"0":1,"1":1,"2":0,"3":0,"4":0,"5":0,"6":0,"7":0,"8":3,"9":3,"10":3,"11":3,"12":3,"13":0,"14":1,"15":1,"16":1,"17":0,"18":1,"19":1,"20":1,"21":1,"22":1,"23":1,"24":0,"25":1,"26":1,"27":1,"28":1,"29":0,"30":1,"31":0,"32":0,"33":0,"34":0,"35":0,"36":0,"37":0,"38":0,"39":0,"40":0,"41":0,"42":0,"43":0,"44":0,"45":0,"46":0,"47":0,"48":2,"49":2,"50":2,"51":2,"52":2,"53":0,"54":2,"55":1},"f":{"0":0,"1":3,"2":1,"3":1,"4":1,"5":0,"6":0,"7":0,"8":2},"b":{"0":[3,0],"1":[3,0],"2":[2,0],"3":[2,0]},"_coverageSchema":"1a1c01bbd47fc00a2c39e90264f33305004495a9","hash":"c13643edaecafa01a42f152106c881f7c9274ccd"}
,"C:\\Users\\ACER\\BE-RSUD\\src\\controllers\\direktur-controller.js": {"path":"C:\\Users\\ACER\\BE-RSUD\\src\\controllers\\direktur-controller.js","statementMap":{"0":{"start":{"line":1,"column":13},"end":{"line":1,"column":28}},"1":{"start":{"line":2,"column":11},"end":{"line":2,"column":24}},"2":{"start":{"line":3,"column":17},"end":{"line":3,"column":54}},"3":{"start":{"line":4,"column":15},"end":{"line":4,"column":48}},"4":{"start":{"line":7,"column":4},"end":{"line":43,"column":5}},"5":{"start":{"line":8,"column":19},"end":{"line":8,"column":27}},"6":{"start":{"line":10,"column":21},"end":{"line":10,"column":25}},"7":{"start":{"line":12,"column":6},"end":{"line":32,"column":7}},"8":{"start":{"line":13,"column":22},"end":{"line":13,"column":38}},"9":{"start":{"line":14,"column":21},"end":{"line":14,"column":36}},"10":{"start":{"line":15,"column":19},"end":{"line":15,"column":32}},"11":{"start":{"line":17,"column":35},"end":{"line":17,"column":65}},"12":{"start":{"line":18,"column":29},"end":{"line":18,"column":57}},"13":{"start":{"line":19,"column":30},"end":{"line":19,"column":71}},"14":{"start":{"line":21,"column":8},"end":{"line":23,"column":9}},"15":{"start":{"line":22,"column":10},"end":{"line":22,"column":59}},"16":{"start":{"line":25,"column":33},"end":{"line":25,"column":74}},"17":{"start":{"line":27,"column":8},"end":{"line":27,"column":78}},"18":{"start":{"line":29,"column":8},"end":{"line":29,"column":33}},"19":{"start":{"line":31,"column":8},"end":{"line":31,"column":81}},"20":{"start":{"line":34,"column":19},"end":{"line":38,"column":8}},"21":{"start":{"line":40,"column":6},"end":{"line":40,"column":79}},"22":{"start":{"line":42,"column":6},"end":{"line":42,"column":40}},"23":{"start":{"line":47,"column":17},"end":{"line":47,"column":25}},"24":{"start":{"line":48,"column":28},"end":{"line":48,"column":38}},"25":{"start":{"line":51,"column":27},"end":{"line":51,"column":31}},"26":{"start":{"line":52,"column":29},"end":{"line":52,"column":33}},"27":{"start":{"line":54,"column":4},"end":{"line":127,"column":5}},"28":{"start":{"line":55,"column":23},"end":{"line":57,"column":8}},"29":{"start":{"line":59,"column":6},"end":{"line":61,"column":7}},"30":{"start":{"line":60,"column":8},"end":{"line":60,"column":57}},"31":{"start":{"line":63,"column":21},"end":{"line":63,"column":36}},"32":{"start":{"line":65,"column":6},"end":{"line":105,"column":7}},"33":{"start":{"line":66,"column":22},"end":{"line":66,"column":38}},"34":{"start":{"line":69,"column":8},"end":{"line":69,"column":39}},"35":{"start":{"line":72,"column":35},"end":{"line":72,"column":65}},"36":{"start":{"line":73,"column":29},"end":{"line":73,"column":57}},"37":{"start":{"line":75,"column":30},"end":{"line":75,"column":71}},"38":{"start":{"line":76,"column":8},"end":{"line":78,"column":9}},"39":{"start":{"line":77,"column":10},"end":{"line":77,"column":59}},"40":{"start":{"line":80,"column":8},"end":{"line":80,"column":69}},"41":{"start":{"line":83,"column":8},"end":{"line":83,"column":78}},"42":{"start":{"line":86,"column":8},"end":{"line":89,"column":9}},"43":{"start":{"line":87,"column":10},"end":{"line":87,"column":35}},"44":{"start":{"line":88,"column":10},"end":{"line":88,"column":36}},"45":{"start":{"line":90,"column":8},"end":{"line":92,"column":9}},"46":{"start":{"line":91,"column":10},"end":{"line":91,"column":66}},"47":{"start":{"line":95,"column":8},"end":{"line":101,"column":9}},"48":{"start":{"line":96,"column":30},"end":{"line":96,"column":60}},"49":{"start":{"line":97,"column":30},"end":{"line":97,"column":74}},"50":{"start":{"line":98,"column":10},"end":{"line":100,"column":11}},"51":{"start":{"line":99,"column":12},"end":{"line":99,"column":39}},"52":{"start":{"line":104,"column":8},"end":{"line":104,"column":81}},"53":{"start":{"line":107,"column":22},"end":{"line":110,"column":8}},"54":{"start":{"line":112,"column":6},"end":{"line":116,"column":8}},"55":{"start":{"line":119,"column":6},"end":{"line":121,"column":7}},"56":{"start":{"line":120,"column":8},"end":{"line":120,"column":42}},"57":{"start":{"line":122,"column":6},"end":{"line":124,"column":7}},"58":{"start":{"line":123,"column":8},"end":{"line":123,"column":40}},"59":{"start":{"line":126,"column":6},"end":{"line":126,"column":40}},"60":{"start":{"line":131,"column":4},"end":{"line":141,"column":5}},"61":{"start":{"line":132,"column":19},"end":{"line":132,"column":53}},"62":{"start":{"line":134,"column":6},"end":{"line":136,"column":7}},"63":{"start":{"line":135,"column":8},"end":{"line":135,"column":71}},"64":{"start":{"line":138,"column":6},"end":{"line":138,"column":75}},"65":{"start":{"line":140,"column":6},"end":{"line":140,"column":40}},"66":{"start":{"line":145,"column":0},"end":{"line":145,"column":36}}},"fnMap":{"0":{"name":"(anonymous_0)","decl":{"start":{"line":6,"column":2},"end":{"line":6,"column":3}},"loc":{"start":{"line":6,"column":40},"end":{"line":44,"column":3}},"line":6},"1":{"name":"(anonymous_1)","decl":{"start":{"line":46,"column":2},"end":{"line":46,"column":3}},"loc":{"start":{"line":46,"column":40},"end":{"line":128,"column":3}},"line":46},"2":{"name":"(anonymous_2)","decl":{"start":{"line":130,"column":2},"end":{"line":130,"column":3}},"loc":{"start":{"line":130,"column":37},"end":{"line":142,"column":3}},"line":130}},"branchMap":{"0":{"loc":{"start":{"line":12,"column":6},"end":{"line":32,"column":7}},"type":"if","locations":[{"start":{"line":12,"column":6},"end":{"line":32,"column":7}},{"start":{},"end":{}}],"line":12},"1":{"loc":{"start":{"line":21,"column":8},"end":{"line":23,"column":9}},"type":"if","locations":[{"start":{"line":21,"column":8},"end":{"line":23,"column":9}},{"start":{},"end":{}}],"line":21},"2":{"loc":{"start":{"line":59,"column":6},"end":{"line":61,"column":7}},"type":"if","locations":[{"start":{"line":59,"column":6},"end":{"line":61,"column":7}},{"start":{},"end":{}}],"line":59},"3":{"loc":{"start":{"line":65,"column":6},"end":{"line":105,"column":7}},"type":"if","locations":[{"start":{"line":65,"column":6},"end":{"line":105,"column":7}},{"start":{},"end":{}}],"line":65},"4":{"loc":{"start":{"line":76,"column":8},"end":{"line":78,"column":9}},"type":"if","locations":[{"start":{"line":76,"column":8},"end":{"line":78,"column":9}},{"start":{},"end":{}}],"line":76},"5":{"loc":{"start":{"line":86,"column":8},"end":{"line":89,"column":9}},"type":"if","locations":[{"start":{"line":86,"column":8},"end":{"line":89,"column":9}},{"start":{},"end":{}}],"line":86},"6":{"loc":{"start":{"line":90,"column":8},"end":{"line":92,"column":9}},"type":"if","locations":[{"start":{"line":90,"column":8},"end":{"line":92,"column":9}},{"start":{},"end":{}}],"line":90},"7":{"loc":{"start":{"line":90,"column":12},"end":{"line":90,"column":37}},"type":"binary-expr","locations":[{"start":{"line":90,"column":12},"end":{"line":90,"column":17}},{"start":{"line":90,"column":21},"end":{"line":90,"column":37}}],"line":90},"8":{"loc":{"start":{"line":95,"column":8},"end":{"line":101,"column":9}},"type":"if","locations":[{"start":{"line":95,"column":8},"end":{"line":101,"column":9}},{"start":{},"end":{}}],"line":95},"9":{"loc":{"start":{"line":98,"column":10},"end":{"line":100,"column":11}},"type":"if","locations":[{"start":{"line":98,"column":10},"end":{"line":100,"column":11}},{"start":{},"end":{}}],"line":98},"10":{"loc":{"start":{"line":119,"column":6},"end":{"line":121,"column":7}},"type":"if","locations":[{"start":{"line":119,"column":6},"end":{"line":121,"column":7}},{"start":{},"end":{}}],"line":119},"11":{"loc":{"start":{"line":119,"column":10},"end":{"line":119,"column":65}},"type":"binary-expr","locations":[{"start":{"line":119,"column":10},"end":{"line":119,"column":28}},{"start":{"line":119,"column":32},"end":{"line":119,"column":65}}],"line":119},"12":{"loc":{"start":{"line":122,"column":6},"end":{"line":124,"column":7}},"type":"if","locations":[{"start":{"line":122,"column":6},"end":{"line":124,"column":7}},{"start":{},"end":{}}],"line":122},"13":{"loc":{"start":{"line":122,"column":10},"end":{"line":122,"column":61}},"type":"binary-expr","locations":[{"start":{"line":122,"column":10},"end":{"line":122,"column":26}},{"start":{"line":122,"column":30},"end":{"line":122,"column":61}}],"line":122},"14":{"loc":{"start":{"line":134,"column":6},"end":{"line":136,"column":7}},"type":"if","locations":[{"start":{"line":134,"column":6},"end":{"line":136,"column":7}},{"start":{},"end":{}}],"line":134}},"s":{"0":1,"1":1,"2":1,"3":1,"4":0,"5":0,"6":0,"7":0,"8":0,"9":0,"10":0,"11":0,"12":0,"13":0,"14":0,"15":0,"16":0,"17":0,"18":0,"19":0,"20":0,"21":0,"22":0,"23":0,"24":0,"25":0,"26":0,"27":0,"28":0,"29":0,"30":0,"31":0,"32":0,"33":0,"34":0,"35":0,"36":0,"37":0,"38":0,"39":0,"40":0,"41":0,"42":0,"43":0,"44":0,"45":0,"46":0,"47":0,"48":0,"49":0,"50":0,"51":0,"52":0,"53":0,"54":0,"55":0,"56":0,"57":0,"58":0,"59":0,"60":0,"61":0,"62":0,"63":0,"64":0,"65":0,"66":1},"f":{"0":0,"1":0,"2":0},"b":{"0":[0,0],"1":[0,0],"2":[0,0],"3":[0,0],"4":[0,0],"5":[0,0],"6":[0,0],"7":[0,0],"8":[0,0],"9":[0,0],"10":[0,0],"11":[0,0],"12":[0,0],"13":[0,0],"14":[0,0]},"_coverageSchema":"1a1c01bbd47fc00a2c39e90264f33305004495a9","hash":"8224f24cf93ad9dc67bbb94dadf2b935161903a6"}
,"C:\\Users\\ACER\\BE-RSUD\\src\\controllers\\dokter-controller.js": {"path":"C:\\Users\\ACER\\BE-RSUD\\src\\controllers\\dokter-controller.js","statementMap":{"0":{"start":{"line":1,"column":23},"end":{"line":1,"column":60}},"1":{"start":{"line":2,"column":22},"end":{"line":2,"column":59}},"2":{"start":{"line":6,"column":4},"end":{"line":29,"column":5}},"3":{"start":{"line":14,"column":10},"end":{"line":14,"column":18}},"4":{"start":{"line":15,"column":19},"end":{"line":15,"column":27}},"5":{"start":{"line":16,"column":21},"end":{"line":24,"column":8}},"6":{"start":{"line":26,"column":6},"end":{"line":26,"column":80}},"7":{"start":{"line":28,"column":6},"end":{"line":28,"column":46}},"8":{"start":{"line":32,"column":4},"end":{"line":44,"column":5}},"9":{"start":{"line":33,"column":19},"end":{"line":33,"column":48}},"10":{"start":{"line":34,"column":23},"end":{"line":34,"column":57}},"11":{"start":{"line":35,"column":26},"end":{"line":35,"column":35}},"12":{"start":{"line":36,"column":21},"end":{"line":40,"column":8}},"13":{"start":{"line":41,"column":6},"end":{"line":41,"column":80}},"14":{"start":{"line":43,"column":6},"end":{"line":43,"column":46}},"15":{"start":{"line":47,"column":4},"end":{"line":58,"column":5}},"16":{"start":{"line":48,"column":19},"end":{"line":48,"column":48}},"17":{"start":{"line":49,"column":23},"end":{"line":49,"column":57}},"18":{"start":{"line":50,"column":21},"end":{"line":50,"column":66}},"19":{"start":{"line":51,"column":6},"end":{"line":55,"column":8}},"20":{"start":{"line":57,"column":6},"end":{"line":57,"column":46}},"21":{"start":{"line":61,"column":4},"end":{"line":71,"column":5}},"22":{"start":{"line":62,"column":23},"end":{"line":62,"column":33}},"23":{"start":{"line":63,"column":21},"end":{"line":63,"column":62}},"24":{"start":{"line":64,"column":6},"end":{"line":68,"column":8}},"25":{"start":{"line":70,"column":6},"end":{"line":70,"column":46}},"26":{"start":{"line":74,"column":4},"end":{"line":103,"column":5}},"27":{"start":{"line":75,"column":28},"end":{"line":75,"column":38}},"28":{"start":{"line":83,"column":10},"end":{"line":83,"column":18}},"29":{"start":{"line":84,"column":19},"end":{"line":84,"column":27}},"30":{"start":{"line":86,"column":28},"end":{"line":95,"column":8}},"31":{"start":{"line":96,"column":6},"end":{"line":100,"column":8}},"32":{"start":{"line":102,"column":6},"end":{"line":102,"column":46}},"33":{"start":{"line":107,"column":4},"end":{"line":113,"column":5}},"34":{"start":{"line":108,"column":28},"end":{"line":108,"column":38}},"35":{"start":{"line":109,"column":6},"end":{"line":109,"column":54}},"36":{"start":{"line":110,"column":6},"end":{"line":110,"column":79}},"37":{"start":{"line":112,"column":6},"end":{"line":112,"column":46}},"38":{"start":{"line":117,"column":0},"end":{"line":117,"column":34}}},"fnMap":{"0":{"name":"(anonymous_0)","decl":{"start":{"line":5,"column":2},"end":{"line":5,"column":3}},"loc":{"start":{"line":5,"column":38},"end":{"line":30,"column":3}},"line":5},"1":{"name":"(anonymous_1)","decl":{"start":{"line":31,"column":2},"end":{"line":31,"column":3}},"loc":{"start":{"line":31,"column":38},"end":{"line":45,"column":3}},"line":31},"2":{"name":"(anonymous_2)","decl":{"start":{"line":46,"column":2},"end":{"line":46,"column":3}},"loc":{"start":{"line":46,"column":35},"end":{"line":59,"column":3}},"line":46},"3":{"name":"(anonymous_3)","decl":{"start":{"line":60,"column":2},"end":{"line":60,"column":3}},"loc":{"start":{"line":60,"column":41},"end":{"line":72,"column":3}},"line":60},"4":{"name":"(anonymous_4)","decl":{"start":{"line":73,"column":2},"end":{"line":73,"column":3}},"loc":{"start":{"line":73,"column":38},"end":{"line":104,"column":3}},"line":73},"5":{"name":"(anonymous_5)","decl":{"start":{"line":106,"column":2},"end":{"line":106,"column":3}},"loc":{"start":{"line":106,"column":38},"end":{"line":114,"column":3}},"line":106}},"branchMap":{"0":{"loc":{"start":{"line":33,"column":19},"end":{"line":33,"column":48}},"type":"binary-expr","locations":[{"start":{"line":33,"column":19},"end":{"line":33,"column":43}},{"start":{"line":33,"column":47},"end":{"line":33,"column":48}}],"line":33},"1":{"loc":{"start":{"line":34,"column":23},"end":{"line":34,"column":57}},"type":"binary-expr","locations":[{"start":{"line":34,"column":23},"end":{"line":34,"column":51}},{"start":{"line":34,"column":55},"end":{"line":34,"column":57}}],"line":34},"2":{"loc":{"start":{"line":48,"column":19},"end":{"line":48,"column":48}},"type":"binary-expr","locations":[{"start":{"line":48,"column":19},"end":{"line":48,"column":43}},{"start":{"line":48,"column":47},"end":{"line":48,"column":48}}],"line":48},"3":{"loc":{"start":{"line":49,"column":23},"end":{"line":49,"column":57}},"type":"binary-expr","locations":[{"start":{"line":49,"column":23},"end":{"line":49,"column":51}},{"start":{"line":49,"column":55},"end":{"line":49,"column":57}}],"line":49}},"s":{"0":1,"1":1,"2":0,"3":0,"4":0,"5":0,"6":0,"7":0,"8":0,"9":0,"10":0,"11":0,"12":0,"13":0,"14":0,"15":0,"16":0,"17":0,"18":0,"19":0,"20":0,"21":0,"22":0,"23":0,"24":0,"25":0,"26":0,"27":0,"28":0,"29":0,"30":0,"31":0,"32":0,"33":0,"34":0,"35":0,"36":0,"37":0,"38":1},"f":{"0":0,"1":0,"2":0,"3":0,"4":0,"5":0},"b":{"0":[0,0],"1":[0,0],"2":[0,0],"3":[0,0]},"_coverageSchema":"1a1c01bbd47fc00a2c39e90264f33305004495a9","hash":"4458cd33548d48fde35c0899e6d6344f29630cc6"}
,"C:\\Users\\ACER\\BE-RSUD\\src\\controllers\\jadwal-dokter-controller.js": {"path":"C:\\Users\\ACER\\BE-RSUD\\src\\controllers\\jadwal-dokter-controller.js","statementMap":{"0":{"start":{"line":1,"column":28},"end":{"line":1,"column":72}},"1":{"start":{"line":2,"column":23},"end":{"line":2,"column":60}},"2":{"start":{"line":6,"column":4},"end":{"line":20,"column":5}},"3":{"start":{"line":7,"column":41},"end":{"line":7,"column":49}},"4":{"start":{"line":8,"column":21},"end":{"line":11,"column":8}},"5":{"start":{"line":12,"column":6},"end":{"line":17,"column":8}},"6":{"start":{"line":19,"column":6},"end":{"line":19,"column":46}},"7":{"start":{"line":24,"column":4},"end":{"line":46,"column":5}},"8":{"start":{"line":25,"column":35},"end":{"line":25,"column":44}},"9":{"start":{"line":26,"column":19},"end":{"line":26,"column":48}},"10":{"start":{"line":27,"column":23},"end":{"line":27,"column":57}},"11":{"start":{"line":29,"column":21},"end":{"line":34,"column":8}},"12":{"start":{"line":36,"column":28},"end":{"line":38,"column":8}},"13":{"start":{"line":39,"column":6},"end":{"line":43,"column":8}},"14":{"start":{"line":45,"column":6},"end":{"line":45,"column":46}},"15":{"start":{"line":50,"column":4},"end":{"line":68,"column":5}},"16":{"start":{"line":51,"column":39},"end":{"line":51,"column":48}},"17":{"start":{"line":52,"column":26},"end":{"line":52,"column":45}},"18":{"start":{"line":53,"column":30},"end":{"line":53,"column":54}},"19":{"start":{"line":55,"column":21},"end":{"line":59,"column":8}},"20":{"start":{"line":61,"column":6},"end":{"line":65,"column":8}},"21":{"start":{"line":67,"column":6},"end":{"line":67,"column":46}},"22":{"start":{"line":72,"column":4},"end":{"line":83,"column":5}},"23":{"start":{"line":73,"column":19},"end":{"line":73,"column":48}},"24":{"start":{"line":74,"column":23},"end":{"line":74,"column":57}},"25":{"start":{"line":75,"column":19},"end":{"line":75,"column":79}},"26":{"start":{"line":76,"column":6},"end":{"line":80,"column":8}},"27":{"start":{"line":82,"column":6},"end":{"line":82,"column":46}},"28":{"start":{"line":86,"column":4},"end":{"line":97,"column":5}},"29":{"start":{"line":87,"column":28},"end":{"line":87,"column":38}},"30":{"start":{"line":88,"column":21},"end":{"line":88,"column":71}},"31":{"start":{"line":90,"column":6},"end":{"line":94,"column":8}},"32":{"start":{"line":96,"column":6},"end":{"line":96,"column":46}},"33":{"start":{"line":101,"column":4},"end":{"line":113,"column":5}},"34":{"start":{"line":102,"column":28},"end":{"line":102,"column":38}},"35":{"start":{"line":103,"column":30},"end":{"line":103,"column":38}},"36":{"start":{"line":105,"column":21},"end":{"line":108,"column":7}},"37":{"start":{"line":110,"column":6},"end":{"line":110,"column":80}},"38":{"start":{"line":112,"column":6},"end":{"line":112,"column":46}},"39":{"start":{"line":117,"column":4},"end":{"line":129,"column":5}},"40":{"start":{"line":118,"column":28},"end":{"line":118,"column":38}},"41":{"start":{"line":119,"column":21},"end":{"line":121,"column":8}},"42":{"start":{"line":122,"column":6},"end":{"line":126,"column":8}},"43":{"start":{"line":128,"column":6},"end":{"line":128,"column":46}},"44":{"start":{"line":133,"column":0},"end":{"line":133,"column":40}}},"fnMap":{"0":{"name":"(anonymous_0)","decl":{"start":{"line":5,"column":2},"end":{"line":5,"column":3}},"loc":{"start":{"line":5,"column":44},"end":{"line":21,"column":3}},"line":5},"1":{"name":"(anonymous_1)","decl":{"start":{"line":23,"column":2},"end":{"line":23,"column":3}},"loc":{"start":{"line":23,"column":44},"end":{"line":47,"column":3}},"line":23},"2":{"name":"(anonymous_2)","decl":{"start":{"line":49,"column":2},"end":{"line":49,"column":3}},"loc":{"start":{"line":49,"column":50},"end":{"line":69,"column":3}},"line":49},"3":{"name":"(anonymous_3)","decl":{"start":{"line":71,"column":2},"end":{"line":71,"column":3}},"loc":{"start":{"line":71,"column":44},"end":{"line":84,"column":3}},"line":71},"4":{"name":"(anonymous_4)","decl":{"start":{"line":85,"column":2},"end":{"line":85,"column":3}},"loc":{"start":{"line":85,"column":45},"end":{"line":98,"column":3}},"line":85},"5":{"name":"(anonymous_5)","decl":{"start":{"line":100,"column":2},"end":{"line":100,"column":3}},"loc":{"start":{"line":100,"column":44},"end":{"line":114,"column":3}},"line":100},"6":{"name":"(anonymous_6)","decl":{"start":{"line":116,"column":2},"end":{"line":116,"column":3}},"loc":{"start":{"line":116,"column":54},"end":{"line":130,"column":3}},"line":116}},"branchMap":{"0":{"loc":{"start":{"line":26,"column":19},"end":{"line":26,"column":48}},"type":"binary-expr","locations":[{"start":{"line":26,"column":19},"end":{"line":26,"column":43}},{"start":{"line":26,"column":47},"end":{"line":26,"column":48}}],"line":26},"1":{"loc":{"start":{"line":27,"column":23},"end":{"line":27,"column":57}},"type":"binary-expr","locations":[{"start":{"line":27,"column":23},"end":{"line":27,"column":51}},{"start":{"line":27,"column":55},"end":{"line":27,"column":57}}],"line":27},"2":{"loc":{"start":{"line":52,"column":26},"end":{"line":52,"column":45}},"type":"binary-expr","locations":[{"start":{"line":52,"column":26},"end":{"line":52,"column":40}},{"start":{"line":52,"column":44},"end":{"line":52,"column":45}}],"line":52},"3":{"loc":{"start":{"line":53,"column":30},"end":{"line":53,"column":54}},"type":"binary-expr","locations":[{"start":{"line":53,"column":30},"end":{"line":53,"column":48}},{"start":{"line":53,"column":52},"end":{"line":53,"column":54}}],"line":53},"4":{"loc":{"start":{"line":73,"column":19},"end":{"line":73,"column":48}},"type":"binary-expr","locations":[{"start":{"line":73,"column":19},"end":{"line":73,"column":43}},{"start":{"line":73,"column":47},"end":{"line":73,"column":48}}],"line":73},"5":{"loc":{"start":{"line":74,"column":23},"end":{"line":74,"column":57}},"type":"binary-expr","locations":[{"start":{"line":74,"column":23},"end":{"line":74,"column":51}},{"start":{"line":74,"column":55},"end":{"line":74,"column":57}}],"line":74}},"s":{"0":1,"1":1,"2":0,"3":0,"4":0,"5":0,"6":0,"7":0,"8":0,"9":0,"10":0,"11":0,"12":0,"13":0,"14":0,"15":0,"16":0,"17":0,"18":0,"19":0,"20":0,"21":0,"22":0,"23":0,"24":0,"25":0,"26":0,"27":0,"28":0,"29":0,"30":0,"31":0,"32":0,"33":0,"34":0,"35":0,"36":0,"37":0,"38":0,"39":0,"40":0,"41":0,"42":0,"43":0,"44":1},"f":{"0":0,"1":0,"2":0,"3":0,"4":0,"5":0,"6":0},"b":{"0":[0,0],"1":[0,0],"2":[0,0],"3":[0,0],"4":[0,0],"5":[0,0]},"_coverageSchema":"1a1c01bbd47fc00a2c39e90264f33305004495a9","hash":"9dc512a6b73d4d49219792e4b2456d7bae7d7996"}
,"C:\\Users\\ACER\\BE-RSUD\\src\\controllers\\komentar-controller.js": {"path":"C:\\Users\\ACER\\BE-RSUD\\src\\controllers\\komentar-controller.js","statementMap":{"0":{"start":{"line":1,"column":17},"end":{"line":1,"column":54}},"1":{"start":{"line":2,"column":24},"end":{"line":2,"column":63}},"2":{"start":{"line":3,"column":14},"end":{"line":3,"column":30}},"3":{"start":{"line":7,"column":4},"end":{"line":71,"column":5}},"4":{"start":{"line":8,"column":21},"end":{"line":8,"column":53}},"5":{"start":{"line":10,"column":6},"end":{"line":10,"column":45}},"6":{"start":{"line":11,"column":6},"end":{"line":11,"column":41}},"7":{"start":{"line":12,"column":6},"end":{"line":12,"column":41}},"8":{"start":{"line":14,"column":28},"end":{"line":14,"column":38}},"9":{"start":{"line":20,"column":10},"end":{"line":20,"column":18}},"10":{"start":{"line":22,"column":19},"end":{"line":22,"column":35}},"11":{"start":{"line":24,"column":19},"end":{"line":24,"column":50}},"12":{"start":{"line":25,"column":20},"end":{"line":25,"column":52}},"13":{"start":{"line":27,"column":6},"end":{"line":31,"column":7}},"14":{"start":{"line":28,"column":8},"end":{"line":30,"column":64}},"15":{"start":{"line":33,"column":6},"end":{"line":33,"column":44}},"16":{"start":{"line":35,"column":32},"end":{"line":38,"column":8}},"17":{"start":{"line":40,"column":19},"end":{"line":40,"column":41}},"18":{"start":{"line":41,"column":6},"end":{"line":41,"column":45}},"19":{"start":{"line":43,"column":6},"end":{"line":45,"column":7}},"20":{"start":{"line":44,"column":8},"end":{"line":44,"column":79}},"21":{"start":{"line":47,"column":6},"end":{"line":53,"column":9}},"22":{"start":{"line":55,"column":23},"end":{"line":61,"column":8}},"23":{"start":{"line":63,"column":6},"end":{"line":63,"column":75}},"24":{"start":{"line":65,"column":6},"end":{"line":69,"column":9}},"25":{"start":{"line":70,"column":6},"end":{"line":70,"column":40}},"26":{"start":{"line":75,"column":4},"end":{"line":85,"column":5}},"27":{"start":{"line":76,"column":28},"end":{"line":76,"column":38}},"28":{"start":{"line":77,"column":27},"end":{"line":77,"column":76}},"29":{"start":{"line":78,"column":6},"end":{"line":82,"column":8}},"30":{"start":{"line":84,"column":6},"end":{"line":84,"column":40}},"31":{"start":{"line":88,"column":4},"end":{"line":100,"column":5}},"32":{"start":{"line":89,"column":28},"end":{"line":89,"column":38}},"33":{"start":{"line":90,"column":27},"end":{"line":92,"column":8}},"34":{"start":{"line":93,"column":6},"end":{"line":97,"column":8}},"35":{"start":{"line":99,"column":6},"end":{"line":99,"column":40}},"36":{"start":{"line":103,"column":4},"end":{"line":112,"column":5}},"37":{"start":{"line":104,"column":30},"end":{"line":104,"column":40}},"38":{"start":{"line":105,"column":19},"end":{"line":105,"column":75}},"39":{"start":{"line":106,"column":22},"end":{"line":108,"column":44}},"40":{"start":{"line":109,"column":6},"end":{"line":109,"column":44}},"41":{"start":{"line":111,"column":6},"end":{"line":111,"column":40}},"42":{"start":{"line":115,"column":4},"end":{"line":147,"column":5}},"43":{"start":{"line":116,"column":41},"end":{"line":116,"column":51}},"44":{"start":{"line":117,"column":66},"end":{"line":117,"column":74}},"45":{"start":{"line":118,"column":19},"end":{"line":118,"column":27}},"46":{"start":{"line":120,"column":6},"end":{"line":124,"column":9}},"47":{"start":{"line":126,"column":17},"end":{"line":126,"column":26}},"48":{"start":{"line":127,"column":18},"end":{"line":127,"column":27}},"49":{"start":{"line":130,"column":6},"end":{"line":133,"column":7}},"50":{"start":{"line":131,"column":8},"end":{"line":131,"column":33}},"51":{"start":{"line":132,"column":8},"end":{"line":132,"column":36}},"52":{"start":{"line":135,"column":19},"end":{"line":142,"column":8}},"53":{"start":{"line":144,"column":6},"end":{"line":144,"column":72}},"54":{"start":{"line":146,"column":6},"end":{"line":146,"column":40}},"55":{"start":{"line":151,"column":0},"end":{"line":151,"column":36}}},"fnMap":{"0":{"name":"(anonymous_0)","decl":{"start":{"line":6,"column":2},"end":{"line":6,"column":3}},"loc":{"start":{"line":6,"column":37},"end":{"line":72,"column":3}},"line":6},"1":{"name":"(anonymous_1)","decl":{"start":{"line":74,"column":2},"end":{"line":74,"column":3}},"loc":{"start":{"line":74,"column":38},"end":{"line":86,"column":3}},"line":74},"2":{"name":"(anonymous_2)","decl":{"start":{"line":87,"column":2},"end":{"line":87,"column":3}},"loc":{"start":{"line":87,"column":45},"end":{"line":101,"column":3}},"line":87},"3":{"name":"(anonymous_3)","decl":{"start":{"line":102,"column":2},"end":{"line":102,"column":3}},"loc":{"start":{"line":102,"column":43},"end":{"line":113,"column":3}},"line":102},"4":{"name":"(anonymous_4)","decl":{"start":{"line":114,"column":2},"end":{"line":114,"column":3}},"loc":{"start":{"line":114,"column":40},"end":{"line":148,"column":3}},"line":114}},"branchMap":{"0":{"loc":{"start":{"line":22,"column":19},"end":{"line":22,"column":35}},"type":"binary-expr","locations":[{"start":{"line":22,"column":19},"end":{"line":22,"column":27}},{"start":{"line":22,"column":31},"end":{"line":22,"column":35}}],"line":22},"1":{"loc":{"start":{"line":24,"column":19},"end":{"line":24,"column":50}},"type":"binary-expr","locations":[{"start":{"line":24,"column":19},"end":{"line":24,"column":28}},{"start":{"line":24,"column":32},"end":{"line":24,"column":42}},{"start":{"line":24,"column":46},"end":{"line":24,"column":50}}],"line":24},"2":{"loc":{"start":{"line":25,"column":20},"end":{"line":25,"column":52}},"type":"binary-expr","locations":[{"start":{"line":25,"column":20},"end":{"line":25,"column":29}},{"start":{"line":25,"column":33},"end":{"line":25,"column":44}},{"start":{"line":25,"column":48},"end":{"line":25,"column":52}}],"line":25},"3":{"loc":{"start":{"line":27,"column":6},"end":{"line":31,"column":7}},"type":"if","locations":[{"start":{"line":27,"column":6},"end":{"line":31,"column":7}},{"start":{},"end":{}}],"line":27},"4":{"loc":{"start":{"line":43,"column":6},"end":{"line":45,"column":7}},"type":"if","locations":[{"start":{"line":43,"column":6},"end":{"line":45,"column":7}},{"start":{},"end":{}}],"line":43},"5":{"loc":{"start":{"line":68,"column":12},"end":{"line":68,"column":63}},"type":"binary-expr","locations":[{"start":{"line":68,"column":12},"end":{"line":68,"column":26}},{"start":{"line":68,"column":30},"end":{"line":68,"column":63}}],"line":68},"6":{"loc":{"start":{"line":106,"column":22},"end":{"line":108,"column":44}},"type":"cond-expr","locations":[{"start":{"line":107,"column":10},"end":{"line":107,"column":42}},{"start":{"line":108,"column":10},"end":{"line":108,"column":44}}],"line":106},"7":{"loc":{"start":{"line":130,"column":6},"end":{"line":133,"column":7}},"type":"if","locations":[{"start":{"line":130,"column":6},"end":{"line":133,"column":7}},{"start":{},"end":{}}],"line":130},"8":{"loc":{"start":{"line":130,"column":10},"end":{"line":130,"column":35}},"type":"binary-expr","locations":[{"start":{"line":130,"column":10},"end":{"line":130,"column":14}},{"start":{"line":130,"column":19},"end":{"line":130,"column":24}},{"start":{"line":130,"column":28},"end":{"line":130,"column":34}}],"line":130},"9":{"loc":{"start":{"line":131,"column":15},"end":{"line":131,"column":32}},"type":"binary-expr","locations":[{"start":{"line":131,"column":15},"end":{"line":131,"column":19}},{"start":{"line":131,"column":23},"end":{"line":131,"column":32}}],"line":131},"10":{"loc":{"start":{"line":132,"column":16},"end":{"line":132,"column":35}},"type":"binary-expr","locations":[{"start":{"line":132,"column":16},"end":{"line":132,"column":21}},{"start":{"line":132,"column":25},"end":{"line":132,"column":35}}],"line":132}},"s":{"0":1,"1":1,"2":1,"3":0,"4":0,"5":0,"6":0,"7":0,"8":0,"9":0,"10":0,"11":0,"12":0,"13":0,"14":0,"15":0,"16":0,"17":0,"18":0,"19":0,"20":0,"21":0,"22":0,"23":0,"24":0,"25":0,"26":0,"27":0,"28":0,"29":0,"30":0,"31":0,"32":0,"33":0,"34":0,"35":0,"36":0,"37":0,"38":0,"39":0,"40":0,"41":0,"42":0,"43":0,"44":0,"45":0,"46":0,"47":0,"48":0,"49":0,"50":0,"51":0,"52":0,"53":0,"54":0,"55":1},"f":{"0":0,"1":0,"2":0,"3":0,"4":0},"b":{"0":[0,0],"1":[0,0,0],"2":[0,0,0],"3":[0,0],"4":[0,0],"5":[0,0],"6":[0,0],"7":[0,0],"8":[0,0,0],"9":[0,0],"10":[0,0]},"_coverageSchema":"1a1c01bbd47fc00a2c39e90264f33305004495a9","hash":"a7c90612c3122b9b3c87cd62bf574c3438997e42"}
,"C:\\Users\\ACER\\BE-RSUD\\src\\controllers\\layanan-unggulan-controller.js": {"path":"C:\\Users\\ACER\\BE-RSUD\\src\\controllers\\layanan-unggulan-controller.js","statementMap":{"0":{"start":{"line":1,"column":11},"end":{"line":1,"column":24}},"1":{"start":{"line":2,"column":13},"end":{"line":2,"column":28}},"2":{"start":{"line":3,"column":14},"end":{"line":3,"column":30}},"3":{"start":{"line":4,"column":23},"end":{"line":4,"column":60}},"4":{"start":{"line":5,"column":15},"end":{"line":5,"column":48}},"5":{"start":{"line":9,"column":4},"end":{"line":9,"column":44}},"6":{"start":{"line":12,"column":19},"end":{"line":12,"column":29}},"7":{"start":{"line":13,"column":64},"end":{"line":13,"column":72}},"8":{"start":{"line":14,"column":18},"end":{"line":14,"column":27}},"9":{"start":{"line":15,"column":25},"end":{"line":15,"column":27}},"10":{"start":{"line":17,"column":4},"end":{"line":174,"column":5}},"11":{"start":{"line":19,"column":6},"end":{"line":21,"column":7}},"12":{"start":{"line":20,"column":8},"end":{"line":20,"column":69}},"13":{"start":{"line":23,"column":22},"end":{"line":26,"column":8}},"14":{"start":{"line":28,"column":6},"end":{"line":30,"column":7}},"15":{"start":{"line":29,"column":8},"end":{"line":29,"column":59}},"16":{"start":{"line":32,"column":34},"end":{"line":32,"column":63}},"17":{"start":{"line":33,"column":29},"end":{"line":33,"column":47}},"18":{"start":{"line":34,"column":26},"end":{"line":34,"column":62}},"19":{"start":{"line":36,"column":6},"end":{"line":40,"column":7}},"20":{"start":{"line":37,"column":8},"end":{"line":39,"column":10}},"21":{"start":{"line":43,"column":33},"end":{"line":43,"column":35}},"22":{"start":{"line":44,"column":6},"end":{"line":48,"column":7}},"23":{"start":{"line":45,"column":8},"end":{"line":45,"column":58}},"24":{"start":{"line":47,"column":8},"end":{"line":47,"column":71}},"25":{"start":{"line":50,"column":26},"end":{"line":50,"column":67}},"26":{"start":{"line":50,"column":60},"end":{"line":50,"column":66}},"27":{"start":{"line":51,"column":39},"end":{"line":51,"column":74}},"28":{"start":{"line":53,"column":6},"end":{"line":57,"column":7}},"29":{"start":{"line":54,"column":8},"end":{"line":56,"column":10}},"30":{"start":{"line":60,"column":33},"end":{"line":60,"column":35}},"31":{"start":{"line":61,"column":6},"end":{"line":67,"column":7}},"32":{"start":{"line":62,"column":8},"end":{"line":66,"column":9}},"33":{"start":{"line":63,"column":10},"end":{"line":63,"column":59}},"34":{"start":{"line":65,"column":10},"end":{"line":65,"column":72}},"35":{"start":{"line":70,"column":27},"end":{"line":70,"column":29}},"36":{"start":{"line":72,"column":6},"end":{"line":107,"column":7}},"37":{"start":{"line":73,"column":30},"end":{"line":73,"column":75}},"38":{"start":{"line":74,"column":8},"end":{"line":76,"column":9}},"39":{"start":{"line":75,"column":10},"end":{"line":75,"column":59}},"40":{"start":{"line":78,"column":31},"end":{"line":104,"column":10}},"41":{"start":{"line":79,"column":37},"end":{"line":79,"column":67}},"42":{"start":{"line":80,"column":31},"end":{"line":80,"column":59}},"43":{"start":{"line":81,"column":35},"end":{"line":81,"column":76}},"44":{"start":{"line":83,"column":10},"end":{"line":103,"column":11}},"45":{"start":{"line":85,"column":12},"end":{"line":87,"column":40}},"46":{"start":{"line":89,"column":12},"end":{"line":89,"column":48}},"47":{"start":{"line":92,"column":12},"end":{"line":92,"column":67}},"48":{"start":{"line":92,"column":42},"end":{"line":92,"column":67}},"49":{"start":{"line":94,"column":29},"end":{"line":94,"column":90}},"50":{"start":{"line":95,"column":12},"end":{"line":98,"column":14}},"51":{"start":{"line":101,"column":12},"end":{"line":101,"column":67}},"52":{"start":{"line":101,"column":42},"end":{"line":101,"column":67}},"53":{"start":{"line":102,"column":12},"end":{"line":102,"column":76}},"54":{"start":{"line":106,"column":8},"end":{"line":106,"column":59}},"55":{"start":{"line":110,"column":6},"end":{"line":159,"column":9}},"56":{"start":{"line":111,"column":8},"end":{"line":114,"column":11}},"57":{"start":{"line":116,"column":31},"end":{"line":121,"column":10}},"58":{"start":{"line":123,"column":8},"end":{"line":128,"column":11}},"59":{"start":{"line":131,"column":8},"end":{"line":137,"column":11}},"60":{"start":{"line":132,"column":27},"end":{"line":132,"column":55}},"61":{"start":{"line":133,"column":27},"end":{"line":133,"column":68}},"62":{"start":{"line":134,"column":10},"end":{"line":136,"column":11}},"63":{"start":{"line":135,"column":12},"end":{"line":135,"column":36}},"64":{"start":{"line":140,"column":31},"end":{"line":145,"column":9}},"65":{"start":{"line":141,"column":10},"end":{"line":144,"column":12}},"66":{"start":{"line":146,"column":8},"end":{"line":146,"column":42}},"67":{"start":{"line":149,"column":8},"end":{"line":158,"column":9}},"68":{"start":{"line":150,"column":10},"end":{"line":157,"column":13}},"69":{"start":{"line":151,"column":54},"end":{"line":156,"column":13}},"70":{"start":{"line":162,"column":6},"end":{"line":162,"column":71}},"71":{"start":{"line":165,"column":6},"end":{"line":171,"column":8}},"72":{"start":{"line":165,"column":46},"end":{"line":165,"column":52}},"73":{"start":{"line":167,"column":10},"end":{"line":169,"column":11}},"74":{"start":{"line":168,"column":12},"end":{"line":168,"column":36}},"75":{"start":{"line":173,"column":6},"end":{"line":173,"column":39}},"76":{"start":{"line":178,"column":4},"end":{"line":210,"column":5}},"77":{"start":{"line":179,"column":34},"end":{"line":183,"column":8}},"78":{"start":{"line":185,"column":32},"end":{"line":196,"column":9}},"79":{"start":{"line":185,"column":70},"end":{"line":196,"column":7}},"80":{"start":{"line":189,"column":66},"end":{"line":195,"column":9}},"81":{"start":{"line":199,"column":8},"end":{"line":201,"column":29}},"82":{"start":{"line":203,"column":6},"end":{"line":207,"column":8}},"83":{"start":{"line":209,"column":6},"end":{"line":209,"column":39}},"84":{"start":{"line":214,"column":0},"end":{"line":214,"column":43}}},"fnMap":{"0":{"name":"(anonymous_0)","decl":{"start":{"line":11,"column":2},"end":{"line":11,"column":3}},"loc":{"start":{"line":11,"column":47},"end":{"line":175,"column":3}},"line":11},"1":{"name":"(anonymous_1)","decl":{"start":{"line":50,"column":51},"end":{"line":50,"column":52}},"loc":{"start":{"line":50,"column":60},"end":{"line":50,"column":66}},"line":50},"2":{"name":"(anonymous_2)","decl":{"start":{"line":78,"column":41},"end":{"line":78,"column":42}},"loc":{"start":{"line":78,"column":64},"end":{"line":104,"column":9}},"line":78},"3":{"name":"(anonymous_3)","decl":{"start":{"line":110,"column":32},"end":{"line":110,"column":33}},"loc":{"start":{"line":110,"column":46},"end":{"line":159,"column":7}},"line":110},"4":{"name":"(anonymous_4)","decl":{"start":{"line":131,"column":31},"end":{"line":131,"column":32}},"loc":{"start":{"line":131,"column":43},"end":{"line":137,"column":9}},"line":131},"5":{"name":"(anonymous_5)","decl":{"start":{"line":140,"column":56},"end":{"line":140,"column":57}},"loc":{"start":{"line":141,"column":10},"end":{"line":144,"column":12}},"line":141},"6":{"name":"(anonymous_6)","decl":{"start":{"line":151,"column":37},"end":{"line":151,"column":38}},"loc":{"start":{"line":151,"column":54},"end":{"line":156,"column":13}},"line":151},"7":{"name":"(anonymous_7)","decl":{"start":{"line":165,"column":39},"end":{"line":165,"column":40}},"loc":{"start":{"line":165,"column":46},"end":{"line":165,"column":52}},"line":165},"8":{"name":"(anonymous_8)","decl":{"start":{"line":166,"column":8},"end":{"line":166,"column":9}},"loc":{"start":{"line":166,"column":22},"end":{"line":170,"column":9}},"line":166},"9":{"name":"(anonymous_9)","decl":{"start":{"line":177,"column":2},"end":{"line":177,"column":3}},"loc":{"start":{"line":177,"column":47},"end":{"line":211,"column":3}},"line":177},"10":{"name":"(anonymous_10)","decl":{"start":{"line":185,"column":56},"end":{"line":185,"column":57}},"loc":{"start":{"line":185,"column":70},"end":{"line":196,"column":7}},"line":185},"11":{"name":"(anonymous_11)","decl":{"start":{"line":189,"column":52},"end":{"line":189,"column":53}},"loc":{"start":{"line":189,"column":66},"end":{"line":195,"column":9}},"line":189}},"branchMap":{"0":{"loc":{"start":{"line":19,"column":6},"end":{"line":21,"column":7}},"type":"if","locations":[{"start":{"line":19,"column":6},"end":{"line":21,"column":7}},{"start":{},"end":{}}],"line":19},"1":{"loc":{"start":{"line":19,"column":10},"end":{"line":19,"column":30}},"type":"binary-expr","locations":[{"start":{"line":19,"column":10},"end":{"line":19,"column":16}},{"start":{"line":19,"column":20},"end":{"line":19,"column":30}}],"line":19},"2":{"loc":{"start":{"line":28,"column":6},"end":{"line":30,"column":7}},"type":"if","locations":[{"start":{"line":28,"column":6},"end":{"line":30,"column":7}},{"start":{},"end":{}}],"line":28},"3":{"loc":{"start":{"line":33,"column":29},"end":{"line":33,"column":47}},"type":"binary-expr","locations":[{"start":{"line":33,"column":29},"end":{"line":33,"column":42}},{"start":{"line":33,"column":46},"end":{"line":33,"column":47}}],"line":33},"4":{"loc":{"start":{"line":36,"column":6},"end":{"line":40,"column":7}},"type":"if","locations":[{"start":{"line":36,"column":6},"end":{"line":40,"column":7}},{"start":{},"end":{}}],"line":36},"5":{"loc":{"start":{"line":53,"column":6},"end":{"line":57,"column":7}},"type":"if","locations":[{"start":{"line":53,"column":6},"end":{"line":57,"column":7}},{"start":{},"end":{}}],"line":53},"6":{"loc":{"start":{"line":61,"column":6},"end":{"line":67,"column":7}},"type":"if","locations":[{"start":{"line":61,"column":6},"end":{"line":67,"column":7}},{"start":{},"end":{}}],"line":61},"7":{"loc":{"start":{"line":72,"column":6},"end":{"line":107,"column":7}},"type":"if","locations":[{"start":{"line":72,"column":6},"end":{"line":107,"column":7}},{"start":{},"end":{}}],"line":72},"8":{"loc":{"start":{"line":72,"column":10},"end":{"line":72,"column":35}},"type":"binary-expr","locations":[{"start":{"line":72,"column":10},"end":{"line":72,"column":15}},{"start":{"line":72,"column":19},"end":{"line":72,"column":35}}],"line":72},"9":{"loc":{"start":{"line":74,"column":8},"end":{"line":76,"column":9}},"type":"if","locations":[{"start":{"line":74,"column":8},"end":{"line":76,"column":9}},{"start":{},"end":{}}],"line":74},"10":{"loc":{"start":{"line":92,"column":12},"end":{"line":92,"column":67}},"type":"if","locations":[{"start":{"line":92,"column":12},"end":{"line":92,"column":67}},{"start":{},"end":{}}],"line":92},"11":{"loc":{"start":{"line":101,"column":12},"end":{"line":101,"column":67}},"type":"if","locations":[{"start":{"line":101,"column":12},"end":{"line":101,"column":67}},{"start":{},"end":{}}],"line":101},"12":{"loc":{"start":{"line":134,"column":10},"end":{"line":136,"column":11}},"type":"if","locations":[{"start":{"line":134,"column":10},"end":{"line":136,"column":11}},{"start":{},"end":{}}],"line":134},"13":{"loc":{"start":{"line":149,"column":8},"end":{"line":158,"column":9}},"type":"if","locations":[{"start":{"line":149,"column":8},"end":{"line":158,"column":9}},{"start":{},"end":{}}],"line":149},"14":{"loc":{"start":{"line":155,"column":23},"end":{"line":155,"column":67}},"type":"binary-expr","locations":[{"start":{"line":155,"column":23},"end":{"line":155,"column":61}},{"start":{"line":155,"column":65},"end":{"line":155,"column":67}}],"line":155},"15":{"loc":{"start":{"line":165,"column":28},"end":{"line":165,"column":59}},"type":"binary-expr","locations":[{"start":{"line":165,"column":28},"end":{"line":165,"column":53}},{"start":{"line":165,"column":57},"end":{"line":165,"column":59}}],"line":165},"16":{"loc":{"start":{"line":167,"column":10},"end":{"line":169,"column":11}},"type":"if","locations":[{"start":{"line":167,"column":10},"end":{"line":169,"column":11}},{"start":{},"end":{}}],"line":167},"17":{"loc":{"start":{"line":199,"column":8},"end":{"line":201,"column":29}},"type":"cond-expr","locations":[{"start":{"line":200,"column":12},"end":{"line":200,"column":32}},{"start":{"line":201,"column":12},"end":{"line":201,"column":29}}],"line":199}},"s":{"0":1,"1":1,"2":1,"3":1,"4":1,"5":1,"6":0,"7":0,"8":0,"9":0,"10":0,"11":0,"12":0,"13":0,"14":0,"15":0,"16":0,"17":0,"18":0,"19":0,"20":0,"21":0,"22":0,"23":0,"24":0,"25":0,"26":0,"27":0,"28":0,"29":0,"30":0,"31":0,"32":0,"33":0,"34":0,"35":0,"36":0,"37":0,"38":0,"39":0,"40":0,"41":0,"42":0,"43":0,"44":0,"45":0,"46":0,"47":0,"48":0,"49":0,"50":0,"51":0,"52":0,"53":0,"54":0,"55":0,"56":0,"57":0,"58":0,"59":0,"60":0,"61":0,"62":0,"63":0,"64":0,"65":0,"66":0,"67":0,"68":0,"69":0,"70":0,"71":0,"72":0,"73":0,"74":0,"75":0,"76":0,"77":0,"78":0,"79":0,"80":0,"81":0,"82":0,"83":0,"84":1},"f":{"0":0,"1":0,"2":0,"3":0,"4":0,"5":0,"6":0,"7":0,"8":0,"9":0,"10":0,"11":0},"b":{"0":[0,0],"1":[0,0],"2":[0,0],"3":[0,0],"4":[0,0],"5":[0,0],"6":[0,0],"7":[0,0],"8":[0,0],"9":[0,0],"10":[0,0],"11":[0,0],"12":[0,0],"13":[0,0],"14":[0,0],"15":[0,0],"16":[0,0],"17":[0,0]},"_coverageSchema":"1a1c01bbd47fc00a2c39e90264f33305004495a9","hash":"6b84066d23ba053a9040e5c5ab4c8a711078a6b9"}
,"C:\\Users\\ACER\\BE-RSUD\\src\\controllers\\media-sosial-controller.js": {"path":"C:\\Users\\ACER\\BE-RSUD\\src\\controllers\\media-sosial-controller.js","statementMap":{"0":{"start":{"line":1,"column":17},"end":{"line":1,"column":54}},"1":{"start":{"line":2,"column":26},"end":{"line":2,"column":69}},"2":{"start":{"line":3,"column":43},"end":{"line":3,"column":83}},"3":{"start":{"line":7,"column":4},"end":{"line":32,"column":5}},"4":{"start":{"line":8,"column":24},"end":{"line":8,"column":32}},"5":{"start":{"line":10,"column":6},"end":{"line":18,"column":7}},"6":{"start":{"line":11,"column":8},"end":{"line":17,"column":10}},"7":{"start":{"line":20,"column":6},"end":{"line":24,"column":7}},"8":{"start":{"line":21,"column":8},"end":{"line":23,"column":9}},"9":{"start":{"line":22,"column":10},"end":{"line":22,"column":56}},"10":{"start":{"line":26,"column":19},"end":{"line":26,"column":61}},"11":{"start":{"line":28,"column":6},"end":{"line":28,"column":65}},"12":{"start":{"line":30,"column":6},"end":{"line":30,"column":27}},"13":{"start":{"line":31,"column":6},"end":{"line":31,"column":40}},"14":{"start":{"line":35,"column":4},"end":{"line":40,"column":5}},"15":{"start":{"line":36,"column":19},"end":{"line":36,"column":59}},"16":{"start":{"line":37,"column":6},"end":{"line":37,"column":77}},"17":{"start":{"line":39,"column":6},"end":{"line":39,"column":40}},"18":{"start":{"line":44,"column":0},"end":{"line":44,"column":39}}},"fnMap":{"0":{"name":"(anonymous_0)","decl":{"start":{"line":6,"column":2},"end":{"line":6,"column":3}},"loc":{"start":{"line":6,"column":43},"end":{"line":33,"column":3}},"line":6},"1":{"name":"(anonymous_1)","decl":{"start":{"line":34,"column":2},"end":{"line":34,"column":3}},"loc":{"start":{"line":34,"column":40},"end":{"line":41,"column":3}},"line":34}},"branchMap":{"0":{"loc":{"start":{"line":10,"column":6},"end":{"line":18,"column":7}},"type":"if","locations":[{"start":{"line":10,"column":6},"end":{"line":18,"column":7}},{"start":{},"end":{}}],"line":10},"1":{"loc":{"start":{"line":21,"column":8},"end":{"line":23,"column":9}},"type":"if","locations":[{"start":{"line":21,"column":8},"end":{"line":23,"column":9}},{"start":{},"end":{}}],"line":21},"2":{"loc":{"start":{"line":21,"column":12},"end":{"line":21,"column":67}},"type":"binary-expr","locations":[{"start":{"line":21,"column":12},"end":{"line":21,"column":17}},{"start":{"line":21,"column":21},"end":{"line":21,"column":67}}],"line":21}},"s":{"0":1,"1":1,"2":1,"3":0,"4":0,"5":0,"6":0,"7":0,"8":0,"9":0,"10":0,"11":0,"12":0,"13":0,"14":0,"15":0,"16":0,"17":0,"18":1},"f":{"0":0,"1":0},"b":{"0":[0,0],"1":[0,0],"2":[0,0]},"_coverageSchema":"1a1c01bbd47fc00a2c39e90264f33305004495a9","hash":"f1242f9b33e07be0b1929a31e366cfad6274fc7b"}
[...]
32}},"9":{"start":{"line":20,"column":4},"end":{"line":20,"column":44}},"10":{"start":{"line":24,"column":4},"end":{"line":26,"column":5}},"11":{"start":{"line":25,"column":6},"end":{"line":25,"column":74}},"12":{"start":{"line":28,"column":22},"end":{"line":30,"column":6}},"13":{"start":{"line":32,"column":4},"end":{"line":34,"column":5}},"14":{"start":{"line":33,"column":6},"end":{"line":33,"column":55}},"15":{"start":{"line":36,"column":4},"end":{"line":42,"column":6}},"16":{"start":{"line":45,"column":4},"end":{"line":47,"column":5}},"17":{"start":{"line":46,"column":6},"end":{"line":46,"column":60}},"18":{"start":{"line":49,"column":25},"end":{"line":51,"column":6}},"19":{"start":{"line":53,"column":4},"end":{"line":55,"column":5}},"20":{"start":{"line":54,"column":6},"end":{"line":54,"column":54}},"21":{"start":{"line":57,"column":24},"end":{"line":64,"column":6}},"22":{"start":{"line":66,"column":4},"end":{"line":66,"column":23}},"23":{"start":{"line":70,"column":4},"end":{"line":70,"column":52}},"24":{"start":{"line":71,"column":4},"end":{"line":75,"column":5}},"25":{"start":{"line":72,"column":6},"end":{"line":74,"column":8}},"26":{"start":{"line":77,"column":41},"end":{"line":77,"column":45}},"27":{"start":{"line":79,"column":4},"end":{"line":81,"column":5}},"28":{"start":{"line":80,"column":6},"end":{"line":80,"column":60}},"29":{"start":{"line":83,"column":4},"end":{"line":87,"column":5}},"30":{"start":{"line":84,"column":6},"end":{"line":84,"column":44}},"31":{"start":{"line":86,"column":6},"end":{"line":86,"column":45}},"32":{"start":{"line":89,"column":22},"end":{"line":92,"column":6}},"33":{"start":{"line":94,"column":28},"end":{"line":97,"column":5}},"34":{"start":{"line":98,"column":4},"end":{"line":100,"column":5}},"35":{"start":{"line":99,"column":6},"end":{"line":99,"column":62}},"36":{"start":{"line":102,"column":27},"end":{"line":102,"column":61}},"37":{"start":{"line":104,"column":4},"end":{"line":107,"column":7}},"38":{"start":{"line":109,"column":4},"end":{"line":109,"column":16}},"39":{"start":{"line":113,"column":22},"end":{"line":115,"column":6}},"40":{"start":{"line":117,"column":4},"end":{"line":119,"column":5}},"41":{"start":{"line":118,"column":6},"end":{"line":118,"column":73}},"42":{"start":{"line":121,"column":4},"end":{"line":125,"column":5}},"43":{"start":{"line":122,"column":6},"end":{"line":124,"column":8}},"44":{"start":{"line":127,"column":23},"end":{"line":129,"column":6}},"45":{"start":{"line":131,"column":4},"end":{"line":137,"column":7}},"46":{"start":{"line":138,"column":22},"end":{"line":138,"column":90}},"47":{"start":{"line":140,"column":4},"end":{"line":140,"column":52}},"48":{"start":{"line":142,"column":4},"end":{"line":144,"column":6}},"49":{"start":{"line":148,"column":4},"end":{"line":152,"column":5}},"50":{"start":{"line":149,"column":6},"end":{"line":151,"column":8}},"51":{"start":{"line":154,"column":4},"end":{"line":158,"column":5}},"52":{"start":{"line":155,"column":6},"end":{"line":157,"column":8}},"53":{"start":{"line":161,"column":4},"end":{"line":165,"column":5}},"54":{"start":{"line":162,"column":6},"end":{"line":162,"column":69}},"55":{"start":{"line":164,"column":6},"end":{"line":164,"column":78}},"56":{"start":{"line":167,"column":4},"end":{"line":171,"column":5}},"57":{"start":{"line":168,"column":6},"end":{"line":168,"column":41}},"58":{"start":{"line":170,"column":6},"end":{"line":170,"column":45}},"59":{"start":{"line":173,"column":27},"end":{"line":173,"column":58}},"60":{"start":{"line":175,"column":4},"end":{"line":182,"column":7}},"61":{"start":{"line":184,"column":4},"end":{"line":184,"column":49}},"62":{"start":{"line":186,"column":4},"end":{"line":186,"column":55}},"63":{"start":{"line":190,"column":0},"end":{"line":190,"column":31}}},"fnMap":{"0":{"name":"(anonymous_0)","decl":{"start":{"line":23,"column":2},"end":{"line":23,"column":3}},"loc":{"start":{"line":23,"column":32},"end":{"line":43,"column":3}},"line":23},"1":{"name":"(anonymous_1)","decl":{"start":{"line":44,"column":2},"end":{"line":44,"column":3}},"loc":{"start":{"line":44,"column":58},"end":{"line":67,"column":3}},"line":44},"2":{"name":"(anonymous_2)","decl":{"start":{"line":69,"column":2},"end":{"line":69,"column":3}},"loc":{"start":{"line":69,"column":39},"end":{"line":110,"column":3}},"line":69},"3":{"name":"(anonymous_3)","decl":{"start":{"line":112,"column":2},"end":{"line":112,"column":3}},"loc":{"start":{"line":112,"column":41},"end":{"line":145,"column":3}},"line":112},"4":{"name":"(anonymous_4)","decl":{"start":{"line":147,"column":2},"end":{"line":147,"column":3}},"loc":{"start":{"line":147,"column":64},"end":{"line":187,"column":3}},"line":147}},"branchMap":{"0":{"loc":{"start":{"line":24,"column":4},"end":{"line":26,"column":5}},"type":"if","locations":[{"start":{"line":24,"column":4},"end":{"line":26,"column":5}},{"start":{},"end":{}}],"line":24},"1":{"loc":{"start":{"line":24,"column":8},"end":{"line":24,"column":30}},"type":"binary-expr","locations":[{"start":{"line":24,"column":8},"end":{"line":24,"column":13}},{"start":{"line":24,"column":17},"end":{"line":24,"column":30}}],"line":24},"2":{"loc":{"start":{"line":32,"column":4},"end":{"line":34,"column":5}},"type":"if","locations":[{"start":{"line":32,"column":4},"end":{"line":34,"column":5}},{"start":{},"end":{}}],"line":32},"3":{"loc":{"start":{"line":45,"column":4},"end":{"line":47,"column":5}},"type":"if","locations":[{"start":{"line":45,"column":4},"end":{"line":47,"column":5}},{"start":{},"end":{}}],"line":45},"4":{"loc":{"start":{"line":45,"column":8},"end":{"line":45,"column":33}},"type":"binary-expr","locations":[{"start":{"line":45,"column":8},"end":{"line":45,"column":13}},{"start":{"line":45,"column":17},"end":{"line":45,"column":23}},{"start":{"line":45,"column":27},"end":{"line":45,"column":33}}],"line":45},"5":{"loc":{"start":{"line":53,"column":4},"end":{"line":55,"column":5}},"type":"if","locations":[{"start":{"line":53,"column":4},"end":{"line":55,"column":5}},{"start":{},"end":{}}],"line":53},"6":{"loc":{"start":{"line":71,"column":4},"end":{"line":75,"column":5}},"type":"if","locations":[{"start":{"line":71,"column":4},"end":{"line":75,"column":5}},{"start":{},"end":{}}],"line":71},"7":{"loc":{"start":{"line":71,"column":8},"end":{"line":71,"column":28}},"type":"binary-expr","locations":[{"start":{"line":71,"column":8},"end":{"line":71,"column":13}},{"start":{"line":71,"column":17},"end":{"line":71,"column":28}}],"line":71},"8":{"loc":{"start":{"line":79,"column":4},"end":{"line":81,"column":5}},"type":"if","locations":[{"start":{"line":79,"column":4},"end":{"line":81,"column":5}},{"start":{},"end":{}}],"line":79},"9":{"loc":{"start":{"line":79,"column":8},"end":{"line":79,"column":36}},"type":"binary-expr","locations":[{"start":{"line":79,"column":8},"end":{"line":79,"column":20}},{"start":{"line":79,"column":24},"end":{"line":79,"column":36}}],"line":79},"10":{"loc":{"start":{"line":98,"column":4},"end":{"line":100,"column":5}},"type":"if","locations":[{"start":{"line":98,"column":4},"end":{"line":100,"column":5}},{"start":{},"end":{}}],"line":98},"11":{"loc":{"start":{"line":117,"column":4},"end":{"line":119,"column":5}},"type":"if","locations":[{"start":{"line":117,"column":4},"end":{"line":119,"column":5}},{"start":{},"end":{}}],"line":117},"12":{"loc":{"start":{"line":121,"column":4},"end":{"line":125,"column":5}},"type":"if","locations":[{"start":{"line":121,"column":4},"end":{"line":125,"column":5}},{"start":{},"end":{}}],"line":121},"13":{"loc":{"start":{"line":121,"column":8},"end":{"line":121,"column":63}},"type":"binary-expr","locations":[{"start":{"line":121,"column":8},"end":{"line":121,"column":27}},{"start":{"line":121,"column":31},"end":{"line":121,"column":63}}],"line":121},"14":{"loc":{"start":{"line":148,"column":4},"end":{"line":152,"column":5}},"type":"if","locations":[{"start":{"line":148,"column":4},"end":{"line":152,"column":5}},{"start":{},"end":{}}],"line":148},"15":{"loc":{"start":{"line":148,"column":8},"end":{"line":148,"column":44}},"type":"binary-expr","locations":[{"start":{"line":148,"column":8},"end":{"line":148,"column":14}},{"start":{"line":148,"column":18},"end":{"line":148,"column":27}},{"start":{"line":148,"column":31},"end":{"line":148,"column":44}}],"line":148},"16":{"loc":{"start":{"line":154,"column":4},"end":{"line":158,"column":5}},"type":"if","locations":[{"start":{"line":154,"column":4},"end":{"line":158,"column":5}},{"start":{},"end":{}}],"line":154}},"s":{"0":1,"1":1,"2":1,"3":1,"4":1,"5":1,"6":1,"7":1,"8":1,"9":1,"10":0,"11":0,"12":0,"13":0,"14":0,"15":0,"16":0,"17":0,"18":0,"19":0,"20":0,"21":0,"22":0,"23":0,"24":0,"25":0,"26":0,"27":0,"28":0,"29":0,"30":0,"31":0,"32":0,"33":0,"34":0,"35":0,"36":0,"37":0,"38":0,"39":0,"40":0,"41":0,"42":0,"43":0,"44":0,"45":0,"46":0,"47":0,"48":0,"49":0,"50":0,"51":0,"52":0,"53":0,"54":0,"55":0,"56":0,"57":0,"58":0,"59":0,"60":0,"61":0,"62":0,"63":1},"f":{"0":0,"1":0,"2":0,"3":0,"4":0},"b":{"0":[0,0],"1":[0,0],"2":[0,0],"3":[0,0],"4":[0,0,0],"5":[0,0],"6":[0,0],"7":[0,0],"8":[0,0],"9":[0,0],"10":[0,0],"11":[0,0],"12":[0,0],"13":[0,0],"14":[0,0],"15":[0,0,0],"16":[0,0]},"_coverageSchema":"1a1c01bbd47fc00a2c39e90264f33305004495a9","hash":"c7aec3851ffcfe91ebeaf310fc3d1b3de4411bba"}
,"C:\\Users\\ACER\\BE-RSUD\\src\\utils\\error-handling-utils.js": {"path":"C:\\Users\\ACER\\BE-RSUD\\src\\utils\\error-handling-utils.js","statementMap":{"0":{"start":{"line":3,"column":4},"end":{"line":3,"column":19}},"1":{"start":{"line":4,"column":4},"end":{"line":4,"column":33}},"2":{"start":{"line":10,"column":4},"end":{"line":10,"column":24}},"3":{"start":{"line":16,"column":4},"end":{"line":16,"column":24}},"4":{"start":{"line":22,"column":4},"end":{"line":22,"column":24}},"5":{"start":{"line":28,"column":4},"end":{"line":28,"column":24}},"6":{"start":{"line":34,"column":0},"end":{"line":40,"column":2}}},"fnMap":{"0":{"name":"(anonymous_0)","decl":{"start":{"line":2,"column":2},"end":{"line":2,"column":3}},"loc":{"start":{"line":2,"column":35},"end":{"line":5,"column":3}},"line":2},"1":{"name":"(anonymous_1)","decl":{"start":{"line":9,"column":2},"end":{"line":9,"column":3}},"loc":{"start":{"line":9,"column":39},"end":{"line":11,"column":3}},"line":9},"2":{"name":"(anonymous_2)","decl":{"start":{"line":15,"column":2},"end":{"line":15,"column":3}},"loc":{"start":{"line":15,"column":40},"end":{"line":17,"column":3}},"line":15},"3":{"name":"(anonymous_3)","decl":{"start":{"line":21,"column":2},"end":{"line":21,"column":3}},"loc":{"start":{"line":21,"column":37},"end":{"line":23,"column":3}},"line":21},"4":{"name":"(anonymous_4)","decl":{"start":{"line":27,"column":2},"end":{"line":27,"column":3}},"loc":{"start":{"line":27,"column":37},"end":{"line":29,"column":3}},"line":27}},"branchMap":{"0":{"loc":{"start":{"line":9,"column":14},"end":{"line":9,"column":37}},"type":"default-arg","locations":[{"start":{"line":9,"column":24},"end":{"line":9,"column":37}}],"line":9},"1":{"loc":{"start":{"line":15,"column":14},"end":{"line":15,"column":38}},"type":"default-arg","locations":[{"start":{"line":15,"column":24},"end":{"line":15,"column":38}}],"line":15},"2":{"loc":{"start":{"line":21,"column":14},"end":{"line":21,"column":35}},"type":"default-arg","locations":[{"start":{"line":21,"column":24},"end":{"line":21,"column":35}}],"line":21},"3":{"loc":{"start":{"line":27,"column":14},"end":{"line":27,"column":35}},"type":"default-arg","locations":[{"start":{"line":27,"column":24},"end":{"line":27,"column":35}}],"line":27}},"s":{"0":5,"1":5,"2":0,"3":0,"4":0,"5":5,"6":1},"f":{"0":5,"1":0,"2":0,"3":0,"4":5},"b":{"0":[0],"1":[0],"2":[0],"3":[0]},"_coverageSchema":"1a1c01bbd47fc00a2c39e90264f33305004495a9","hash":"bec74d4776ad58559ca67027db2ff707943a1669"}
,"C:\\Users\\ACER\\BE-RSUD\\src\\utils\\jwt-sign-utils.js": {"path":"C:\\Users\\ACER\\BE-RSUD\\src\\utils\\jwt-sign-utils.js","statementMap":{"0":{"start":{"line":1,"column":12},"end":{"line":1,"column":35}},"1":{"start":{"line":2,"column":39},"end":{"line":2,"column":71}},"2":{"start":{"line":6,"column":20},"end":{"line":12,"column":5}},"3":{"start":{"line":14,"column":23},"end":{"line":14,"column":75}},"4":{"start":{"line":15,"column":4},"end":{"line":15,"column":22}},"5":{"start":{"line":18,"column":20},"end":{"line":20,"column":5}},"6":{"start":{"line":21,"column":24},"end":{"line":21,"column":77}},"7":{"start":{"line":22,"column":4},"end":{"line":22,"column":23}},"8":{"start":{"line":26,"column":0},"end":{"line":26,"column":27}}},"fnMap":{"0":{"name":"(anonymous_0)","decl":{"start":{"line":5,"column":2},"end":{"line":5,"column":3}},"loc":{"start":{"line":5,"column":29},"end":{"line":16,"column":3}},"line":5},"1":{"name":"(anonymous_1)","decl":{"start":{"line":17,"column":2},"end":{"line":17,"column":3}},"loc":{"start":{"line":17,"column":35},"end":{"line":23,"column":3}},"line":17}},"branchMap":{},"s":{"0":1,"1":1,"2":0,"3":0,"4":0,"5":0,"6":0,"7":0,"8":1},"f":{"0":0,"1":0},"b":{},"_coverageSchema":"1a1c01bbd47fc00a2c39e90264f33305004495a9","hash":"db1c06d4be91afd27d5cd35bf91cb782f6dbb263"}
,"C:\\Users\\ACER\\BE-RSUD\\src\\utils\\pagination-utils.js": {"path":"C:\\Users\\ACER\\BE-RSUD\\src\\utils\\pagination-utils.js","statementMap":{"0":{"start":{"line":3,"column":4},"end":{"line":3,"column":26}},"1":{"start":{"line":4,"column":4},"end":{"line":4,"column":34}},"2":{"start":{"line":6,"column":4},"end":{"line":6,"column":27}},"3":{"start":{"line":6,"column":18},"end":{"line":6,"column":27}},"4":{"start":{"line":7,"column":4},"end":{"line":7,"column":36}},"5":{"start":{"line":7,"column":22},"end":{"line":7,"column":36}},"6":{"start":{"line":9,"column":17},"end":{"line":9,"column":38}},"7":{"start":{"line":10,"column":17},"end":{"line":10,"column":25}},"8":{"start":{"line":12,"column":4},"end":{"line":12,"column":42}},"9":{"start":{"line":16,"column":0},"end":{"line":16,"column":28}}},"fnMap":{"0":{"name":"(anonymous_0)","decl":{"start":{"line":2,"column":2},"end":{"line":2,"column":3}},"loc":{"start":{"line":2,"column":43},"end":{"line":13,"column":3}},"line":2}},"branchMap":{"0":{"loc":{"start":{"line":2,"column":18},"end":{"line":2,"column":26}},"type":"default-arg","locations":[{"start":{"line":2,"column":25},"end":{"line":2,"column":26}}],"line":2},"1":{"loc":{"start":{"line":2,"column":28},"end":{"line":2,"column":41}},"type":"default-arg","locations":[{"start":{"line":2,"column":39},"end":{"line":2,"column":41}}],"line":2},"2":{"loc":{"start":{"line":6,"column":4},"end":{"line":6,"column":27}},"type":"if","locations":[{"start":{"line":6,"column":4},"end":{"line":6,"column":27}},{"start":{},"end":{}}],"line":6},"3":{"loc":{"start":{"line":7,"column":4},"end":{"line":7,"column":36}},"type":"if","locations":[{"start":{"line":7,"column":4},"end":{"line":7,"column":36}},{"start":{},"end":{}}],"line":7}},"s":{"0":5,"1":5,"2":5,"3":0,"4":5,"5":0,"6":5,"7":5,"8":5,"9":1},"f":{"0":5},"b":{"0":[0],"1":[0],"2":[0,5],"3":[0,5]},"_coverageSchema":"1a1c01bbd47fc00a2c39e90264f33305004495a9","hash":"c530ea6341ac532ae0ec2ce98304d857eafc3e3e"}
,"C:\\Users\\ACER\\BE-RSUD\\src\\utils\\password-validator-utils.js": {"path":"C:\\Users\\ACER\\BE-RSUD\\src\\utils\\password-validator-utils.js","statementMap":{"0":{"start":{"line":1,"column":14},"end":{"line":1,"column":53}},"1":{"start":{"line":3,"column":0},"end":{"line":7,"column":3}},"2":{"start":{"line":10,"column":17},"end":{"line":10,"column":37}},"3":{"start":{"line":11,"column":2},"end":{"line":14,"column":3}},"4":{"start":{"line":12,"column":20},"end":{"line":12,"column":43}},"5":{"start":{"line":13,"column":4},"end":{"line":13,"column":50}},"6":{"start":{"line":15,"column":2},"end":{"line":15,"column":16}},"7":{"start":{"line":18,"column":0},"end":{"line":20,"column":2}}},"fnMap":{"0":{"name":"validatePasswordStrength","decl":{"start":{"line":9,"column":9},"end":{"line":9,"column":33}},"loc":{"start":{"line":9,"column":44},"end":{"line":16,"column":1}},"line":9}},"branchMap":{"0":{"loc":{"start":{"line":11,"column":2},"end":{"line":14,"column":3}},"type":"if","locations":[{"start":{"line":11,"column":2},"end":{"line":14,"column":3}},{"start":{},"end":{}}],"line":11}},"s":{"0":1,"1":1,"2":0,"3":0,"4":0,"5":0,"6":0,"7":1},"f":{"0":0},"b":{"0":[0,0]},"_coverageSchema":"1a1c01bbd47fc00a2c39e90264f33305004495a9","hash":"c20f99a92b3e6135c3b7e67a8a4e165f848dd34b"}
,"C:\\Users\\ACER\\BE-RSUD\\src\\utils\\slug-detail-dokter.js": {"path":"C:\\Users\\ACER\\BE-RSUD\\src\\utils\\slug-detail-dokter.js","statementMap":{"0":{"start":{"line":1,"column":16},"end":{"line":1,"column":34}},"1":{"start":{"line":2,"column":15},"end":{"line":2,"column":48}},"2":{"start":{"line":4,"column":19},"end":{"line":4,"column":63}},"3":{"start":{"line":5,"column":13},"end":{"line":5,"column":21}},"4":{"start":{"line":6,"column":14},"end":{"line":6,"column":15}},"5":{"start":{"line":8,"column":2},"end":{"line":11,"column":3}},"6":{"start":{"line":9,"column":4},"end":{"line":9,"column":34}},"7":{"start":{"line":10,"column":4},"end":{"line":10,"column":12}},"8":{"start":{"line":13,"column":2},"end":{"line":13,"column":14}},"9":{"start":{"line":16,"column":0},"end":{"line":16,"column":36}}},"fnMap":{"0":{"name":"generateUniqueSlug","decl":{"start":{"line":3,"column":15},"end":{"line":3,"column":33}},"loc":{"start":{"line":3,"column":40},"end":{"line":14,"column":1}},"line":3}},"branchMap":{},"s":{"0":1,"1":1,"2":0,"3":0,"4":0,"5":0,"6":0,"7":0,"8":0,"9":1},"f":{"0":0},"b":{},"_coverageSchema":"1a1c01bbd47fc00a2c39e90264f33305004495a9","hash":"fceb1aeaa5dc97f9880d3482da4ccdc5558a3e95"}
,"C:\\Users\\ACER\\BE-RSUD\\src\\utils\\slug-detail-pelayanan-rs.js": {"path":"C:\\Users\\ACER\\BE-RSUD\\src\\utils\\slug-detail-pelayanan-rs.js","statementMap":{"0":{"start":{"line":1,"column":16},"end":{"line":1,"column":34}},"1":{"start":{"line":2,"column":15},"end":{"line":2,"column":48}},"2":{"start":{"line":4,"column":19},"end":{"line":4,"column":73}},"3":{"start":{"line":5,"column":13},"end":{"line":5,"column":21}},"4":{"start":{"line":6,"column":14},"end":{"line":6,"column":15}},"5":{"start":{"line":8,"column":2},"end":{"line":11,"column":3}},"6":{"start":{"line":9,"column":4},"end":{"line":9,"column":34}},"7":{"start":{"line":10,"column":4},"end":{"line":10,"column":12}},"8":{"start":{"line":13,"column":2},"end":{"line":13,"column":14}},"9":{"start":{"line":16,"column":0},"end":{"line":16,"column":36}}},"fnMap":{"0":{"name":"generateUniqueSlug","decl":{"start":{"line":3,"column":15},"end":{"line":3,"column":33}},"loc":{"start":{"line":3,"column":50},"end":{"line":14,"column":1}},"line":3}},"branchMap":{},"s":{"0":1,"1":1,"2":0,"3":0,"4":0,"5":0,"6":0,"7":0,"8":0,"9":1},"f":{"0":0},"b":{},"_coverageSchema":"1a1c01bbd47fc00a2c39e90264f33305004495a9","hash":"15720415dbb35440876f54b180186ebbfb4f0dfc"}
,"C:\\Users\\ACER\\BE-RSUD\\src\\utils\\slug-judul-berita.js": {"path":"C:\\Users\\ACER\\BE-RSUD\\src\\utils\\slug-judul-berita.js","statementMap":{"0":{"start":{"line":1,"column":16},"end":{"line":1,"column":34}},"1":{"start":{"line":2,"column":15},"end":{"line":2,"column":48}},"2":{"start":{"line":4,"column":19},"end":{"line":4,"column":64}},"3":{"start":{"line":5,"column":13},"end":{"line":5,"column":21}},"4":{"start":{"line":6,"column":14},"end":{"line":6,"column":15}},"5":{"start":{"line":8,"column":2},"end":{"line":11,"column":3}},"6":{"start":{"line":9,"column":4},"end":{"line":9,"column":34}},"7":{"start":{"line":10,"column":4},"end":{"line":10,"column":12}},"8":{"start":{"line":13,"column":2},"end":{"line":13,"column":14}},"9":{"start":{"line":16,"column":0},"end":{"line":16,"column":36}}},"fnMap":{"0":{"name":"generateUniqueSlug","decl":{"start":{"line":3,"column":15},"end":{"line":3,"column":33}},"loc":{"start":{"line":3,"column":41},"end":{"line":14,"column":1}},"line":3}},"branchMap":{},"s":{"0":1,"1":1,"2":0,"3":0,"4":0,"5":0,"6":0,"7":0,"8":0,"9":1},"f":{"0":0},"b":{},"_coverageSchema":"1a1c01bbd47fc00a2c39e90264f33305004495a9","hash":"ae7fde9f5c3b02e432162940699d35071475ae01"}
}
