TN:
SF:app.js
FN:76,(anonymous_0)
FN:89,(anonymous_1)
FNF:2
FNH:0
FNDA:0,(anonymous_0)
FNDA:0,(anonymous_1)
DA:1,3
DA:2,3
DA:3,3
DA:4,3
DA:5,3
DA:6,3
DA:7,3
DA:12,3
DA:13,3
DA:14,3
DA:15,3
DA:16,3
DA:17,3
DA:18,3
DA:19,3
DA:20,3
DA:21,3
DA:22,3
DA:23,3
DA:24,3
DA:25,3
DA:26,3
DA:27,3
DA:28,3
DA:29,3
DA:30,3
DA:31,3
DA:33,3
DA:34,3
DA:35,3
DA:37,3
DA:38,3
DA:39,3
DA:41,3
DA:50,3
DA:52,3
DA:61,3
DA:63,3
DA:64,3
DA:65,3
DA:66,3
DA:67,3
DA:68,3
DA:69,3
DA:70,3
DA:71,3
DA:72,3
DA:73,3
DA:74,3
DA:75,3
DA:76,3
DA:77,0
DA:79,0
DA:80,0
DA:82,0
DA:89,3
DA:90,0
DA:95,3
LF:58
LH:53
BRDA:43,0,0,3
BRDA:43,0,1,0
BRDA:79,1,0,0
BRDA:79,1,1,0
BRDA:80,2,0,0
BRDA:80,2,1,0
BRF:6
BRH:1
end_of_record
TN:
SF:src\configs\env-config.js
FNF:0
FNH:0
DA:1,3
DA:3,3
LF:2
LH:2
BRDA:5,0,0,3
BRDA:5,0,1,0
BRF:2
BRH:1
end_of_record
TN:
SF:src\configs\passport-config.js
FN:12,(anonymous_0)
FNF:1
FNH:0
FNDA:0,(anonymous_0)
DA:1,3
DA:2,3
DA:3,3
DA:5,3
DA:13,0
DA:14,0
DA:15,0
DA:16,0
DA:20,0
DA:21,0
DA:32,0
DA:34,0
LF:12
LH:4
BRDA:20,0,0,0
BRDA:20,0,1,0
BRF:2
BRH:0
end_of_record
TN:
SF:src\configs\swagger-config.js
FNF:0
FNH:0
DA:1,3
DA:3,3
DA:39,3
DA:41,3
LF:4
LH:4
BRF:0
BRH:0
end_of_record
TN:
SF:src\controllers\aduan-controller.js
FN:5,(anonymous_0)
FN:15,(anonymous_1)
FN:24,(anonymous_2)
FN:32,(anonymous_3)
FN:45,(anonymous_4)
FN:55,(anonymous_5)
FNF:6
FNH:0
FNDA:0,(anonymous_0)
FNDA:0,(anonymous_1)
FNDA:0,(anonymous_2)
FNDA:0,(anonymous_3)
FNDA:0,(anonymous_4)
FNDA:0,(anonymous_5)
DA:1,3
DA:2,3
DA:6,0
DA:7,0
DA:8,0
DA:9,0
DA:11,0
DA:16,0
DA:17,0
DA:18,0
DA:20,0
DA:25,0
DA:26,0
DA:27,0
DA:29,0
DA:33,0
DA:34,0
DA:35,0
DA:36,0
DA:39,0
DA:41,0
DA:46,0
DA:47,0
DA:48,0
DA:49,0
DA:51,0
DA:56,0
DA:57,0
DA:58,0
DA:59,0
DA:61,0
DA:62,0
DA:64,0
DA:69,3
LF:34
LH:3
BRDA:36,0,0,0
BRDA:36,0,1,0
BRF:2
BRH:0
end_of_record
TN:
SF:src\controllers\auth-controller.js
FN:15,(anonymous_0)
FN:35,(anonymous_1)
FN:60,(anonymous_2)
FN:136,(anonymous_3)
FNF:4
FNH:4
FNDA:1,(anonymous_0)
FNDA:1,(anonymous_1)
FNDA:1,(anonymous_2)
FNDA:1,(anonymous_3)
DA:1,3
DA:2,3
DA:3,3
DA:4,3
DA:5,3
DA:10,3
DA:11,3
DA:12,3
DA:16,1
DA:17,1
DA:18,1
DA:25,1
DA:31,0
DA:36,1
DA:37,1
DA:38,1
DA:39,1
DA:47,1
DA:54,1
DA:56,0
DA:61,1
DA:62,1
DA:63,1
DA:64,0
DA:66,1
DA:67,1
DA:68,1
DA:69,1
DA:70,0
DA:75,1
DA:78,1
DA:79,0
DA:82,1
DA:86,1
DA:87,0
DA:92,1
DA:93,1
DA:96,1
DA:109,1
DA:117,1
DA:124,1
DA:133,0
DA:137,1
DA:138,1
DA:139,1
DA:140,1
DA:141,0
DA:144,1
DA:145,1
DA:147,1
DA:151,1
DA:152,1
DA:154,1
DA:156,0
DA:161,3
LF:55
LH:46
BRDA:42,0,0,0
BRDA:42,0,1,1
BRDA:50,1,0,0
BRDA:50,1,1,1
BRDA:63,2,0,0
BRDA:63,2,1,1
BRDA:69,3,0,0
BRDA:69,3,1,1
BRDA:78,4,0,0
BRDA:78,4,1,1
BRDA:86,5,0,0
BRDA:86,5,1,1
BRDA:86,6,0,1
BRDA:86,6,1,1
BRDA:112,7,0,0
BRDA:112,7,1,1
BRDA:120,8,0,0
BRDA:120,8,1,1
BRDA:140,9,0,0
BRDA:140,9,1,1
BRF:20
BRH:11
end_of_record
TN:
SF:src\controllers\banner-controller.js
FN:5,(anonymous_0)
FN:14,(anonymous_1)
FN:26,(anonymous_2)
FNF:3
FNH:0
FNDA:0,(anonymous_0)
FNDA:0,(anonymous_1)
FNDA:0,(anonymous_2)
DA:1,3
DA:2,3
DA:6,0
DA:7,0
DA:8,0
DA:9,0
DA:11,0
DA:15,0
DA:16,0
DA:17,0
DA:23,0
DA:27,0
DA:28,0
DA:29,0
DA:30,0
DA:32,0
DA:37,3
LF:17
LH:3
BRF:0
BRH:0
end_of_record
TN:
SF:src\controllers\berita-controller.js
FN:4,(anonymous_0)
FN:21,(anonymous_1)
FN:32,(anonymous_2)
FN:46,(anonymous_3)
FN:65,(anonymous_4)
FN:75,(anonymous_5)
FN:88,(anonymous_6)
FN:99,(anonymous_7)
FN:116,(anonymous_8)
FNF:9
FNH:0
FNDA:0,(anonymous_0)
FNDA:0,(anonymous_1)
FNDA:0,(anonymous_2)
FNDA:0,(anonymous_3)
FNDA:0,(anonymous_4)
FNDA:0,(anonymous_5)
FNDA:0,(anonymous_6)
FNDA:0,(anonymous_7)
FNDA:0,(anonymous_8)
DA:1,3
DA:2,3
DA:5,0
DA:6,0
DA:7,0
DA:8,0
DA:15,0
DA:17,0
DA:22,0
DA:23,0
DA:24,0
DA:25,0
DA:26,0
DA:28,0
DA:33,0
DA:34,0
DA:35,0
DA:36,0
DA:42,0
DA:47,0
DA:48,0
DA:49,0
DA:50,0
DA:51,0
DA:59,0
DA:61,0
DA:66,0
DA:67,0
DA:69,0
DA:70,0
DA:72,0
DA:76,0
DA:77,0
DA:78,0
DA:79,0
DA:85,0
DA:89,0
DA:90,0
DA:91,0
DA:92,0
DA:93,0
DA:95,0
DA:100,0
DA:101,0
DA:102,0
DA:104,0
DA:106,0
DA:112,0
DA:117,0
DA:118,0
DA:119,0
DA:120,0
DA:121,0
DA:126,0
DA:128,0
DA:133,3
LF:56
LH:3
BRDA:23,0,0,0
BRDA:23,0,1,0
BRDA:24,1,0,0
BRDA:24,1,1,0
BRDA:118,2,0,0
BRDA:118,2,1,0
BRDA:119,3,0,0
BRDA:119,3,1,0
BRF:8
BRH:0
end_of_record
TN:
SF:src\controllers\dokter-controller.js
FN:5,(anonymous_0)
FN:31,(anonymous_1)
FN:46,(anonymous_2)
FN:60,(anonymous_3)
FN:73,(anonymous_4)
FN:106,(anonymous_5)
FNF:6
FNH:6
FNDA:3,(anonymous_0)
FNDA:1,(anonymous_1)
FNDA:2,(anonymous_2)
FNDA:1,(anonymous_3)
FNDA:3,(anonymous_4)
FNDA:2,(anonymous_5)
DA:1,3
DA:2,3
DA:6,3
DA:14,3
DA:15,3
DA:16,3
DA:26,1
DA:28,2
DA:32,1
DA:33,1
DA:34,1
DA:35,1
DA:36,1
DA:41,1
DA:43,0
DA:47,2
DA:48,2
DA:49,2
DA:50,2
DA:51,2
DA:57,0
DA:61,1
DA:62,1
DA:63,1
DA:64,1
DA:70,0
DA:74,3
DA:75,3
DA:83,3
DA:84,3
DA:86,3
DA:96,1
DA:102,2
DA:107,2
DA:108,2
DA:109,2
DA:110,1
DA:112,1
DA:117,3
LF:39
LH:36
BRDA:33,0,0,1
BRDA:33,0,1,0
BRDA:34,1,0,1
BRDA:34,1,1,0
BRDA:48,2,0,2
BRDA:48,2,1,2
BRDA:49,3,0,2
BRDA:49,3,1,2
BRF:8
BRH:6
end_of_record
TN:
SF:src\controllers\jadwal-dokter-controller.js
FN:5,(anonymous_0)
FN:23,(anonymous_1)
FN:49,(anonymous_2)
FN:71,(anonymous_3)
FN:85,(anonymous_4)
FN:102,(anonymous_5)
FN:122,(anonymous_6)
FNF:7
FNH:0
FNDA:0,(anonymous_0)
FNDA:0,(anonymous_1)
FNDA:0,(anonymous_2)
FNDA:0,(anonymous_3)
FNDA:0,(anonymous_4)
FNDA:0,(anonymous_5)
FNDA:0,(anonymous_6)
DA:1,3
DA:2,3
DA:6,0
DA:7,0
DA:8,0
DA:12,0
DA:19,0
DA:24,0
DA:25,0
DA:26,0
DA:27,0
DA:29,0
DA:36,0
DA:39,0
DA:45,0
DA:50,0
DA:51,0
DA:52,0
DA:53,0
DA:55,0
DA:61,0
DA:67,0
DA:72,0
DA:73,0
DA:74,0
DA:75,0
DA:76,0
DA:82,0
DA:86,0
DA:87,0
DA:88,0
DA:92,0
DA:98,0
DA:103,0
DA:104,0
DA:105,0
DA:107,0
DA:112,0
DA:118,0
DA:123,0
DA:124,0
DA:125,0
DA:128,0
DA:134,0
DA:139,3
LF:45
LH:3
BRDA:26,0,0,0
BRDA:26,0,1,0
BRDA:27,1,0,0
BRDA:27,1,1,0
BRDA:52,2,0,0
BRDA:52,2,1,0
BRDA:53,3,0,0
BRDA:53,3,1,0
BRDA:73,4,0,0
BRDA:73,4,1,0
BRDA:74,5,0,0
BRDA:74,5,1,0
BRF:12
BRH:0
end_of_record
TN:
SF:src\controllers\komentar-controller.js
FN:5,(anonymous_0)
FN:28,(anonymous_1)
FN:40,(anonymous_2)
FN:52,(anonymous_3)
FN:64,(anonymous_4)
FNF:5
FNH:0
FNDA:0,(anonymous_0)
FNDA:0,(anonymous_1)
FNDA:0,(anonymous_2)
FNDA:0,(anonymous_3)
FNDA:0,(anonymous_4)
DA:1,3
DA:2,3
DA:6,0
DA:7,0
DA:8,0
DA:9,0
DA:11,0
DA:12,0
DA:14,0
DA:21,0
DA:23,0
DA:24,0
DA:29,0
DA:30,0
DA:31,0
DA:37,0
DA:41,0
DA:42,0
DA:43,0
DA:49,0
DA:53,0
DA:54,0
DA:55,0
DA:56,0
DA:59,0
DA:61,0
DA:65,0
DA:66,0
DA:67,0
DA:68,0
DA:70,0
DA:76,0
DA:77,0
DA:80,0
DA:81,0
DA:82,0
DA:85,0
DA:94,0
DA:96,0
DA:101,3
LF:40
LH:3
BRDA:11,0,0,0
BRDA:11,0,1,0
BRDA:11,0,2,0
BRDA:12,1,0,0
BRDA:12,1,1,0
BRDA:12,1,2,0
BRDA:56,2,0,0
BRDA:56,2,1,0
BRDA:80,3,0,0
BRDA:80,3,1,0
BRDA:80,4,0,0
BRDA:80,4,1,0
BRDA:80,4,2,0
BRDA:81,5,0,0
BRDA:81,5,1,0
BRDA:82,6,0,0
BRDA:82,6,1,0
BRF:17
BRH:0
end_of_record
TN:
SF:src\controllers\layanan-unggulan-controller.js
FN:11,(anonymous_0)
FN:48,(anonymous_1)
FN:69,(anonymous_2)
FN:103,(anonymous_3)
FN:123,(anonymous_4)
FN:131,(anonymous_5)
FN:141,(anonymous_6)
FN:162,(anonymous_7)
FN:170,(anonymous_8)
FN:174,(anonymous_9)
FNF:10
FNH:0
FNDA:0,(anonymous_0)
FNDA:0,(anonymous_1)
FNDA:0,(anonymous_2)
FNDA:0,(anonymous_3)
FNDA:0,(anonymous_4)
FNDA:0,(anonymous_5)
FNDA:0,(anonymous_6)
FNDA:0,(anonymous_7)
FNDA:0,(anonymous_8)
FNDA:0,(anonymous_9)
DA:1,3
DA:2,3
DA:3,3
DA:4,3
DA:5,3
DA:9,3
DA:12,0
DA:13,0
DA:14,0
DA:15,0
DA:17,0
DA:18,0
DA:19,0
DA:22,0
DA:27,0
DA:28,0
DA:31,0
DA:32,0
DA:33,0
DA:35,0
DA:36,0
DA:41,0
DA:42,0
DA:43,0
DA:45,0
DA:48,0
DA:50,0
DA:51,0
DA:52,0
DA:57,0
DA:58,0
DA:59,0
DA:60,0
DA:62,0
DA:66,0
DA:68,0
DA:69,0
DA:70,0
DA:71,0
DA:73,0
DA:74,0
DA:75,0
DA:78,0
DA:80,0
DA:81,0
DA:85,0
DA:87,0
DA:88,0
DA:90,0
DA:95,0
DA:96,0
DA:100,0
DA:103,0
DA:104,0
DA:109,0
DA:116,0
DA:123,0
DA:124,0
DA:125,0
DA:126,0
DA:127,0
DA:131,0
DA:132,0
DA:137,0
DA:139,0
DA:140,0
DA:141,0
DA:151,0
DA:153,0
DA:154,0
DA:155,0
DA:158,0
DA:163,0
DA:164,0
DA:170,0
DA:174,0
DA:184,0
DA:188,0
DA:194,0
DA:199,3
LF:80
LH:7
BRDA:18,0,0,0
BRDA:18,0,1,0
BRDA:18,1,0,0
BRDA:18,1,1,0
BRDA:27,2,0,0
BRDA:27,2,1,0
BRDA:32,3,0,0
BRDA:32,3,1,0
BRDA:35,4,0,0
BRDA:35,4,1,0
BRDA:51,5,0,0
BRDA:51,5,1,0
BRDA:58,6,0,0
BRDA:58,6,1,0
BRDA:68,7,0,0
BRDA:68,7,1,0
BRDA:68,8,0,0
BRDA:68,8,1,0
BRDA:74,9,0,0
BRDA:74,9,1,0
BRDA:95,10,0,0
BRDA:95,10,1,0
BRDA:126,11,0,0
BRDA:126,11,1,0
BRDA:139,12,0,0
BRDA:139,12,1,0
BRDA:145,13,0,0
BRDA:145,13,1,0
BRDA:154,14,0,0
BRDA:154,14,1,0
BRDA:184,15,0,0
BRDA:184,15,1,0
BRF:32
BRH:0
end_of_record
TN:
SF:src\controllers\media-sosial-controller.js
FN:6,(anonymous_0)
FN:34,(anonymous_1)
FNF:2
FNH:0
FNDA:0,(anonymous_0)
FNDA:0,(anonymous_1)
DA:1,3
DA:2,3
DA:3,3
DA:7,0
DA:8,0
DA:10,0
DA:11,0
DA:20,0
DA:21,0
DA:22,0
DA:26,0
DA:28,0
DA:30,0
DA:31,0
DA:35,0
DA:36,0
DA:37,0
DA:39,0
DA:44,3
LF:19
LH:4
BRDA:10,0,0,0
BRDA:10,0,1,0
BRDA:21,1,0,0
BRDA:21,1,1,0
BRDA:21,2,0,0
BRDA:21,2,1,0
BRF:6
BRH:0
end_of_record
TN:
SF:src\controllers\oauth-controller.js
FN:6,(anonymous_0)
FN:18,(anonymous_1)
FN:19,(anonymous_2)
FN:70,(anonymous_3)
FNF:4
FNH:0
FNDA:0,(anonymous_0)
FNDA:0,(anonymous_1)
FNDA:0,(anonymous_2)
FNDA:0,(anonymous_3)
DA:1,3
DA:2,3
DA:3,3
DA:4,3
DA:7,0
DA:8,0
DA:12,0
DA:19,0
DA:21,0
DA:23,0
DA:24,0
DA:25,0
DA:26,0
DA:29,0
DA:30,0
DA:33,0
DA:37,0
DA:38,0
DA:39,0
DA:46,0
DA:47,0
DA:49,0
DA:57,0
DA:65,0
DA:71,0
DA:73,0
DA:74,0
DA:77,0
DA:85,0
DA:93,0
DA:96,3
LF:31
LH:5
BRDA:7,0,0,0
BRDA:7,0,1,0
BRDA:24,1,0,0
BRDA:24,1,1,0
BRDA:29,2,0,0
BRDA:29,2,1,0
BRDA:37,3,0,0
BRDA:37,3,1,0
BRDA:37,4,0,0
BRDA:37,4,1,0
BRDA:41,5,0,0
BRDA:41,5,1,0
BRDA:52,6,0,0
BRDA:52,6,1,0
BRDA:60,7,0,0
BRDA:60,7,1,0
BRDA:73,8,0,0
BRDA:73,8,1,0
BRDA:73,9,0,0
BRDA:73,9,1,0
BRDA:80,10,0,0
BRDA:80,10,1,0
BRDA:88,11,0,0
BRDA:88,11,1,0
BRF:24
BRH:0
end_of_record
TN:
SF:src\controllers\pelayanan-controller.js
FN:5,(anonymous_0)
FN:27,(anonymous_1)
FN:39,(anonymous_2)
FN:49,(anonymous_3)
FNF:4
FNH:0
FNDA:0,(anonymous_0)
FNDA:0,(anonymous_1)
FNDA:0,(anonymous_2)
FNDA:0,(anonymous_3)
DA:1,3
DA:2,3
DA:6,0
DA:8,0
DA:9,0
DA:16,0
DA:23,0
DA:28,0
DA:29,0
DA:30,0
DA:36,0
DA:40,0
DA:41,0
DA:42,0
DA:43,0
DA:45,0
DA:50,0
DA:51,0
DA:52,0
DA:56,0
DA:62,0
DA:67,3
LF:22
LH:3
BRF:0
BRH:0
end_of_record
TN:
SF:src\controllers\poli-controller.js
FN:5,(anonymous_0)
FN:16,(anonymous_1)
FN:28,(anonymous_2)
FN:37,(anonymous_3)
FN:50,(anonymous_4)
FNF:5
FNH:5
FNDA:1,(anonymous_0)
FNDA:1,(anonymous_1)
FNDA:1,(anonymous_2)
FNDA:1,(anonymous_3)
FNDA:1,(anonymous_4)
DA:1,3
DA:2,3
DA:3,3
DA:6,1
DA:7,1
DA:9,1
DA:10,1
DA:12,0
DA:17,1
DA:18,1
DA:19,1
DA:25,0
DA:29,1
DA:30,1
DA:31,1
DA:32,1
DA:34,0
DA:38,1
DA:39,1
DA:40,1
DA:41,1
DA:47,0
DA:51,1
DA:52,1
DA:53,1
DA:54,1
DA:55,1
DA:57,0
DA:62,3
LF:29
LH:24
BRF:0
BRH:0
end_of_record
TN:
SF:src\controllers\profil-controller.js
FN:5,(anonymous_0)
FN:16,(anonymous_1)
FN:31,(anonymous_2)
FN:46,(anonymous_3)
FN:61,(anonymous_4)
FNF:5
FNH:0
FNDA:0,(anonymous_0)
FNDA:0,(anonymous_1)
FNDA:0,(anonymous_2)
FNDA:0,(anonymous_3)
FNDA:0,(anonymous_4)
DA:1,3
DA:2,3
DA:6,0
DA:8,0
DA:9,0
DA:10,0
DA:12,0
DA:17,0
DA:18,0
DA:19,0
DA:20,0
DA:26,0
DA:28,0
DA:32,0
DA:33,0
DA:35,0
DA:36,0
DA:40,0
DA:42,0
DA:47,0
DA:49,0
DA:50,0
DA:51,0
DA:57,0
DA:62,0
DA:63,0
DA:65,0
DA:66,0
DA:70,0
DA:72,0
DA:77,3
LF:31
LH:3
BRF:0
BRH:0
end_of_record
TN:
SF:src\cron\cleanup-revoked-token-cron.js
FNF:0
FNH:0
LF:0
LH:0
BRF:0
BRH:0
end_of_record
TN:
SF:src\cron\delete-komentar-cron.js
FNF:0
FNH:0
LF:0
LH:0
BRF:0
BRH:0
end_of_record
TN:
SF:src\helpers\jadwal-map-helper.js
FN:2,(anonymous_0)
FN:5,(anonymous_1)
FN:19,(anonymous_2)
FNF:3
FNH:0
FNDA:0,(anonymous_0)
FNDA:0,(anonymous_1)
FNDA:0,(anonymous_2)
DA:1,3
DA:3,0
DA:5,0
DA:6,0
DA:8,0
DA:9,0
DA:18,0
DA:19,0
DA:22,0
DA:23,0
DA:28,0
DA:31,0
DA:32,0
DA:36,0
LF:14
LH:1
BRDA:8,0,0,0
BRDA:8,0,1,0
BRDA:22,1,0,0
BRDA:22,1,1,0
BRDA:31,2,0,0
BRDA:31,2,1,0
BRF:6
BRH:0
end_of_record
TN:
SF:src\helpers\nodemailer-helper.js
FN:13,(anonymous_0)
FN:33,(anonymous_1)
FN:48,(anonymous_2)
FNF:3
FNH:0
FNDA:0,(anonymous_0)
FNDA:0,(anonymous_1)
FNDA:0,(anonymous_2)
DA:1,3
DA:2,3
DA:4,3
DA:13,3
DA:14,0
DA:15,0
DA:26,0
DA:28,0
DA:33,3
DA:34,0
DA:35,0
DA:41,0
DA:43,0
DA:48,3
DA:49,0
DA:50,0
DA:56,0
DA:58,0
DA:62,3
LF:19
LH:7
BRF:0
BRH:0
end_of_record
TN:
SF:src\helpers\response-helper.js
FN:4,(anonymous_0)
FN:13,(anonymous_1)
FN:22,(anonymous_2)
FNF:3
FNH:3
FNDA:13,(anonymous_0)
FNDA:3,(anonymous_1)
FNDA:5,(anonymous_2)
DA:1,3
DA:5,13
DA:14,3
DA:23,5
DA:24,5
DA:25,5
DA:26,5
DA:34,3
LF:8
LH:8
BRDA:4,0,0,0
BRDA:4,1,0,13
BRDA:13,2,0,0
BRDA:13,3,0,3
BRDA:24,4,0,5
BRDA:24,4,1,0
BRDA:25,5,0,5
BRDA:25,5,1,0
BRF:8
BRH:4
end_of_record
TN:
SF:src\middlewares\auth-middleware.js
FN:5,auth
FN:21,(anonymous_1)
FN:38,authorizeRole
FN:39,(anonymous_3)
FNF:4
FNH:4
FNDA:12,auth
FNDA:12,(anonymous_1)
FNDA:81,authorizeRole
FNDA:10,(anonymous_3)
DA:1,3
DA:2,3
DA:3,3
DA:6,12
DA:7,12
DA:8,12
DA:9,0
DA:10,0
DA:11,0
DA:14,12
DA:15,12
DA:16,0
DA:17,0
DA:18,0
DA:21,12
DA:22,12
DA:23,0
DA:24,0
DA:25,0
DA:26,0
DA:28,12
DA:29,12
DA:32,0
DA:33,0
DA:34,0
DA:39,81
DA:40,10
DA:41,0
DA:42,0
DA:43,0
DA:44,0
DA:46,10
DA:50,3
LF:33
LH:16
BRDA:8,0,0,0
BRDA:8,0,1,12
BRDA:15,1,0,0
BRDA:15,1,1,12
BRDA:22,2,0,0
BRDA:22,2,1,12
BRDA:32,3,0,0
BRDA:32,3,1,0
BRDA:40,4,0,0
BRDA:40,4,1,10
BRDA:40,5,0,10
BRDA:40,5,1,10
BRF:12
BRH:6
end_of_record
TN:
SF:src\middlewares\multer-error-handling-middleware.js
FN:3,(anonymous_0)
FNF:1
FNH:0
FNDA:0,(anonymous_0)
DA:1,3
DA:3,3
DA:5,0
DA:6,0
DA:14,0
DA:20,0
DA:21,0
DA:27,0
DA:30,3
LF:9
LH:3
BRDA:5,0,0,0
BRDA:5,0,1,0
BRDA:17,1,0,0
BRDA:17,1,1,0
BRDA:20,2,0,0
BRDA:20,2,1,0
BRDA:24,3,0,0
BRDA:24,3,1,0
BRF:8
BRH:0
end_of_record
TN:
SF:src\middlewares\multer-middleware.js
FN:13,(anonymous_0)
FN:16,(anonymous_1)
FN:24,(anonymous_2)
FNF:3
FNH:3
FNDA:4,(anonymous_0)
FNDA:4,(anonymous_1)
FNDA:4,(anonymous_2)
DA:1,3
DA:2,3
DA:3,3
DA:6,3
DA:7,3
DA:8,0
DA:12,3
DA:14,4
DA:17,4
DA:18,4
DA:19,4
DA:24,3
DA:25,4
DA:27,4
DA:28,4
DA:30,0
DA:35,3
DA:44,3
LF:18
LH:16
BRDA:7,0,0,0
BRDA:7,0,1,3
BRDA:27,1,0,4
BRDA:27,1,1,0
BRF:4
BRH:2
end_of_record
TN:
SF:src\prisma\prismaClient.js
FNF:0
FNH:0
DA:1,3
DA:2,3
DA:3,3
LF:3
LH:3
BRF:0
BRH:0
end_of_record
TN:
SF:src\routes\aduan-route.js
FNF:0
FNH:0
DA:1,3
DA:2,3
DA:3,3
DA:4,3
DA:82,3
DA:153,3
DA:225,3
DA:310,3
DA:377,3
DA:477,3
DA:484,3
LF:11
LH:11
BRF:0
BRH:0
end_of_record
TN:
SF:src\routes\auth-route.js
FNF:0
FNH:0
DA:1,3
DA:2,3
DA:3,3
DA:4,3
DA:98,3
DA:190,3
DA:232,3
DA:279,3
DA:291,3
LF:9
LH:9
BRF:0
BRH:0
end_of_record
TN:
SF:src\routes\banner-route.js
FNF:0
FNH:0
DA:1,3
DA:2,3
DA:3,3
DA:4,3
DA:5,3
DA:65,3
DA:118,3
DA:182,3
DA:184,3
LF:9
LH:9
BRF:0
BRH:0
end_of_record
TN:
SF:src\routes\berita-route.js
FNF:0
FNH:0
DA:1,3
DA:2,3
DA:3,3
DA:4,3
DA:5,3
DA:117,3
DA:257,3
DA:368,3
DA:477,3
DA:611,3
DA:705,3
DA:807,3
DA:915,3
DA:1044,3
DA:1053,3
LF:15
LH:15
BRF:0
BRH:0
end_of_record
TN:
SF:src\routes\dokter-route.js
FNF:0
FNH:0
DA:1,3
DA:2,3
DA:3,3
DA:4,3
DA:5,3
DA:6,3
DA:120,3
DA:275,3
DA:404,3
DA:502,3
DA:640,3
DA:734,3
DA:742,3
LF:13
LH:13
BRF:0
BRH:0
end_of_record
TN:
SF:src\routes\jadwal-dokter-route.js
FNF:0
FNH:0
DA:1,3
DA:2,3
DA:3,3
DA:4,3
DA:161,3
DA:311,3
DA:420,3
DA:568,3
DA:729,3
DA:872,3
DA:948,3
DA:955,3
LF:12
LH:12
BRF:0
BRH:0
end_of_record
TN:
SF:src\routes\komentar-route.js
FNF:0
FNH:0
DA:1,3
DA:2,3
DA:3,3
DA:4,3
DA:125,3
DA:271,3
DA:417,3
DA:538,3
DA:696,3
DA:705,3
LF:10
LH:10
BRF:0
BRH:0
end_of_record
TN:
SF:src\routes\layanan-unggulan-route.js
FNF:0
FNH:0
DA:1,3
DA:2,3
DA:3,3
DA:4,3
DA:5,3
DA:80,3
DA:169,3
DA:178,3
LF:8
LH:8
BRF:0
BRH:0
end_of_record
TN:
SF:src\routes\media-sosial-route.js
FNF:0
FNH:0
DA:1,3
DA:2,3
DA:3,3
DA:4,3
DA:79,3
DA:187,3
DA:189,3
LF:7
LH:7
BRF:0
BRH:0
end_of_record
TN:
SF:src\routes\oauth-route.js
FNF:0
FNH:0
DA:1,3
DA:2,3
DA:3,3
DA:4,3
DA:39,3
DA:74,3
DA:143,3
DA:145,3
LF:8
LH:8
BRF:0
BRH:0
end_of_record
TN:
SF:src\routes\pelayanan-route.js
FNF:0
FNH:0
DA:1,3
DA:2,3
DA:3,3
DA:4,3
DA:109,3
DA:159,3
DA:244,3
DA:354,3
DA:361,3
LF:9
LH:9
BRF:0
BRH:0
end_of_record
TN:
SF:src\routes\poli-route.js
FNF:0
FNH:0
DA:1,3
DA:2,3
DA:3,3
DA:4,3
DA:102,3
DA:173,3
DA:267,3
DA:378,3
DA:497,3
DA:499,3
LF:10
LH:10
BRF:0
BRH:0
end_of_record
TN:
SF:src\routes\profil-route.js
FNF:0
FNH:0
DA:1,3
DA:2,3
DA:3,3
DA:5,3
DA:100,3
DA:107,3
DA:210,3
DA:314,3
DA:437,3
DA:439,3
LF:10
LH:10
BRF:0
BRH:0
end_of_record
TN:
SF:src\services\aduan-service.js
FN:9,(anonymous_0)
FN:34,(anonymous_1)
FN:40,(anonymous_2)
FN:51,(anonymous_3)
FN:64,(anonymous_4)
FN:70,(anonymous_5)
FN:81,(anonymous_6)
FN:94,(anonymous_7)
FN:134,(anonymous_8)
FN:157,(anonymous_9)
FNF:10
FNH:0
FNDA:0,(anonymous_0)
FNDA:0,(anonymous_1)
FNDA:0,(anonymous_2)
FNDA:0,(anonymous_3)
FNDA:0,(anonymous_4)
FNDA:0,(anonymous_5)
FNDA:0,(anonymous_6)
FNDA:0,(anonymous_7)
FNDA:0,(anonymous_8)
FNDA:0,(anonymous_9)
DA:1,3
DA:6,3
DA:10,0
DA:11,0
DA:16,0
DA:20,0
DA:35,0
DA:39,0
DA:40,0
DA:51,0
DA:65,0
DA:69,0
DA:70,0
DA:81,0
DA:95,0
DA:97,0
DA:98,0
DA:99,0
DA:100,0
DA:135,0
DA:137,0
DA:138,0
DA:140,0
DA:158,0
DA:159,0
DA:160,0
DA:161,0
DA:162,0
DA:165,0
DA:166,0
DA:168,0
DA:172,0
DA:186,3
LF:33
LH:3
BRDA:10,0,0,0
BRDA:10,0,1,0
BRDA:10,1,0,0
BRDA:10,1,1,0
BRDA:10,1,2,0
BRDA:95,2,0,0
BRDA:95,2,1,0
BRDA:98,3,0,0
BRDA:98,3,1,0
BRDA:99,4,0,0
BRDA:99,4,1,0
BRDA:135,5,0,0
BRDA:135,5,1,0
BRDA:138,6,0,0
BRDA:138,6,1,0
BRDA:158,7,0,0
BRDA:158,7,1,0
BRDA:159,8,0,0
BRDA:159,8,1,0
BRDA:161,9,0,0
BRDA:161,9,1,0
BRDA:161,10,0,0
BRDA:161,10,1,0
BRDA:166,11,0,0
BRDA:166,11,1,0
BRF:25
BRH:0
end_of_record
TN:
SF:src\services\auth-service.js
FN:14,(anonymous_0)
FN:44,(anonymous_1)
FNF:2
FNH:2
FNDA:1,(anonymous_0)
FNDA:1,(anonymous_1)
DA:1,3
DA:5,3
DA:6,3
DA:7,3
DA:8,3
DA:11,3
DA:15,1
DA:16,0
DA:18,1
DA:19,1
DA:21,0
DA:24,1
DA:26,1
DA:27,0
DA:30,1
DA:31,1
DA:41,1
DA:45,1
DA:46,0
DA:49,1
DA:50,1
DA:51,0
DA:54,1
DA:55,1
DA:56,0
DA:58,1
DA:59,1
DA:60,1
DA:72,1
DA:76,3
LF:30
LH:24
BRDA:15,0,0,0
BRDA:15,0,1,1
BRDA:15,1,0,1
BRDA:15,1,1,1
BRDA:15,1,2,1
BRDA:15,1,3,1
BRDA:26,2,0,0
BRDA:26,2,1,1
BRDA:36,3,0,1
BRDA:36,3,1,0
BRDA:45,4,0,0
BRDA:45,4,1,1
BRDA:45,5,0,1
BRDA:45,5,1,1
BRDA:50,6,0,0
BRDA:50,6,1,1
BRDA:55,7,0,0
BRDA:55,7,1,1
BRF:18
BRH:12
end_of_record
TN:
SF:src\services\banner-service.js
FN:8,(anonymous_0)
FN:17,(anonymous_1)
FN:67,(anonymous_2)
FN:93,(anonymous_3)
FN:103,(anonymous_4)
FN:113,(anonymous_5)
FN:114,(anonymous_6)
FNF:7
FNH:0
FNDA:0,(anonymous_0)
FNDA:0,(anonymous_1)
FNDA:0,(anonymous_2)
FNDA:0,(anonymous_3)
FNDA:0,(anonymous_4)
FNDA:0,(anonymous_5)
FNDA:0,(anonymous_6)
DA:1,3
DA:2,3
DA:3,3
DA:4,3
DA:5,3
DA:9,0
DA:10,0
DA:13,0
DA:14,0
DA:16,0
DA:17,0
DA:18,0
DA:19,0
DA:23,0
DA:28,0
DA:29,0
DA:31,0
DA:32,0
DA:33,0
DA:34,0
DA:35,0
DA:37,0
DA:44,0
DA:47,0
DA:49,0
DA:51,0
DA:57,0
DA:61,0
DA:64,0
DA:67,0
DA:68,0
DA:69,0
DA:71,0
DA:76,0
DA:78,0
DA:79,0
DA:83,0
DA:84,0
DA:89,0
DA:94,0
DA:97,0
DA:98,0
DA:100,0
DA:104,0
DA:105,0
DA:108,0
DA:113,0
DA:114,0
DA:115,0
DA:116,0
DA:122,0
DA:124,0
DA:125,0
DA:126,0
DA:127,0
DA:128,0
DA:129,0
DA:131,0
DA:132,0
DA:133,0
DA:136,0
DA:142,0
DA:146,0
DA:150,3
LF:64
LH:6
BRDA:9,0,0,0
BRDA:9,0,1,0
BRDA:9,1,0,0
BRDA:9,1,1,0
BRDA:16,2,0,0
BRDA:16,2,1,0
BRDA:18,3,0,0
BRDA:18,3,1,0
BRDA:18,4,0,0
BRDA:18,4,1,0
BRDA:47,5,0,0
BRDA:47,5,1,0
BRDA:76,6,0,0
BRDA:76,6,1,0
BRDA:78,7,0,0
BRDA:78,7,1,0
BRDA:78,8,0,0
BRDA:78,8,1,0
BRDA:97,9,0,0
BRDA:97,9,1,0
BRDA:104,10,0,0
BRDA:104,10,1,0
BRDA:104,11,0,0
BRDA:104,11,1,0
BRDA:104,11,2,0
BRDA:115,12,0,0
BRDA:115,12,1,0
BRDA:125,13,0,0
BRDA:125,13,1,0
BRDA:131,14,0,0
BRDA:131,14,1,0
BRF:31
BRH:0
end_of_record
TN:
SF:src\services\berita-service.js
FN:9,(anonymous_0)
FN:87,(anonymous_1)
FN:108,(anonymous_2)
FN:114,(anonymous_3)
FN:143,(anonymous_4)
FN:174,(anonymous_5)
FN:177,(anonymous_6)
FN:277,(anonymous_7)
FN:288,(anonymous_8)
FN:306,(anonymous_9)
FN:323,(anonymous_10)
FN:337,(anonymous_11)
FN:354,(anonymous_12)
FN:418,(anonymous_13)
FN:436,(anonymous_14)
FN:461,(anonymous_15)
FN:498,(anonymous_16)
FN:504,(anonymous_17)
FNF:18
FNH:0
FNDA:0,(anonymous_0)
FNDA:0,(anonymous_1)
FNDA:0,(anonymous_2)
FNDA:0,(anonymous_3)
FNDA:0,(anonymous_4)
FNDA:0,(anonymous_5)
FNDA:0,(anonymous_6)
FNDA:0,(anonymous_7)
FNDA:0,(anonymous_8)
FNDA:0,(anonymous_9)
FNDA:0,(anonymous_10)
FNDA:0,(anonymous_11)
FNDA:0,(anonymous_12)
FNDA:0,(anonymous_13)
FNDA:0,(anonymous_14)
FNDA:0,(anonymous_15)
FNDA:0,(anonymous_16)
FNDA:0,(anonymous_17)
DA:1,3
DA:2,3
DA:3,3
DA:4,3
DA:5,3
DA:6,3
DA:10,0
DA:12,0
DA:13,0
DA:15,0
DA:18,0
DA:19,0
DA:20,0
DA:22,0
DA:23,0
DA:26,0
DA:27,0
DA:28,0
DA:29,0
DA:32,0
DA:36,0
DA:42,0
DA:44,0
DA:45,0
DA:48,0
DA:50,0
DA:51,0
DA:54,0
DA:64,0
DA:80,0
DA:81,0
DA:83,0
DA:93,0
DA:95,0
DA:97,0
DA:103,0
DA:104,0
DA:108,0
DA:109,0
DA:110,0
DA:111,0
DA:114,0
DA:131,0
DA:133,0
DA:144,0
DA:145,0
DA:147,0
DA:151,0
DA:152,0
DA:154,0
DA:174,0
DA:185,0
DA:186,0
DA:187,0
DA:189,0
DA:192,0
DA:195,0
DA:196,0
DA:197,0
DA:199,0
DA:202,0
DA:204,0
DA:205,0
DA:206,0
DA:207,0
DA:209,0
DA:213,0
DA:219,0
DA:221,0
DA:222,0
DA:224,0
DA:227,0
DA:228,0
DA:233,0
DA:234,0
DA:235,0
DA:239,0
DA:240,0
DA:243,0
DA:254,0
DA:270,0
DA:271,0
DA:273,0
DA:278,0
DA:279,0
DA:280,0
DA:283,0
DA:286,0
DA:289,0
DA:290,0
DA:292,0
DA:296,0
DA:297,0
DA:300,0
DA:304,0
DA:307,0
DA:308,0
DA:311,0
DA:312,0
DA:315,0
DA:317,0
DA:321,0
DA:323,0
DA:324,0
DA:325,0
DA:328,0
DA:331,0
DA:334,0
DA:336,0
DA:337,0
DA:338,0
DA:339,0
DA:342,0
DA:348,0
DA:349,0
DA:350,0
DA:353,0
DA:355,0
DA:356,0
DA:357,0
DA:359,0
DA:360,0
DA:361,0
DA:364,0
DA:369,0
DA:376,0
DA:380,0
DA:381,0
DA:384,0
DA:386,0
DA:387,0
DA:390,0
DA:401,0
DA:407,0
DA:408,0
DA:410,0
DA:415,0
DA:419,0
DA:420,0
DA:425,0
DA:432,0
DA:433,0
DA:436,0
DA:437,0
DA:438,0
DA:441,0
DA:442,0
DA:445,0
DA:452,0
DA:459,0
DA:467,0
DA:469,0
DA:478,0
DA:479,0
DA:482,0
DA:494,0
DA:495,0
DA:498,0
DA:499,0
DA:500,0
DA:501,0
DA:504,0
DA:521,0
DA:522,0
DA:534,3
LF:165
LH:7
BRDA:10,0,0,0
BRDA:10,0,1,0
BRDA:10,1,0,0
BRDA:10,1,1,0
BRDA:10,1,2,0
BRDA:10,1,3,0
BRDA:10,1,4,0
BRDA:12,2,0,0
BRDA:12,2,1,0
BRDA:12,3,0,0
BRDA:12,3,1,0
BRDA:12,3,2,0
BRDA:22,4,0,0
BRDA:22,4,1,0
BRDA:27,5,0,0
BRDA:27,5,1,0
BRDA:27,6,0,0
BRDA:27,6,1,0
BRDA:80,7,0,0
BRDA:80,7,1,0
BRDA:80,8,0,0
BRDA:80,8,1,0
BRDA:80,8,2,0
BRDA:103,9,0,0
BRDA:103,9,1,0
BRDA:110,10,0,0
BRDA:110,10,1,0
BRDA:144,11,0,0
BRDA:144,11,1,0
BRDA:151,12,0,0
BRDA:151,12,1,0
BRDA:185,13,0,0
BRDA:185,13,1,0
BRDA:185,14,0,0
BRDA:185,14,1,0
BRDA:185,14,2,0
BRDA:185,14,3,0
BRDA:185,14,4,0
BRDA:186,15,0,0
BRDA:186,15,1,0
BRDA:186,16,0,0
BRDA:186,16,1,0
BRDA:186,16,2,0
BRDA:195,17,0,0
BRDA:195,17,1,0
BRDA:196,18,0,0
BRDA:196,18,1,0
BRDA:196,19,0,0
BRDA:196,19,1,0
BRDA:196,19,2,0
BRDA:205,20,0,0
BRDA:205,20,1,0
BRDA:205,21,0,0
BRDA:205,21,1,0
BRDA:227,22,0,0
BRDA:227,22,1,0
BRDA:233,23,0,0
BRDA:233,23,1,0
BRDA:270,24,0,0
BRDA:270,24,1,0
BRDA:270,25,0,0
BRDA:270,25,1,0
BRDA:270,25,2,0
BRDA:279,26,0,0
BRDA:279,26,1,0
BRDA:289,27,0,0
BRDA:289,27,1,0
BRDA:296,28,0,0
BRDA:296,28,1,0
BRDA:307,29,0,0
BRDA:307,29,1,0
BRDA:311,30,0,0
BRDA:311,30,1,0
BRDA:311,31,0,0
BRDA:311,31,1,0
BRDA:311,31,2,0
BRDA:321,32,0,0
BRDA:321,32,1,0
BRDA:324,33,0,0
BRDA:324,33,1,0
BRDA:324,34,0,0
BRDA:324,34,1,0
BRDA:324,34,2,0
BRDA:336,35,0,0
BRDA:336,35,1,0
BRDA:338,36,0,0
BRDA:338,36,1,0
BRDA:338,37,0,0
BRDA:338,37,1,0
BRDA:338,37,2,0
BRDA:349,38,0,0
BRDA:349,38,1,0
BRDA:359,39,0,0
BRDA:359,39,1,0
BRDA:359,40,0,0
BRDA:359,40,1,0
BRDA:407,41,0,0
BRDA:407,41,1,0
BRDA:407,42,0,0
BRDA:407,42,1,0
BRDA:407,42,2,0
BRDA:419,43,0,0
BRDA:419,43,1,0
BRDA:419,44,0,0
BRDA:419,44,1,0
BRDA:432,45,0,0
BRDA:432,45,1,0
BRDA:441,46,0,0
BRDA:441,46,1,0
BRDA:478,47,0,0
BRDA:478,47,1,0
BRDA:478,48,0,0
BRDA:478,48,1,0
BRDA:494,49,0,0
BRDA:494,49,1,0
BRDA:500,50,0,0
BRDA:500,50,1,0
BRF:117
BRH:0
end_of_record
TN:
SF:src\services\dokter-service.js
FN:12,(anonymous_0)
FN:118,(anonymous_1)
FN:177,(anonymous_2)
FN:202,(anonymous_3)
FN:245,(anonymous_4)
FN:278,(anonymous_5)
FN:382,(anonymous_6)
FNF:7
FNH:7
FNDA:3,(anonymous_0)
FNDA:1,(anonymous_1)
FNDA:10,(anonymous_2)
FNDA:2,(anonymous_3)
FNDA:1,(anonymous_4)
FNDA:3,(anonymous_5)
FNDA:2,(anonymous_6)
DA:1,3
DA:5,3
DA:6,3
DA:7,3
DA:8,3
DA:9,3
DA:21,3
DA:29,1
DA:30,0
DA:31,0
DA:35,1
DA:38,2
DA:39,2
DA:40,1
DA:41,1
DA:42,1
DA:44,1
DA:47,1
DA:48,1
DA:50,1
DA:51,1
DA:52,1
DA:53,1
DA:55,1
DA:58,1
DA:59,0
DA:63,1
DA:68,1
DA:71,1
DA:73,1
DA:74,1
DA:77,1
DA:79,1
DA:80,1
DA:83,1
DA:97,1
DA:103,0
DA:104,0
DA:105,0
DA:109,0
DA:110,0
DA:111,0
DA:114,0
DA:124,1
DA:125,1
DA:126,0
DA:129,1
DA:149,1
DA:174,1
DA:175,0
DA:177,10
DA:191,1
DA:192,1
DA:208,2
DA:210,2
DA:211,2
DA:230,2
DA:231,0
DA:233,2
DA:234,2
DA:246,1
DA:247,0
DA:250,1
DA:257,1
DA:258,0
DA:261,1
DA:288,3
DA:295,1
DA:296,0
DA:297,0
DA:301,1
DA:305,2
DA:306,2
DA:308,2
DA:309,1
DA:310,1
DA:311,1
DA:315,1
DA:319,1
DA:322,1
DA:324,1
DA:325,1
DA:326,1
DA:332,1
DA:333,1
DA:338,1
DA:339,1
DA:341,1
DA:343,1
DA:350,1
DA:352,1
DA:353,1
DA:356,1
DA:359,1
DA:363,1
DA:376,1
DA:384,2
DA:386,2
DA:387,1
DA:391,1
DA:392,1
DA:393,1
DA:395,1
DA:396,1
DA:397,1
DA:399,0
DA:407,1
DA:409,1
DA:413,3
LF:109
LH:91
BRDA:21,0,0,1
BRDA:21,0,1,2
BRDA:22,1,0,3
BRDA:22,1,1,3
BRDA:22,1,2,3
BRDA:22,1,3,2
BRDA:22,1,4,2
BRDA:29,2,0,0
BRDA:29,2,1,1
BRDA:29,3,0,1
BRDA:29,3,1,0
BRDA:29,3,2,0
BRDA:39,4,0,1
BRDA:39,4,1,1
BRDA:40,5,0,1
BRDA:40,5,1,0
BRDA:40,6,0,1
BRDA:40,6,1,1
BRDA:40,6,2,1
BRDA:51,7,0,1
BRDA:51,7,1,0
BRDA:51,8,0,1
BRDA:51,8,1,1
BRDA:58,9,0,0
BRDA:58,9,1,1
BRDA:103,10,0,0
BRDA:103,10,1,0
BRDA:103,11,0,0
BRDA:103,11,1,0
BRDA:109,12,0,0
BRDA:109,12,1,0
BRDA:109,13,0,0
BRDA:109,13,1,0
BRDA:109,13,2,0
BRDA:125,14,0,0
BRDA:125,14,1,1
BRDA:174,15,0,0
BRDA:174,15,1,1
BRDA:174,16,0,1
BRDA:174,16,1,1
BRDA:230,17,0,0
BRDA:230,17,1,2
BRDA:230,18,0,2
BRDA:230,18,1,2
BRDA:246,19,0,0
BRDA:246,19,1,1
BRDA:257,20,0,0
BRDA:257,20,1,1
BRDA:288,21,0,1
BRDA:288,21,1,2
BRDA:289,22,0,3
BRDA:289,22,1,3
BRDA:289,22,2,2
BRDA:289,22,3,2
BRDA:289,22,4,2
BRDA:295,23,0,0
BRDA:295,23,1,1
BRDA:295,24,0,1
BRDA:295,24,1,0
BRDA:295,24,2,0
BRDA:308,25,0,1
BRDA:308,25,1,1
BRDA:308,26,0,2
BRDA:308,26,1,1
BRDA:309,27,0,1
BRDA:309,27,1,0
BRDA:309,28,0,1
BRDA:309,28,1,1
BRDA:309,28,2,1
BRDA:322,29,0,1
BRDA:322,29,1,0
BRDA:322,30,0,1
BRDA:322,30,1,1
BRDA:324,31,0,1
BRDA:324,31,1,0
BRDA:324,32,0,1
BRDA:324,32,1,1
BRDA:332,33,0,1
BRDA:332,33,1,0
BRDA:386,34,0,1
BRDA:386,34,1,1
BRDA:391,35,0,1
BRDA:391,35,1,0
BRDA:391,36,0,1
BRDA:391,36,1,1
BRDA:395,37,0,1
BRDA:395,37,1,0
BRF:87
BRH:58
end_of_record
TN:
SF:src\services\jadwal-dokter-service.js
FN:7,(anonymous_0)
FN:66,(anonymous_1)
FN:83,(anonymous_2)
FN:116,(anonymous_3)
FN:189,(anonymous_4)
FN:250,(anonymous_5)
FN:324,(anonymous_6)
FNF:7
FNH:0
FNDA:0,(anonymous_0)
FNDA:0,(anonymous_1)
FNDA:0,(anonymous_2)
FNDA:0,(anonymous_3)
FNDA:0,(anonymous_4)
FNDA:0,(anonymous_5)
FNDA:0,(anonymous_6)
DA:1,3
DA:2,3
DA:3,3
DA:4,3
DA:8,0
DA:10,0
DA:11,0
DA:14,0
DA:15,0
DA:17,0
DA:18,0
DA:23,0
DA:24,0
DA:26,0
DA:27,0
DA:33,0
DA:35,0
DA:36,0
DA:38,0
DA:39,0
DA:40,0
DA:41,0
DA:42,0
DA:44,0
DA:47,0
DA:60,0
DA:72,0
DA:74,0
DA:79,0
DA:80,0
DA:81,0
DA:83,0
DA:84,0
DA:99,0
DA:100,0
DA:103,0
DA:105,0
DA:117,0
DA:118,0
DA:121,0
DA:122,0
DA:123,0
DA:126,0
DA:130,0
DA:132,0
DA:141,0
DA:142,0
DA:152,0
DA:154,0
DA:173,0
DA:174,0
DA:177,0
DA:179,0
DA:190,0
DA:191,0
DA:199,0
DA:201,0
DA:212,0
DA:213,0
DA:216,0
DA:237,0
DA:239,0
DA:251,0
DA:254,0
DA:255,0
DA:258,0
DA:259,0
DA:264,0
DA:266,0
DA:267,0
DA:268,0
DA:269,0
DA:273,0
DA:277,0
DA:278,0
DA:283,0
DA:284,0
DA:286,0
DA:287,0
DA:293,0
DA:295,0
DA:296,0
DA:299,0
DA:305,0
DA:318,0
DA:325,0
DA:326,0
DA:327,0
DA:330,0
DA:334,0
DA:340,3
LF:91
LH:5
BRDA:10,0,0,0
BRDA:10,0,1,0
BRDA:17,1,0,0
BRDA:17,1,1,0
BRDA:17,2,0,0
BRDA:17,2,1,0
BRDA:26,3,0,0
BRDA:26,3,1,0
BRDA:26,4,0,0
BRDA:26,4,1,0
BRDA:26,4,2,0
BRDA:39,5,0,0
BRDA:39,5,1,0
BRDA:39,6,0,0
BRDA:39,6,1,0
BRDA:41,7,0,0
BRDA:41,7,1,0
BRDA:41,8,0,0
BRDA:41,8,1,0
BRDA:99,9,0,0
BRDA:99,9,1,0
BRDA:117,10,0,0
BRDA:117,10,1,0
BRDA:117,11,0,0
BRDA:117,11,1,0
BRDA:122,12,0,0
BRDA:122,12,1,0
BRDA:141,13,0,0
BRDA:141,13,1,0
BRDA:173,14,0,0
BRDA:173,14,1,0
BRDA:190,15,0,0
BRDA:190,15,1,0
BRDA:212,16,0,0
BRDA:212,16,1,0
BRDA:254,17,0,0
BRDA:254,17,1,0
BRDA:258,18,0,0
BRDA:258,18,1,0
BRDA:258,19,0,0
BRDA:258,19,1,0
BRDA:268,20,0,0
BRDA:268,20,1,0
BRDA:268,21,0,0
BRDA:268,21,1,0
BRDA:277,22,0,0
BRDA:277,22,1,0
BRDA:286,23,0,0
BRDA:286,23,1,0
BRDA:286,24,0,0
BRDA:286,24,1,0
BRDA:286,24,2,0
BRDA:299,25,0,0
BRDA:299,25,1,0
BRDA:299,26,0,0
BRDA:299,26,1,0
BRDA:301,27,0,0
BRDA:301,27,1,0
BRDA:301,28,0,0
BRDA:301,28,1,0
BRDA:326,29,0,0
BRDA:326,29,1,0
BRF:62
BRH:0
end_of_record
TN:
SF:src\services\komentar-service.js
FN:5,(anonymous_0)
FN:22,(anonymous_1)
FN:31,(anonymous_2)
FN:41,(anonymous_3)
FN:66,(anonymous_4)
FN:93,(anonymous_5)
FN:105,(anonymous_6)
FN:115,(anonymous_7)
FN:124,(anonymous_8)
FN:154,(anonymous_9)
FN:160,(anonymous_10)
FN:179,(anonymous_11)
FNF:12
FNH:0
FNDA:0,(anonymous_0)
FNDA:0,(anonymous_1)
FNDA:0,(anonymous_2)
FNDA:0,(anonymous_3)
FNDA:0,(anonymous_4)
FNDA:0,(anonymous_5)
FNDA:0,(anonymous_6)
FNDA:0,(anonymous_7)
FNDA:0,(anonymous_8)
FNDA:0,(anonymous_9)
FNDA:0,(anonymous_10)
FNDA:0,(anonymous_11)
DA:1,3
DA:2,3
DA:3,3
DA:6,0
DA:7,0
DA:10,0
DA:19,0
DA:23,0
DA:27,0
DA:28,0
DA:31,0
DA:32,0
DA:38,0
DA:39,0
DA:41,0
DA:42,0
DA:50,0
DA:52,0
DA:58,0
DA:66,0
DA:67,0
DA:68,0
DA:69,0
DA:78,0
DA:93,0
DA:102,0
DA:106,0
DA:111,0
DA:112,0
DA:115,0
DA:116,0
DA:122,0
DA:124,0
DA:125,0
DA:133,0
DA:135,0
DA:141,0
DA:142,0
DA:145,0
DA:153,0
DA:154,0
DA:157,0
DA:161,0
DA:162,0
DA:165,0
DA:168,0
DA:169,0
DA:172,0
DA:174,0
DA:187,0
DA:188,0
DA:194,0
DA:198,0
DA:199,0
DA:203,0
DA:207,0
DA:208,0
DA:212,0
DA:213,0
DA:218,0
DA:230,0
DA:234,3
LF:62
LH:4
BRDA:6,0,0,0
BRDA:6,0,1,0
BRDA:6,1,0,0
BRDA:6,1,1,0
BRDA:6,1,2,0
BRDA:6,1,3,0
BRDA:27,2,0,0
BRDA:27,2,1,0
BRDA:27,3,0,0
BRDA:27,3,1,0
BRDA:50,4,0,0
BRDA:50,4,1,0
BRDA:68,5,0,0
BRDA:68,5,1,0
BRDA:94,6,0,0
BRDA:94,6,1,0
BRDA:95,7,0,0
BRDA:95,7,1,0
BRDA:96,8,0,0
BRDA:96,8,1,0
BRDA:97,9,0,0
BRDA:97,9,1,0
BRDA:98,10,0,0
BRDA:98,10,1,0
BRDA:99,11,0,0
BRDA:99,11,1,0
BRDA:111,12,0,0
BRDA:111,12,1,0
BRDA:111,13,0,0
BRDA:111,13,1,0
BRDA:133,14,0,0
BRDA:133,14,1,0
BRDA:141,15,0,0
BRDA:141,15,1,0
BRDA:154,16,0,0
BRDA:154,16,1,0
BRDA:161,17,0,0
BRDA:161,17,1,0
BRDA:168,18,0,0
BRDA:168,18,1,0
BRDA:172,19,0,0
BRDA:172,19,1,0
BRDA:187,20,0,0
BRDA:187,20,1,0
BRDA:187,21,0,0
BRDA:187,21,1,0
BRDA:187,21,2,0
BRDA:198,22,0,0
BRDA:198,22,1,0
BRDA:207,23,0,0
BRDA:207,23,1,0
BRDA:212,24,0,0
BRDA:212,24,1,0
BRDA:212,25,0,0
BRDA:212,25,1,0
BRDA:222,26,0,0
BRDA:222,26,1,0
BRF:57
BRH:0
end_of_record
TN:
SF:src\services\media-sosoal-service.js
FN:5,(anonymous_0)
FN:41,(anonymous_1)
FNF:2
FNH:0
FNDA:0,(anonymous_0)
FNDA:0,(anonymous_1)
DA:1,3
DA:2,3
DA:7,0
DA:8,0
DA:12,0
DA:17,0
DA:18,0
DA:19,0
DA:24,0
DA:31,0
DA:32,0
DA:33,0
DA:34,0
DA:42,0
DA:43,0
DA:44,0
DA:47,0
DA:51,3
LF:18
LH:3
BRDA:7,0,0,0
BRDA:7,0,1,0
BRDA:18,1,0,0
BRDA:18,1,1,0
BRDA:31,2,0,0
BRDA:31,2,1,0
BRDA:43,3,0,0
BRDA:43,3,1,0
BRF:8
BRH:0
end_of_record
TN:
SF:src\services\pelayanan-service.js
FN:6,(anonymous_0)
FN:33,(anonymous_1)
FN:41,(anonymous_2)
FN:55,(anonymous_3)
FNF:4
FNH:0
FNDA:0,(anonymous_0)
FNDA:0,(anonymous_1)
FNDA:0,(anonymous_2)
FNDA:0,(anonymous_3)
DA:1,3
DA:2,3
DA:3,3
DA:13,0
DA:20,0
DA:23,0
DA:27,0
DA:34,0
DA:42,0
DA:46,0
DA:47,0
DA:52,0
DA:59,0
DA:61,0
DA:64,0
DA:65,0
DA:69,0
DA:74,0
DA:81,3
LF:19
LH:4
BRDA:13,0,0,0
BRDA:13,0,1,0
BRDA:14,1,0,0
BRDA:14,1,1,0
BRDA:14,1,2,0
BRDA:14,1,3,0
BRDA:14,1,4,0
BRDA:46,2,0,0
BRDA:46,2,1,0
BRDA:59,3,0,0
BRDA:59,3,1,0
BRDA:64,4,0,0
BRDA:64,4,1,0
BRF:13
BRH:0
end_of_record
TN:
SF:src\services\poli-service.js
FN:5,(anonymous_0)
FN:28,(anonymous_1)
FN:41,(anonymous_2)
FN:51,(anonymous_3)
FN:66,(anonymous_4)
FN:95,(anonymous_5)
FN:119,(anonymous_6)
FNF:7
FNH:6
FNDA:1,(anonymous_0)
FNDA:0,(anonymous_1)
FNDA:1,(anonymous_2)
FNDA:1,(anonymous_3)
FNDA:1,(anonymous_4)
FNDA:1,(anonymous_5)
FNDA:1,(anonymous_6)
DA:1,3
DA:2,3
DA:6,1
DA:7,0
DA:9,1
DA:10,1
DA:11,0
DA:17,1
DA:18,1
DA:19,0
DA:20,0
DA:21,0
DA:22,0
DA:24,0
DA:28,0
DA:32,1
DA:38,1
DA:42,1
DA:46,1
DA:47,0
DA:49,1
DA:52,1
DA:53,0
DA:56,1
DA:60,1
DA:61,0
DA:64,1
DA:67,1
DA:68,1
DA:69,0
DA:72,1
DA:75,1
DA:76,0
DA:78,1
DA:85,1
DA:86,0
DA:90,1
DA:92,0
DA:96,1
DA:97,0
DA:99,1
DA:102,1
DA:103,0
DA:107,1
DA:108,1
DA:109,0
DA:110,1
DA:111,0
DA:112,1
DA:113,0
DA:115,1
DA:119,1
DA:122,1
DA:126,1
DA:130,3
LF:55
LH:35
BRDA:6,0,0,0
BRDA:6,0,1,1
BRDA:10,1,0,0
BRDA:10,1,1,1
BRDA:17,2,0,1
BRDA:17,2,1,0
BRDA:19,3,0,0
BRDA:19,3,1,0
BRDA:21,4,0,0
BRDA:21,4,1,0
BRDA:46,5,0,0
BRDA:46,5,1,1
BRDA:52,6,0,0
BRDA:52,6,1,1
BRDA:60,7,0,0
BRDA:60,7,1,1
BRDA:68,8,0,0
BRDA:68,8,1,1
BRDA:75,9,0,0
BRDA:75,9,1,1
BRDA:85,10,0,0
BRDA:85,10,1,1
BRDA:96,11,0,0
BRDA:96,11,1,1
BRDA:96,12,0,1
BRDA:96,12,1,1
BRDA:102,13,0,0
BRDA:102,13,1,1
BRDA:108,14,0,0
BRDA:108,14,1,1
BRDA:110,15,0,0
BRDA:110,15,1,1
BRDA:112,16,0,0
BRDA:112,16,1,1
BRF:34
BRH:16
end_of_record
TN:
SF:src\services\profil-service.js
FN:20,(anonymous_0)
FN:39,(anonymous_1)
FN:64,(anonymous_2)
FN:106,(anonymous_3)
FN:135,(anonymous_4)
FNF:5
FNH:0
FNDA:0,(anonymous_0)
FNDA:0,(anonymous_1)
FNDA:0,(anonymous_2)
FNDA:0,(anonymous_3)
FNDA:0,(anonymous_4)
DA:1,3
DA:2,3
DA:3,3
DA:4,3
DA:5,3
DA:6,3
DA:11,3
DA:12,3
DA:17,3
DA:21,0
DA:22,0
DA:25,0
DA:29,0
DA:30,0
DA:33,0
DA:40,0
DA:41,0
DA:44,0
DA:48,0
DA:49,0
DA:52,0
DA:61,0
DA:65,0
DA:66,0
DA:71,0
DA:73,0
DA:74,0
DA:77,0
DA:78,0
DA:80,0
DA:83,0
DA:88,0
DA:92,0
DA:93,0
DA:96,0
DA:98,0
DA:103,0
DA:107,0
DA:111,0
DA:112,0
DA:115,0
DA:119,0
DA:126,0
DA:128,0
DA:130,0
DA:136,0
DA:137,0
DA:142,0
DA:143,0
DA:149,0
DA:150,0
DA:152,0
DA:155,0
DA:156,0
DA:158,0
DA:161,0
DA:163,0
DA:172,0
DA:174,0
DA:178,3
LF:60
LH:10
BRDA:21,0,0,0
BRDA:21,0,1,0
BRDA:21,1,0,0
BRDA:21,1,1,0
BRDA:29,2,0,0
BRDA:29,2,1,0
BRDA:40,3,0,0
BRDA:40,3,1,0
BRDA:40,4,0,0
BRDA:40,4,1,0
BRDA:40,4,2,0
BRDA:48,5,0,0
BRDA:48,5,1,0
BRDA:65,6,0,0
BRDA:65,6,1,0
BRDA:65,7,0,0
BRDA:65,7,1,0
BRDA:73,8,0,0
BRDA:73,8,1,0
BRDA:73,9,0,0
BRDA:73,9,1,0
BRDA:92,10,0,0
BRDA:92,10,1,0
BRDA:111,11,0,0
BRDA:111,11,1,0
BRDA:136,12,0,0
BRDA:136,12,1,0
BRDA:136,13,0,0
BRDA:136,13,1,0
BRDA:136,13,2,0
BRDA:142,14,0,0
BRDA:142,14,1,0
BRF:32
BRH:0
end_of_record
TN:
SF:src\utils\error-handling-utils.js
FN:2,(anonymous_0)
FN:9,(anonymous_1)
FN:15,(anonymous_2)
FN:21,(anonymous_3)
FN:27,(anonymous_4)
FNF:5
FNH:3
FNDA:5,(anonymous_0)
FNDA:2,(anonymous_1)
FNDA:0,(anonymous_2)
FNDA:0,(anonymous_3)
FNDA:3,(anonymous_4)
DA:3,5
DA:4,5
DA:10,2
DA:16,0
DA:22,0
DA:28,3
DA:34,3
LF:7
LH:5
BRDA:9,0,0,0
BRDA:15,1,0,0
BRDA:21,2,0,0
BRDA:27,3,0,0
BRF:4
BRH:0
end_of_record
TN:
SF:src\utils\jwt-sign-utils.js
FN:5,(anonymous_0)
FN:17,(anonymous_1)
FNF:2
FNH:2
FNDA:2,(anonymous_0)
FNDA:2,(anonymous_1)
DA:1,3
DA:2,3
DA:6,2
DA:14,2
DA:15,2
DA:18,2
DA:21,2
DA:22,2
DA:26,3
LF:9
LH:9
BRF:0
BRH:0
end_of_record
TN:
SF:src\utils\pagination-utils.js
FN:2,(anonymous_0)
FNF:1
FNH:1
FNDA:3,(anonymous_0)
DA:3,3
DA:4,3
DA:6,3
DA:7,3
DA:9,3
DA:10,3
DA:12,3
DA:16,3
LF:8
LH:8
BRDA:2,0,0,0
BRDA:2,1,0,0
BRDA:6,2,0,0
BRDA:6,2,1,3
BRDA:7,3,0,0
BRDA:7,3,1,3
BRF:6
BRH:2
end_of_record
TN:
SF:src\utils\password-validator-utils.js
FN:9,validatePasswordStrength
FNF:1
FNH:1
FNDA:1,validatePasswordStrength
DA:1,3
DA:3,3
DA:10,1
DA:11,1
DA:12,0
DA:13,0
DA:17,3
LF:7
LH:5
BRDA:11,0,0,0
BRDA:11,0,1,1
BRF:2
BRH:1
end_of_record
