TN:
SF:app.js
FN:53,(anonymous_0)
FN:115,(anonymous_1)
FN:128,(anonymous_2)
FNF:3
FNH:2
FNDA:13,(anonymous_0)
FNDA:1,(anonymous_1)
FNDA:0,(anonymous_2)
DA:1,1
DA:2,1
DA:3,1
DA:4,1
DA:5,1
DA:6,1
DA:7,1
DA:8,1
DA:9,1
DA:14,1
DA:15,1
DA:16,1
DA:17,1
DA:18,1
DA:19,1
DA:20,1
DA:21,1
DA:22,1
DA:23,1
DA:24,1
DA:25,1
DA:26,1
DA:27,1
DA:28,1
DA:29,1
DA:30,1
DA:31,1
DA:32,1
DA:33,1
DA:34,1
DA:35,1
DA:36,1
DA:37,1
DA:39,1
DA:40,1
DA:41,1
DA:44,1
DA:53,1
DA:54,13
DA:56,13
DA:57,0
DA:58,0
DA:61,13
DA:65,13
DA:71,13
DA:72,0
DA:75,13
DA:87,1
DA:88,1
DA:89,1
DA:90,1
DA:91,1
DA:94,1
DA:97,1
DA:99,1
DA:100,1
DA:101,1
DA:102,1
DA:103,1
DA:104,1
DA:105,1
DA:106,1
DA:107,1
DA:108,1
DA:109,1
DA:110,1
DA:111,1
DA:112,1
DA:113,1
DA:115,1
DA:116,1
DA:118,1
DA:119,1
DA:121,1
DA:128,1
DA:129,0
DA:135,1
LF:77
LH:73
BRDA:56,0,0,0
BRDA:56,0,1,13
BRDA:71,1,0,0
BRDA:71,1,1,13
BRDA:118,2,0,1
BRDA:118,2,1,1
BRDA:119,3,0,1
BRDA:119,3,1,0
BRF:8
BRH:5
end_of_record
TN:
SF:src\configs\env-config.js
FNF:0
FNH:0
DA:1,1
DA:3,1
LF:2
LH:2
BRDA:5,0,0,1
BRDA:5,0,1,0
BRF:2
BRH:1
end_of_record
TN:
SF:src\configs\passport-config.js
FN:12,(anonymous_0)
FNF:1
FNH:0
FNDA:0,(anonymous_0)
DA:1,1
DA:2,1
DA:3,1
DA:5,1
DA:13,0
DA:14,0
DA:15,0
DA:16,0
DA:20,0
DA:21,0
DA:32,0
DA:34,0
LF:12
LH:4
BRDA:20,0,0,0
BRDA:20,0,1,0
BRF:2
BRH:0
end_of_record
TN:
SF:src\configs\swagger-config.js
FNF:0
FNH:0
DA:1,1
DA:3,1
DA:48,1
DA:50,1
LF:4
LH:4
BRF:0
BRH:0
end_of_record
TN:
SF:src\controllers\aduan-controller.js
FN:6,(anonymous_0)
FN:47,(anonymous_1)
FN:58,(anonymous_2)
FN:66,(anonymous_3)
FN:79,(anonymous_4)
FN:89,(anonymous_5)
FNF:6
FNH:0
FNDA:0,(anonymous_0)
FNDA:0,(anonymous_1)
FNDA:0,(anonymous_2)
FNDA:0,(anonymous_3)
FNDA:0,(anonymous_4)
FNDA:0,(anonymous_5)
DA:1,1
DA:2,1
DA:3,1
DA:7,0
DA:8,0
DA:10,0
DA:11,0
DA:12,0
DA:13,0
DA:14,0
DA:15,0
DA:19,0
DA:21,0
DA:26,0
DA:27,0
DA:29,0
DA:30,0
DA:33,0
DA:40,0
DA:41,0
DA:43,0
DA:48,0
DA:49,0
DA:50,0
DA:51,0
DA:52,0
DA:54,0
DA:59,0
DA:60,0
DA:61,0
DA:63,0
DA:67,0
DA:68,0
DA:69,0
DA:70,0
DA:73,0
DA:75,0
DA:80,0
DA:81,0
DA:82,0
DA:83,0
DA:85,0
DA:90,0
DA:91,0
DA:92,0
DA:93,0
DA:95,0
DA:96,0
DA:98,0
DA:103,1
LF:50
LH:4
BRDA:14,0,0,0
BRDA:14,0,1,0
BRDA:29,1,0,0
BRDA:29,1,1,0
BRDA:49,2,0,0
BRDA:49,2,1,0
BRDA:50,3,0,0
BRDA:50,3,1,0
BRDA:70,4,0,0
BRDA:70,4,1,0
BRF:10
BRH:0
end_of_record
TN:
SF:src\controllers\auth-controller.js
FN:15,(anonymous_0)
FN:31,(anonymous_1)
FN:56,(anonymous_2)
FN:132,(anonymous_3)
FNF:4
FNH:0
FNDA:0,(anonymous_0)
FNDA:0,(anonymous_1)
FNDA:0,(anonymous_2)
FNDA:0,(anonymous_3)
DA:1,1
DA:2,1
DA:3,1
DA:4,1
DA:5,1
DA:10,1
DA:11,1
DA:12,1
DA:16,0
DA:17,0
DA:18,0
DA:25,0
DA:27,0
DA:32,0
DA:33,0
DA:34,0
DA:35,0
DA:43,0
DA:50,0
DA:52,0
DA:57,0
DA:58,0
DA:59,0
DA:60,0
DA:62,0
DA:63,0
DA:64,0
DA:65,0
DA:66,0
DA:71,0
DA:74,0
DA:75,0
DA:78,0
DA:82,0
DA:83,0
DA:88,0
DA:89,0
DA:92,0
DA:105,0
DA:113,0
DA:120,0
DA:129,0
DA:133,0
DA:134,0
DA:135,0
DA:136,0
DA:137,0
DA:140,0
DA:141,0
DA:143,0
DA:147,0
DA:148,0
DA:150,0
DA:152,0
DA:157,1
LF:55
LH:9
BRDA:38,0,0,0
BRDA:38,0,1,0
BRDA:46,1,0,0
BRDA:46,1,1,0
BRDA:59,2,0,0
BRDA:59,2,1,0
BRDA:65,3,0,0
BRDA:65,3,1,0
BRDA:74,4,0,0
BRDA:74,4,1,0
BRDA:82,5,0,0
BRDA:82,5,1,0
BRDA:82,6,0,0
BRDA:82,6,1,0
BRDA:108,7,0,0
BRDA:108,7,1,0
BRDA:116,8,0,0
BRDA:116,8,1,0
BRDA:136,9,0,0
BRDA:136,9,1,0
BRF:20
BRH:0
end_of_record
TN:
SF:src\controllers\banner-controller.js
FN:5,(anonymous_0)
FN:14,(anonymous_1)
FN:26,(anonymous_2)
FNF:3
FNH:0
FNDA:0,(anonymous_0)
FNDA:0,(anonymous_1)
FNDA:0,(anonymous_2)
DA:1,1
DA:2,1
DA:6,0
DA:7,0
DA:8,0
DA:9,0
DA:11,0
DA:15,0
DA:16,0
DA:17,0
DA:23,0
DA:27,0
DA:28,0
DA:29,0
DA:30,0
DA:32,0
DA:37,1
LF:17
LH:3
BRF:0
BRH:0
end_of_record
TN:
SF:src\controllers\berita-controller.js
FN:4,(anonymous_0)
FN:21,(anonymous_1)
FN:32,(anonymous_2)
FN:46,(anonymous_3)
FN:65,(anonymous_4)
FN:75,(anonymous_5)
FN:88,(anonymous_6)
FN:99,(anonymous_7)
FN:116,(anonymous_8)
FNF:9
FNH:5
FNDA:0,(anonymous_0)
FNDA:3,(anonymous_1)
FNDA:1,(anonymous_2)
FNDA:1,(anonymous_3)
FNDA:1,(anonymous_4)
FNDA:0,(anonymous_5)
FNDA:0,(anonymous_6)
FNDA:0,(anonymous_7)
FNDA:2,(anonymous_8)
DA:1,1
DA:2,1
DA:5,0
DA:6,0
DA:7,0
DA:8,0
DA:15,0
DA:17,0
DA:22,3
DA:23,3
DA:24,3
DA:25,3
DA:26,3
DA:28,0
DA:33,1
DA:34,1
DA:35,1
DA:36,0
DA:42,1
DA:47,1
DA:48,1
DA:49,1
DA:50,1
DA:51,1
DA:59,0
DA:61,1
DA:66,1
DA:67,1
DA:69,1
DA:70,0
DA:72,1
DA:76,0
DA:77,0
DA:78,0
DA:79,0
DA:85,0
DA:89,0
DA:90,0
DA:91,0
DA:92,0
DA:93,0
DA:95,0
DA:100,0
DA:101,0
DA:102,0
DA:104,0
DA:106,0
DA:112,0
DA:117,2
DA:118,2
DA:119,2
DA:120,2
DA:121,2
DA:126,0
DA:128,2
DA:133,1
LF:56
LH:28
BRDA:23,0,0,3
BRDA:23,0,1,0
BRDA:24,1,0,3
BRDA:24,1,1,0
BRDA:118,2,0,2
BRDA:118,2,1,0
BRDA:119,3,0,2
BRDA:119,3,1,0
BRF:8
BRH:4
end_of_record
TN:
SF:src\controllers\direktur-controller.js
FN:6,(anonymous_0)
FN:46,(anonymous_1)
FN:130,(anonymous_2)
FNF:3
FNH:0
FNDA:0,(anonymous_0)
FNDA:0,(anonymous_1)
FNDA:0,(anonymous_2)
DA:1,1
DA:2,1
DA:3,1
DA:4,1
DA:7,0
DA:8,0
DA:10,0
DA:12,0
DA:13,0
DA:14,0
DA:15,0
DA:17,0
DA:18,0
DA:19,0
DA:21,0
DA:22,0
DA:25,0
DA:27,0
DA:29,0
DA:31,0
DA:34,0
DA:40,0
DA:42,0
DA:47,0
DA:48,0
DA:51,0
DA:52,0
DA:54,0
DA:55,0
DA:59,0
DA:60,0
DA:63,0
DA:65,0
DA:66,0
DA:69,0
DA:72,0
DA:73,0
DA:75,0
DA:76,0
DA:77,0
DA:80,0
DA:83,0
DA:86,0
DA:87,0
DA:88,0
DA:90,0
DA:91,0
DA:95,0
DA:96,0
DA:97,0
DA:98,0
DA:99,0
DA:104,0
DA:107,0
DA:112,0
DA:119,0
DA:120,0
DA:122,0
DA:123,0
DA:126,0
DA:131,0
DA:132,0
DA:134,0
DA:135,0
DA:138,0
DA:140,0
DA:145,1
LF:67
LH:5
BRDA:12,0,0,0
BRDA:12,0,1,0
BRDA:21,1,0,0
BRDA:21,1,1,0
BRDA:59,2,0,0
BRDA:59,2,1,0
BRDA:65,3,0,0
BRDA:65,3,1,0
BRDA:76,4,0,0
BRDA:76,4,1,0
BRDA:86,5,0,0
BRDA:86,5,1,0
BRDA:90,6,0,0
BRDA:90,6,1,0
BRDA:90,7,0,0
BRDA:90,7,1,0
BRDA:95,8,0,0
BRDA:95,8,1,0
BRDA:98,9,0,0
BRDA:98,9,1,0
BRDA:119,10,0,0
BRDA:119,10,1,0
BRDA:119,11,0,0
BRDA:119,11,1,0
BRDA:122,12,0,0
BRDA:122,12,1,0
BRDA:122,13,0,0
BRDA:122,13,1,0
BRDA:134,14,0,0
BRDA:134,14,1,0
BRF:30
BRH:0
end_of_record
TN:
SF:src\controllers\dokter-controller.js
FN:5,(anonymous_0)
FN:31,(anonymous_1)
FN:46,(anonymous_2)
FN:60,(anonymous_3)
FN:73,(anonymous_4)
FN:106,(anonymous_5)
FNF:6
FNH:0
FNDA:0,(anonymous_0)
FNDA:0,(anonymous_1)
FNDA:0,(anonymous_2)
FNDA:0,(anonymous_3)
FNDA:0,(anonymous_4)
FNDA:0,(anonymous_5)
DA:1,1
DA:2,1
DA:6,0
DA:14,0
DA:15,0
DA:16,0
DA:26,0
DA:28,0
DA:32,0
DA:33,0
DA:34,0
DA:35,0
DA:36,0
DA:41,0
DA:43,0
DA:47,0
DA:48,0
DA:49,0
DA:50,0
DA:51,0
DA:57,0
DA:61,0
DA:62,0
DA:63,0
DA:64,0
DA:70,0
DA:74,0
DA:75,0
DA:83,0
DA:84,0
DA:86,0
DA:96,0
DA:102,0
DA:107,0
DA:108,0
DA:109,0
DA:110,0
DA:112,0
DA:117,1
LF:39
LH:3
BRDA:33,0,0,0
BRDA:33,0,1,0
BRDA:34,1,0,0
BRDA:34,1,1,0
BRDA:48,2,0,0
BRDA:48,2,1,0
BRDA:49,3,0,0
BRDA:49,3,1,0
BRF:8
BRH:0
end_of_record
TN:
SF:src\controllers\jadwal-dokter-controller.js
FN:5,(anonymous_0)
FN:23,(anonymous_1)
FN:49,(anonymous_2)
FN:71,(anonymous_3)
FN:85,(anonymous_4)
FN:100,(anonymous_5)
FN:116,(anonymous_6)
FNF:7
FNH:0
FNDA:0,(anonymous_0)
FNDA:0,(anonymous_1)
FNDA:0,(anonymous_2)
FNDA:0,(anonymous_3)
FNDA:0,(anonymous_4)
FNDA:0,(anonymous_5)
FNDA:0,(anonymous_6)
DA:1,1
DA:2,1
DA:6,0
DA:7,0
DA:8,0
DA:12,0
DA:19,0
DA:24,0
DA:25,0
DA:26,0
DA:27,0
DA:29,0
DA:36,0
DA:39,0
DA:45,0
DA:50,0
DA:51,0
DA:52,0
DA:53,0
DA:55,0
DA:61,0
DA:67,0
DA:72,0
DA:73,0
DA:74,0
DA:75,0
DA:76,0
DA:82,0
DA:86,0
DA:87,0
DA:88,0
DA:90,0
DA:96,0
DA:101,0
DA:102,0
DA:103,0
DA:105,0
DA:110,0
DA:112,0
DA:117,0
DA:118,0
DA:119,0
DA:122,0
DA:128,0
DA:133,1
LF:45
LH:3
BRDA:26,0,0,0
BRDA:26,0,1,0
BRDA:27,1,0,0
BRDA:27,1,1,0
BRDA:52,2,0,0
BRDA:52,2,1,0
BRDA:53,3,0,0
BRDA:53,3,1,0
BRDA:73,4,0,0
BRDA:73,4,1,0
BRDA:74,5,0,0
BRDA:74,5,1,0
BRF:12
BRH:0
end_of_record
TN:
SF:src\controllers\komentar-controller.js
FN:6,(anonymous_0)
FN:74,(anonymous_1)
FN:87,(anonymous_2)
FN:102,(anonymous_3)
FN:114,(anonymous_4)
FNF:5
FNH:0
FNDA:0,(anonymous_0)
FNDA:0,(anonymous_1)
FNDA:0,(anonymous_2)
FNDA:0,(anonymous_3)
FNDA:0,(anonymous_4)
DA:1,1
DA:2,1
DA:3,1
DA:7,0
DA:8,0
DA:10,0
DA:11,0
DA:12,0
DA:14,0
DA:20,0
DA:22,0
DA:24,0
DA:25,0
DA:27,0
DA:28,0
DA:33,0
DA:35,0
DA:40,0
DA:41,0
DA:43,0
DA:44,0
DA:47,0
DA:55,0
DA:63,0
DA:65,0
DA:70,0
DA:75,0
DA:76,0
DA:77,0
DA:78,0
DA:84,0
DA:88,0
DA:89,0
DA:90,0
DA:93,0
DA:99,0
DA:103,0
DA:104,0
DA:105,0
DA:106,0
DA:109,0
DA:111,0
DA:115,0
DA:116,0
DA:117,0
DA:118,0
DA:120,0
DA:126,0
DA:127,0
DA:130,0
DA:131,0
DA:132,0
DA:135,0
DA:144,0
DA:146,0
DA:151,1
LF:56
LH:4
BRDA:22,0,0,0
BRDA:22,0,1,0
BRDA:24,1,0,0
BRDA:24,1,1,0
BRDA:24,1,2,0
BRDA:25,2,0,0
BRDA:25,2,1,0
BRDA:25,2,2,0
BRDA:27,3,0,0
BRDA:27,3,1,0
BRDA:43,4,0,0
BRDA:43,4,1,0
BRDA:68,5,0,0
BRDA:68,5,1,0
BRDA:106,6,0,0
BRDA:106,6,1,0
BRDA:130,7,0,0
BRDA:130,7,1,0
BRDA:130,8,0,0
BRDA:130,8,1,0
BRDA:130,8,2,0
BRDA:131,9,0,0
BRDA:131,9,1,0
BRDA:132,10,0,0
BRDA:132,10,1,0
BRF:25
BRH:0
end_of_record
TN:
SF:src\controllers\layanan-unggulan-controller.js
FN:11,(anonymous_0)
FN:50,(anonymous_1)
FN:78,(anonymous_2)
FN:110,(anonymous_3)
FN:131,(anonymous_4)
FN:140,(anonymous_5)
FN:151,(anonymous_6)
FN:165,(anonymous_7)
FN:166,(anonymous_8)
FN:177,(anonymous_9)
FN:185,(anonymous_10)
FN:189,(anonymous_11)
FNF:12
FNH:0
FNDA:0,(anonymous_0)
FNDA:0,(anonymous_1)
FNDA:0,(anonymous_2)
FNDA:0,(anonymous_3)
FNDA:0,(anonymous_4)
FNDA:0,(anonymous_5)
FNDA:0,(anonymous_6)
FNDA:0,(anonymous_7)
FNDA:0,(anonymous_8)
FNDA:0,(anonymous_9)
FNDA:0,(anonymous_10)
FNDA:0,(anonymous_11)
DA:1,1
DA:2,1
DA:3,1
DA:4,1
DA:5,1
DA:9,1
DA:12,0
DA:13,0
DA:14,0
DA:15,0
DA:17,0
DA:19,0
DA:20,0
DA:23,0
DA:28,0
DA:29,0
DA:32,0
DA:33,0
DA:34,0
DA:36,0
DA:37,0
DA:43,0
DA:44,0
DA:45,0
DA:47,0
DA:50,0
DA:51,0
DA:53,0
DA:54,0
DA:60,0
DA:61,0
DA:62,0
DA:63,0
DA:65,0
DA:70,0
DA:72,0
DA:73,0
DA:74,0
DA:75,0
DA:78,0
DA:79,0
DA:80,0
DA:81,0
DA:83,0
DA:85,0
DA:89,0
DA:92,0
DA:94,0
DA:95,0
DA:101,0
DA:102,0
DA:106,0
DA:110,0
DA:111,0
DA:116,0
DA:123,0
DA:131,0
DA:132,0
DA:133,0
DA:134,0
DA:135,0
DA:140,0
DA:141,0
DA:146,0
DA:149,0
DA:150,0
DA:151,0
DA:162,0
DA:165,0
DA:167,0
DA:168,0
DA:173,0
DA:178,0
DA:179,0
DA:185,0
DA:189,0
DA:199,0
DA:203,0
DA:209,0
DA:214,1
LF:80
LH:7
BRDA:19,0,0,0
BRDA:19,0,1,0
BRDA:19,1,0,0
BRDA:19,1,1,0
BRDA:28,2,0,0
BRDA:28,2,1,0
BRDA:33,3,0,0
BRDA:33,3,1,0
BRDA:36,4,0,0
BRDA:36,4,1,0
BRDA:53,5,0,0
BRDA:53,5,1,0
BRDA:61,6,0,0
BRDA:61,6,1,0
BRDA:72,7,0,0
BRDA:72,7,1,0
BRDA:72,8,0,0
BRDA:72,8,1,0
BRDA:74,9,0,0
BRDA:74,9,1,0
BRDA:92,10,0,0
BRDA:92,10,1,0
BRDA:101,11,0,0
BRDA:101,11,1,0
BRDA:134,12,0,0
BRDA:134,12,1,0
BRDA:149,13,0,0
BRDA:149,13,1,0
BRDA:155,14,0,0
BRDA:155,14,1,0
BRDA:165,15,0,0
BRDA:165,15,1,0
BRDA:167,16,0,0
BRDA:167,16,1,0
BRDA:199,17,0,0
BRDA:199,17,1,0
BRF:36
BRH:0
end_of_record
TN:
SF:src\controllers\media-sosial-controller.js
FN:6,(anonymous_0)
FN:34,(anonymous_1)
FNF:2
FNH:0
FNDA:0,(anonymous_0)
FNDA:0,(anonymous_1)
DA:1,1
DA:2,1
DA:3,1
DA:7,0
DA:8,0
DA:10,0
DA:11,0
DA:20,0
DA:21,0
DA:22,0
DA:26,0
DA:28,0
DA:30,0
DA:31,0
DA:35,0
DA:36,0
DA:37,0
DA:39,0
DA:44,1
LF:19
LH:4
BRDA:10,0,0,0
BRDA:10,0,1,0
BRDA:21,1,0,0
BRDA:21,1,1,0
BRDA:21,2,0,0
BRDA:21,2,1,0
BRF:6
BRH:0
end_of_record
TN:
SF:src\controllers\oauth-controller.js
FN:7,(anonymous_0)
FN:19,(anonymous_1)
FN:23,(anonymous_2)
FN:86,(anonymous_3)
FNF:4
FNH:0
FNDA:0,(anonymous_0)
FNDA:0,(anonymous_1)
FNDA:0,(anonymous_2)
FNDA:0,(anonymous_3)
DA:1,1
DA:2,1
DA:3,1
DA:4,1
DA:5,1
DA:8,0
DA:9,0
DA:13,0
DA:20,0
DA:25,0
DA:27,0
DA:28,0
DA:29,0
DA:30,0
DA:33,0
DA:34,0
DA:37,0
DA:41,0
DA:42,0
DA:43,0
DA:50,0
DA:51,0
DA:52,0
DA:64,0
DA:72,0
DA:80,0
DA:87,0
DA:89,0
DA:90,0
DA:93,0
DA:101,0
DA:109,0
DA:112,1
LF:33
LH:6
BRDA:8,0,0,0
BRDA:8,0,1,0
BRDA:28,1,0,0
BRDA:28,1,1,0
BRDA:33,2,0,0
BRDA:33,2,1,0
BRDA:41,3,0,0
BRDA:41,3,1,0
BRDA:41,4,0,0
BRDA:41,4,1,0
BRDA:45,5,0,0
BRDA:45,5,1,0
BRDA:67,6,0,0
BRDA:67,6,1,0
BRDA:75,7,0,0
BRDA:75,7,1,0
BRDA:89,8,0,0
BRDA:89,8,1,0
BRDA:89,9,0,0
BRDA:89,9,1,0
BRDA:96,10,0,0
BRDA:96,10,1,0
BRDA:104,11,0,0
BRDA:104,11,1,0
BRF:24
BRH:0
end_of_record
TN:
SF:src\controllers\pelayanan-controller.js
FN:5,(anonymous_0)
FN:27,(anonymous_1)
FN:39,(anonymous_2)
FN:49,(anonymous_3)
FNF:4
FNH:0
FNDA:0,(anonymous_0)
FNDA:0,(anonymous_1)
FNDA:0,(anonymous_2)
FNDA:0,(anonymous_3)
DA:1,1
DA:2,1
DA:6,0
DA:8,0
DA:9,0
DA:16,0
DA:23,0
DA:28,0
DA:29,0
DA:30,0
DA:36,0
DA:40,0
DA:41,0
DA:42,0
DA:43,0
DA:45,0
DA:50,0
DA:51,0
DA:52,0
DA:56,0
DA:62,0
DA:67,1
LF:22
LH:3
BRF:0
BRH:0
end_of_record
TN:
SF:src\controllers\poli-controller.js
FN:5,(anonymous_0)
FN:16,(anonymous_1)
FN:28,(anonymous_2)
FN:37,(anonymous_3)
FN:50,(anonymous_4)
FNF:5
FNH:0
FNDA:0,(anonymous_0)
FNDA:0,(anonymous_1)
FNDA:0,(anonymous_2)
FNDA:0,(anonymous_3)
FNDA:0,(anonymous_4)
DA:1,1
DA:2,1
DA:3,1
DA:6,0
DA:7,0
DA:9,0
DA:10,0
DA:12,0
DA:17,0
DA:18,0
DA:19,0
DA:25,0
DA:29,0
DA:30,0
DA:31,0
DA:32,0
DA:34,0
DA:38,0
DA:39,0
DA:40,0
DA:41,0
DA:47,0
DA:51,0
DA:52,0
DA:53,0
DA:54,0
DA:55,0
DA:57,0
DA:62,1
LF:29
LH:4
BRF:0
BRH:0
end_of_record
TN:
SF:src\controllers\profil-controller.js
FN:5,(anonymous_0)
FN:16,(anonymous_1)
FN:31,(anonymous_2)
FN:46,(anonymous_3)
FN:61,(anonymous_4)
FNF:5
FNH:0
FNDA:0,(anonymous_0)
FNDA:0,(anonymous_1)
FNDA:0,(anonymous_2)
FNDA:0,(anonymous_3)
FNDA:0,(anonymous_4)
DA:1,1
DA:2,1
DA:6,0
DA:8,0
DA:9,0
DA:10,0
DA:12,0
DA:17,0
DA:18,0
DA:19,0
DA:20,0
DA:26,0
DA:28,0
DA:32,0
DA:33,0
DA:35,0
DA:36,0
DA:40,0
DA:42,0
DA:47,0
DA:49,0
DA:50,0
DA:51,0
DA:57,0
DA:62,0
DA:63,0
DA:65,0
DA:66,0
DA:70,0
DA:72,0
DA:77,1
LF:31
LH:3
BRF:0
BRH:0
end_of_record
TN:
SF:src\cron\cronJobs.js
FN:15,(anonymous_0)
FN:46,(anonymous_1)
FN:86,(anonymous_2)
FN:91,(anonymous_3)
FNF:4
FNH:0
FNDA:0,(anonymous_0)
FNDA:0,(anonymous_1)
FNDA:0,(anonymous_2)
FNDA:0,(anonymous_3)
DA:1,1
DA:2,1
DA:3,1
DA:5,1
DA:6,1
DA:12,1
DA:16,0
DA:17,0
DA:18,0
DA:20,0
DA:21,0
DA:25,0
DA:26,0
DA:28,0
DA:31,0
DA:34,0
DA:35,0
DA:43,1
DA:47,0
DA:48,0
DA:49,0
DA:51,0
DA:52,0
DA:56,0
DA:58,0
DA:62,0
DA:63,0
DA:65,0
DA:68,0
DA:71,0
DA:72,0
DA:80,1
DA:81,1
DA:82,1
DA:83,1
DA:86,1
DA:87,0
DA:88,0
DA:91,1
DA:92,0
DA:93,0
LF:41
LH:13
BRDA:25,0,0,0
BRDA:25,0,1,0
BRDA:62,1,0,0
BRDA:62,1,1,0
BRF:4
BRH:0
end_of_record
TN:
SF:src\helpers\jadwal-map-helper.js
FN:2,(anonymous_0)
FN:5,(anonymous_1)
FN:19,(anonymous_2)
FNF:3
FNH:0
FNDA:0,(anonymous_0)
FNDA:0,(anonymous_1)
FNDA:0,(anonymous_2)
DA:1,1
DA:3,0
DA:5,0
DA:6,0
DA:8,0
DA:9,0
DA:18,0
DA:19,0
DA:22,0
DA:23,0
DA:28,0
DA:31,0
DA:32,0
DA:36,0
LF:14
LH:1
BRDA:8,0,0,0
BRDA:8,0,1,0
BRDA:22,1,0,0
BRDA:22,1,1,0
BRDA:31,2,0,0
BRDA:31,2,1,0
BRF:6
BRH:0
end_of_record
TN:
SF:src\helpers\nodemailer-helper.js
FN:13,(anonymous_0)
FN:33,(anonymous_1)
FN:48,(anonymous_2)
FNF:3
FNH:0
FNDA:0,(anonymous_0)
FNDA:0,(anonymous_1)
FNDA:0,(anonymous_2)
DA:1,1
DA:2,1
DA:4,1
DA:13,1
DA:14,0
DA:15,0
DA:26,0
DA:28,0
DA:33,1
DA:34,0
DA:35,0
DA:41,0
DA:43,0
DA:48,1
DA:49,0
DA:50,0
DA:56,0
DA:58,0
DA:62,1
LF:19
LH:7
BRF:0
BRH:0
end_of_record
TN:
SF:src\helpers\response-helper.js
FN:4,(anonymous_0)
FN:13,(anonymous_1)
FN:22,(anonymous_2)
FNF:3
FNH:2
FNDA:3,(anonymous_0)
FNDA:0,(anonymous_1)
FNDA:5,(anonymous_2)
DA:1,1
DA:5,3
DA:14,0
DA:23,5
DA:24,5
DA:25,5
DA:26,5
DA:34,1
LF:8
LH:7
BRDA:4,0,0,0
BRDA:4,1,0,3
BRDA:13,2,0,0
BRDA:13,3,0,0
BRDA:24,4,0,5
BRDA:24,4,1,0
BRDA:25,5,0,5
BRDA:25,5,1,0
BRF:8
BRH:3
end_of_record
TN:
SF:src\middlewares\auth-middleware.js
FN:5,auth
FN:21,(anonymous_1)
FN:38,authorizeRole
FN:39,(anonymous_3)
FNF:4
FNH:4
FNDA:4,auth
FNDA:4,(anonymous_1)
FNDA:28,authorizeRole
FNDA:4,(anonymous_3)
DA:1,1
DA:2,1
DA:3,1
DA:6,4
DA:7,4
DA:8,4
DA:9,0
DA:10,0
DA:11,0
DA:14,4
DA:15,4
DA:16,0
DA:17,0
DA:18,0
DA:21,4
DA:22,4
DA:23,0
DA:24,0
DA:25,0
DA:26,0
DA:28,4
DA:29,4
DA:32,0
DA:33,0
DA:34,0
DA:39,28
DA:40,4
DA:41,0
DA:42,0
DA:43,0
DA:44,0
DA:46,4
DA:50,1
LF:33
LH:16
BRDA:8,0,0,0
BRDA:8,0,1,4
BRDA:15,1,0,0
BRDA:15,1,1,4
BRDA:22,2,0,0
BRDA:22,2,1,4
BRDA:32,3,0,0
BRDA:32,3,1,0
BRDA:40,4,0,0
BRDA:40,4,1,4
BRDA:40,5,0,4
BRDA:40,5,1,4
BRF:12
BRH:6
end_of_record
TN:
SF:src\middlewares\multer-error-handling-middleware.js
FN:3,(anonymous_0)
FNF:1
FNH:1
FNDA:1,(anonymous_0)
DA:1,1
DA:3,1
DA:5,1
DA:6,1
DA:14,1
DA:20,0
DA:21,0
DA:27,0
DA:30,1
LF:9
LH:6
BRDA:5,0,0,1
BRDA:5,0,1,0
BRDA:17,1,0,1
BRDA:17,1,1,0
BRDA:20,2,0,0
BRDA:20,2,1,0
BRDA:24,3,0,0
BRDA:24,3,1,0
BRF:8
BRH:2
end_of_record
TN:
SF:src\middlewares\multer-middleware.js
FN:13,(anonymous_0)
FN:16,(anonymous_1)
FN:24,(anonymous_2)
FNF:3
FNH:0
FNDA:0,(anonymous_0)
FNDA:0,(anonymous_1)
FNDA:0,(anonymous_2)
DA:1,1
DA:2,1
DA:3,1
DA:6,1
DA:7,1
DA:8,0
DA:12,1
DA:14,0
DA:17,0
DA:18,0
DA:19,0
DA:24,1
DA:25,0
DA:27,0
DA:28,0
DA:30,0
DA:35,1
DA:44,1
LF:18
LH:9
BRDA:7,0,0,0
BRDA:7,0,1,1
BRDA:27,1,0,0
BRDA:27,1,1,0
BRF:4
BRH:1
end_of_record
TN:
SF:src\middlewares\optional-auth.js
FN:5,optionalAuth
FN:21,(anonymous_1)
FNF:2
FNH:0
FNDA:0,optionalAuth
FNDA:0,(anonymous_1)
DA:1,1
DA:2,1
DA:3,1
DA:6,0
DA:9,0
DA:10,0
DA:14,0
DA:15,0
DA:16,0
DA:17,0
DA:21,0
DA:22,0
DA:23,0
DA:24,0
DA:27,0
DA:28,0
DA:32,1
LF:17
LH:4
BRDA:9,0,0,0
BRDA:9,0,1,0
BRDA:15,1,0,0
BRDA:15,1,1,0
BRDA:22,2,0,0
BRDA:22,2,1,0
BRF:6
BRH:0
end_of_record
TN:
SF:src\middlewares\rate-limit-middleware.js
FNF:0
FNH:0
DA:1,1
DA:3,1
DA:14,1
LF:3
LH:3
BRF:0
BRH:0
end_of_record
TN:
SF:src\prisma\prismaClient.js
FNF:0
FNH:0
DA:1,1
DA:2,1
DA:3,1
LF:3
LH:3
BRF:0
BRH:0
end_of_record
TN:
SF:src\routes\aduan-route.js
FNF:0
FNH:0
DA:1,1
DA:2,1
DA:3,1
DA:4,1
DA:82,1
DA:153,1
DA:225,1
DA:310,1
DA:377,1
DA:477,1
DA:484,1
LF:11
LH:11
BRF:0
BRH:0
end_of_record
TN:
SF:src\routes\auth-route.js
FNF:0
FNH:0
DA:1,1
DA:2,1
DA:3,1
DA:4,1
DA:5,1
DA:99,1
DA:191,1
DA:233,1
DA:280,1
DA:292,1
LF:10
LH:10
BRF:0
BRH:0
end_of_record
TN:
SF:src\routes\banner-route.js
FNF:0
FNH:0
DA:1,1
DA:2,1
DA:3,1
DA:4,1
DA:5,1
DA:65,1
DA:118,1
DA:182,1
DA:184,1
LF:9
LH:9
BRF:0
BRH:0
end_of_record
TN:
SF:src\routes\berita-route.js
FNF:0
FNH:0
DA:1,1
DA:2,1
DA:3,1
DA:4,1
DA:5,1
DA:117,1
DA:257,1
DA:371,1
DA:483,1
DA:617,1
DA:711,1
DA:813,1
DA:921,1
DA:1050,1
DA:1059,1
LF:15
LH:15
BRF:0
BRH:0
end_of_record
TN:
SF:src\routes\direktur-route.js
FNF:0
FNH:0
DA:1,1
DA:2,1
DA:3,1
DA:4,1
DA:5,1
DA:6,1
DA:8,1
DA:17,1
DA:26,1
DA:372,1
LF:10
LH:10
BRF:0
BRH:0
end_of_record
TN:
SF:src\routes\dokter-route.js
FNF:0
FNH:0
DA:1,1
DA:2,1
DA:3,1
DA:4,1
DA:5,1
DA:6,1
DA:123,1
DA:278,1
DA:407,1
DA:505,1
DA:643,1
DA:737,1
DA:745,1
LF:13
LH:13
BRF:0
BRH:0
end_of_record
TN:
SF:src\routes\jadwal-dokter-route.js
FNF:0
FNH:0
DA:1,1
DA:2,1
DA:3,1
DA:4,1
DA:161,1
DA:311,1
DA:420,1
DA:568,1
DA:729,1
DA:872,1
DA:948,1
DA:955,1
LF:12
LH:12
BRF:0
BRH:0
end_of_record
TN:
SF:src\routes\komentar-route.js
FNF:0
FNH:0
DA:1,1
DA:2,1
DA:3,1
DA:4,1
DA:5,1
DA:126,1
DA:271,1
DA:417,1
DA:541,1
DA:699,1
DA:708,1
LF:11
LH:11
BRF:0
BRH:0
end_of_record
TN:
SF:src\routes\layanan-unggulan-route.js
FNF:0
FNH:0
DA:1,1
DA:2,1
DA:3,1
DA:4,1
DA:5,1
DA:80,1
DA:169,1
DA:178,1
LF:8
LH:8
BRF:0
BRH:0
end_of_record
TN:
SF:src\routes\media-sosial-route.js
FNF:0
FNH:0
DA:1,1
DA:2,1
DA:3,1
DA:4,1
DA:79,1
DA:187,1
DA:189,1
LF:7
LH:7
BRF:0
BRH:0
end_of_record
TN:
SF:src\routes\oauth-route.js
FN:145,(anonymous_0)
FNF:1
FNH:0
FNDA:0,(anonymous_0)
DA:1,1
DA:2,1
DA:3,1
DA:4,1
DA:39,1
DA:74,1
DA:143,1
DA:145,1
DA:146,0
DA:153,1
LF:10
LH:9
BRF:0
BRH:0
end_of_record
TN:
SF:src\routes\pelayanan-route.js
FNF:0
FNH:0
DA:1,1
DA:2,1
DA:3,1
DA:4,1
DA:109,1
DA:161,1
DA:246,1
DA:356,1
DA:363,1
LF:9
LH:9
BRF:0
BRH:0
end_of_record
TN:
SF:src\routes\poli-route.js
FNF:0
FNH:0
DA:1,1
DA:2,1
DA:3,1
DA:4,1
DA:102,1
DA:173,1
DA:267,1
DA:378,1
DA:497,1
DA:499,1
LF:10
LH:10
BRF:0
BRH:0
end_of_record
TN:
SF:src\routes\profil-route.js
FNF:0
FNH:0
DA:1,1
DA:2,1
DA:3,1
DA:5,1
DA:100,1
DA:107,1
DA:210,1
DA:314,1
DA:437,1
DA:439,1
LF:10
LH:10
BRF:0
BRH:0
end_of_record
TN:
SF:src\services\aduan-service.js
FN:10,(anonymous_0)
FN:35,(anonymous_1)
FN:51,(anonymous_2)
FN:62,(anonymous_3)
FN:81,(anonymous_4)
FN:87,(anonymous_5)
FN:98,(anonymous_6)
FN:117,(anonymous_7)
FN:157,(anonymous_8)
FN:180,(anonymous_9)
FNF:10
FNH:0
FNDA:0,(anonymous_0)
FNDA:0,(anonymous_1)
FNDA:0,(anonymous_2)
FNDA:0,(anonymous_3)
FNDA:0,(anonymous_4)
FNDA:0,(anonymous_5)
FNDA:0,(anonymous_6)
FNDA:0,(anonymous_7)
FNDA:0,(anonymous_8)
FNDA:0,(anonymous_9)
DA:1,1
DA:6,1
DA:7,1
DA:11,0
DA:12,0
DA:17,0
DA:21,0
DA:41,0
DA:42,0
DA:43,0
DA:49,0
DA:50,0
DA:51,0
DA:62,0
DA:82,0
DA:86,0
DA:87,0
DA:98,0
DA:118,0
DA:120,0
DA:121,0
DA:122,0
DA:123,0
DA:158,0
DA:160,0
DA:161,0
DA:163,0
DA:181,0
DA:182,0
DA:183,0
DA:184,0
DA:185,0
DA:188,0
DA:189,0
DA:191,0
DA:195,0
DA:209,1
LF:37
LH:4
BRDA:11,0,0,0
BRDA:11,0,1,0
BRDA:11,1,0,0
BRDA:11,1,1,0
BRDA:11,1,2,0
BRDA:118,2,0,0
BRDA:118,2,1,0
BRDA:121,3,0,0
BRDA:121,3,1,0
BRDA:122,4,0,0
BRDA:122,4,1,0
BRDA:158,5,0,0
BRDA:158,5,1,0
BRDA:161,6,0,0
BRDA:161,6,1,0
BRDA:181,7,0,0
BRDA:181,7,1,0
BRDA:182,8,0,0
BRDA:182,8,1,0
BRDA:184,9,0,0
BRDA:184,9,1,0
BRDA:184,10,0,0
BRDA:184,10,1,0
BRDA:189,11,0,0
BRDA:189,11,1,0
BRF:25
BRH:0
end_of_record
TN:
SF:src\services\auth-service.js
FN:14,(anonymous_0)
FN:44,(anonymous_1)
FNF:2
FNH:0
FNDA:0,(anonymous_0)
FNDA:0,(anonymous_1)
DA:1,1
DA:5,1
DA:6,1
DA:7,1
DA:8,1
DA:11,1
DA:15,0
DA:16,0
DA:18,0
DA:19,0
DA:21,0
DA:24,0
DA:26,0
DA:27,0
DA:30,0
DA:31,0
DA:41,0
DA:45,0
DA:46,0
DA:49,0
DA:50,0
DA:51,0
DA:54,0
DA:55,0
DA:56,0
DA:58,0
DA:59,0
DA:60,0
DA:72,0
DA:76,1
LF:30
LH:7
BRDA:15,0,0,0
BRDA:15,0,1,0
BRDA:15,1,0,0
BRDA:15,1,1,0
BRDA:15,1,2,0
BRDA:15,1,3,0
BRDA:26,2,0,0
BRDA:26,2,1,0
BRDA:36,3,0,0
BRDA:36,3,1,0
BRDA:45,4,0,0
BRDA:45,4,1,0
BRDA:45,5,0,0
BRDA:45,5,1,0
BRDA:50,6,0,0
BRDA:50,6,1,0
BRDA:55,7,0,0
BRDA:55,7,1,0
BRF:18
BRH:0
end_of_record
TN:
SF:src\services\banner-service.js
FN:8,(anonymous_0)
FN:17,(anonymous_1)
FN:67,(anonymous_2)
FN:93,(anonymous_3)
FN:103,(anonymous_4)
FN:113,(anonymous_5)
FN:114,(anonymous_6)
FNF:7
FNH:0
FNDA:0,(anonymous_0)
FNDA:0,(anonymous_1)
FNDA:0,(anonymous_2)
FNDA:0,(anonymous_3)
FNDA:0,(anonymous_4)
FNDA:0,(anonymous_5)
FNDA:0,(anonymous_6)
DA:1,1
DA:2,1
DA:3,1
DA:4,1
DA:5,1
DA:9,0
DA:10,0
DA:13,0
DA:14,0
DA:16,0
DA:17,0
DA:18,0
DA:19,0
DA:23,0
DA:28,0
DA:29,0
DA:31,0
DA:32,0
DA:33,0
DA:34,0
DA:35,0
DA:37,0
DA:44,0
DA:47,0
DA:49,0
DA:51,0
DA:57,0
DA:61,0
DA:64,0
DA:67,0
DA:68,0
DA:69,0
DA:71,0
DA:76,0
DA:78,0
DA:79,0
DA:83,0
DA:84,0
DA:89,0
DA:94,0
DA:97,0
DA:98,0
DA:100,0
DA:104,0
DA:105,0
DA:108,0
DA:113,0
DA:114,0
DA:115,0
DA:116,0
DA:122,0
DA:124,0
DA:125,0
DA:126,0
DA:127,0
DA:128,0
DA:129,0
DA:131,0
DA:132,0
DA:133,0
DA:136,0
DA:142,0
DA:146,0
DA:150,1
LF:64
LH:6
BRDA:9,0,0,0
BRDA:9,0,1,0
BRDA:9,1,0,0
BRDA:9,1,1,0
BRDA:16,2,0,0
BRDA:16,2,1,0
BRDA:18,3,0,0
BRDA:18,3,1,0
BRDA:18,4,0,0
BRDA:18,4,1,0
BRDA:47,5,0,0
BRDA:47,5,1,0
BRDA:76,6,0,0
BRDA:76,6,1,0
BRDA:78,7,0,0
BRDA:78,7,1,0
BRDA:78,8,0,0
BRDA:78,8,1,0
BRDA:97,9,0,0
BRDA:97,9,1,0
BRDA:104,10,0,0
BRDA:104,10,1,0
BRDA:104,11,0,0
BRDA:104,11,1,0
BRDA:104,11,2,0
BRDA:115,12,0,0
BRDA:115,12,1,0
BRDA:125,13,0,0
BRDA:125,13,1,0
BRDA:131,14,0,0
BRDA:131,14,1,0
BRF:31
BRH:0
end_of_record
TN:
SF:src\services\berita-service.js
FN:13,(anonymous_0)
FN:94,(anonymous_1)
FN:115,(anonymous_2)
FN:121,(anonymous_3)
FN:151,(anonymous_4)
FN:183,(anonymous_5)
FN:186,(anonymous_6)
FN:286,(anonymous_7)
FN:297,(anonymous_8)
FN:315,(anonymous_9)
FN:332,(anonymous_10)
FN:346,(anonymous_11)
FN:363,(anonymous_12)
FN:427,(anonymous_13)
FN:445,(anonymous_14)
FN:470,(anonymous_15)
FN:507,(anonymous_16)
FN:513,(anonymous_17)
FNF:18
FNH:7
FNDA:0,(anonymous_0)
FNDA:3,(anonymous_1)
FNDA:46,(anonymous_2)
FNDA:23,(anonymous_3)
FNDA:1,(anonymous_4)
FNDA:0,(anonymous_5)
FNDA:1,(anonymous_6)
FNDA:1,(anonymous_7)
FNDA:0,(anonymous_8)
FNDA:0,(anonymous_9)
FNDA:0,(anonymous_10)
FNDA:0,(anonymous_11)
FNDA:0,(anonymous_12)
FNDA:0,(anonymous_13)
FNDA:0,(anonymous_14)
FNDA:2,(anonymous_15)
FNDA:0,(anonymous_16)
FNDA:0,(anonymous_17)
DA:1,1
DA:5,1
DA:6,1
DA:7,1
DA:8,1
DA:9,1
DA:10,1
DA:14,0
DA:15,0
DA:17,0
DA:18,0
DA:20,0
DA:23,0
DA:24,0
DA:25,0
DA:27,0
DA:28,0
DA:31,0
DA:32,0
DA:33,0
DA:34,0
DA:37,0
DA:41,0
DA:47,0
DA:49,0
DA:50,0
DA:53,0
DA:55,0
DA:56,0
DA:59,0
DA:70,0
DA:87,0
DA:88,0
DA:90,0
DA:100,3
DA:102,3
DA:104,3
DA:110,3
DA:111,0
DA:115,3
DA:116,46
DA:117,46
DA:118,23
DA:121,23
DA:139,3
DA:141,3
DA:152,1
DA:153,0
DA:155,1
DA:159,1
DA:160,1
DA:162,0
DA:183,0
DA:194,1
DA:195,0
DA:196,0
DA:198,0
DA:201,1
DA:204,1
DA:205,1
DA:206,0
DA:208,1
DA:211,0
DA:213,0
DA:214,0
DA:215,0
DA:216,0
DA:218,0
DA:222,0
DA:228,0
DA:230,0
DA:231,0
DA:233,0
DA:236,0
DA:237,0
DA:242,0
DA:243,0
DA:244,0
DA:248,0
DA:249,0
DA:252,0
DA:263,0
DA:279,0
DA:280,0
DA:282,0
DA:287,1
DA:288,1
DA:289,1
DA:292,0
DA:295,0
DA:298,0
DA:299,0
DA:301,0
DA:305,0
DA:306,0
DA:309,0
DA:313,0
DA:316,0
DA:317,0
DA:320,0
DA:321,0
DA:324,0
DA:326,0
DA:330,0
DA:332,0
DA:333,0
DA:334,0
DA:337,0
DA:340,0
DA:343,0
DA:345,0
DA:346,0
DA:347,0
DA:348,0
DA:351,0
DA:357,0
DA:358,0
DA:359,0
DA:362,0
DA:364,0
DA:365,0
DA:366,0
DA:368,0
DA:369,0
DA:370,0
DA:373,0
DA:378,0
DA:385,0
DA:389,0
DA:390,0
DA:393,0
DA:395,0
DA:396,0
DA:399,0
DA:410,0
DA:416,0
DA:417,0
DA:419,0
DA:424,0
DA:428,0
DA:429,0
DA:434,0
DA:441,0
DA:442,0
DA:445,0
DA:446,0
DA:447,0
DA:450,0
DA:451,0
DA:454,0
DA:461,0
DA:468,0
DA:476,2
DA:478,2
DA:487,2
DA:488,0
DA:491,2
DA:503,2
DA:504,2
DA:507,0
DA:508,0
DA:509,0
DA:510,0
DA:513,0
DA:530,0
DA:531,0
DA:543,1
LF:167
LH:37
BRDA:15,0,0,0
BRDA:15,0,1,0
BRDA:15,1,0,0
BRDA:15,1,1,0
BRDA:15,1,2,0
BRDA:15,1,3,0
BRDA:15,1,4,0
BRDA:17,2,0,0
BRDA:17,2,1,0
BRDA:17,3,0,0
BRDA:17,3,1,0
BRDA:17,3,2,0
BRDA:27,4,0,0
BRDA:27,4,1,0
BRDA:32,5,0,0
BRDA:32,5,1,0
BRDA:32,6,0,0
BRDA:32,6,1,0
BRDA:87,7,0,0
BRDA:87,7,1,0
BRDA:87,8,0,0
BRDA:87,8,1,0
BRDA:87,8,2,0
BRDA:110,9,0,0
BRDA:110,9,1,3
BRDA:117,10,0,23
BRDA:117,10,1,23
BRDA:152,11,0,0
BRDA:152,11,1,1
BRDA:159,12,0,1
BRDA:159,12,1,0
BRDA:194,13,0,0
BRDA:194,13,1,1
BRDA:194,14,0,1
BRDA:194,14,1,1
BRDA:194,14,2,1
BRDA:194,14,3,1
BRDA:194,14,4,1
BRDA:195,15,0,0
BRDA:195,15,1,0
BRDA:195,16,0,0
BRDA:195,16,1,0
BRDA:195,16,2,0
BRDA:204,17,0,1
BRDA:204,17,1,0
BRDA:205,18,0,0
BRDA:205,18,1,1
BRDA:205,19,0,1
BRDA:205,19,1,0
BRDA:205,19,2,0
BRDA:214,20,0,0
BRDA:214,20,1,0
BRDA:214,21,0,0
BRDA:214,21,1,0
BRDA:236,22,0,0
BRDA:236,22,1,0
BRDA:242,23,0,0
BRDA:242,23,1,0
BRDA:279,24,0,0
BRDA:279,24,1,0
BRDA:279,25,0,0
BRDA:279,25,1,0
BRDA:279,25,2,0
BRDA:288,26,0,1
BRDA:288,26,1,0
BRDA:298,27,0,0
BRDA:298,27,1,0
BRDA:305,28,0,0
BRDA:305,28,1,0
BRDA:316,29,0,0
BRDA:316,29,1,0
BRDA:320,30,0,0
BRDA:320,30,1,0
BRDA:320,31,0,0
BRDA:320,31,1,0
BRDA:320,31,2,0
BRDA:330,32,0,0
BRDA:330,32,1,0
BRDA:333,33,0,0
BRDA:333,33,1,0
BRDA:333,34,0,0
BRDA:333,34,1,0
BRDA:333,34,2,0
BRDA:345,35,0,0
BRDA:345,35,1,0
BRDA:347,36,0,0
BRDA:347,36,1,0
BRDA:347,37,0,0
BRDA:347,37,1,0
BRDA:347,37,2,0
BRDA:358,38,0,0
BRDA:358,38,1,0
BRDA:368,39,0,0
BRDA:368,39,1,0
BRDA:368,40,0,0
BRDA:368,40,1,0
BRDA:416,41,0,0
BRDA:416,41,1,0
BRDA:416,42,0,0
BRDA:416,42,1,0
BRDA:416,42,2,0
BRDA:428,43,0,0
BRDA:428,43,1,0
BRDA:428,44,0,0
BRDA:428,44,1,0
BRDA:441,45,0,0
BRDA:441,45,1,0
BRDA:450,46,0,0
BRDA:450,46,1,0
BRDA:487,47,0,0
BRDA:487,47,1,2
BRDA:487,48,0,2
BRDA:487,48,1,2
BRDA:503,49,0,2
BRDA:503,49,1,0
BRDA:509,50,0,0
BRDA:509,50,1,0
BRF:117
BRH:19
end_of_record
TN:
SF:src\services\dokter-service.js
FN:13,(anonymous_0)
FN:122,(anonymous_1)
FN:181,(anonymous_2)
FN:206,(anonymous_3)
FN:250,(anonymous_4)
FN:284,(anonymous_5)
FN:388,(anonymous_6)
FNF:7
FNH:0
FNDA:0,(anonymous_0)
FNDA:0,(anonymous_1)
FNDA:0,(anonymous_2)
FNDA:0,(anonymous_3)
FNDA:0,(anonymous_4)
FNDA:0,(anonymous_5)
FNDA:0,(anonymous_6)
DA:1,1
DA:5,1
DA:6,1
DA:7,1
DA:8,1
DA:9,1
DA:10,1
DA:22,0
DA:23,0
DA:31,0
DA:32,0
DA:33,0
DA:37,0
DA:40,0
DA:41,0
DA:42,0
DA:43,0
DA:44,0
DA:46,0
DA:49,0
DA:50,0
DA:52,0
DA:53,0
DA:54,0
DA:55,0
DA:57,0
DA:60,0
DA:61,0
DA:65,0
DA:70,0
DA:73,0
DA:75,0
DA:76,0
DA:79,0
DA:81,0
DA:82,0
DA:85,0
DA:100,0
DA:107,0
DA:108,0
DA:109,0
DA:113,0
DA:114,0
DA:115,0
DA:118,0
DA:128,0
DA:129,0
DA:130,0
DA:133,0
DA:153,0
DA:178,0
DA:179,0
DA:181,0
DA:195,0
DA:196,0
DA:212,0
DA:214,0
DA:215,0
DA:235,0
DA:236,0
DA:238,0
DA:239,0
DA:251,0
DA:252,0
DA:255,0
DA:262,0
DA:263,0
DA:266,0
DA:294,0
DA:301,0
DA:302,0
DA:303,0
DA:307,0
DA:311,0
DA:312,0
DA:314,0
DA:315,0
DA:316,0
DA:317,0
DA:321,0
DA:325,0
DA:328,0
DA:330,0
DA:331,0
DA:332,0
DA:338,0
DA:339,0
DA:344,0
DA:345,0
DA:347,0
DA:349,0
DA:356,0
DA:358,0
DA:359,0
DA:362,0
DA:365,0
DA:369,0
DA:382,0
DA:390,0
DA:392,0
DA:393,0
DA:397,0
DA:398,0
DA:399,0
DA:401,0
DA:402,0
DA:403,0
DA:405,0
DA:413,0
DA:415,0
DA:419,1
LF:111
LH:8
BRDA:23,0,0,0
BRDA:23,0,1,0
BRDA:24,1,0,0
BRDA:24,1,1,0
BRDA:24,1,2,0
BRDA:24,1,3,0
BRDA:24,1,4,0
BRDA:31,2,0,0
BRDA:31,2,1,0
BRDA:31,3,0,0
BRDA:31,3,1,0
BRDA:31,3,2,0
BRDA:41,4,0,0
BRDA:41,4,1,0
BRDA:42,5,0,0
BRDA:42,5,1,0
BRDA:42,6,0,0
BRDA:42,6,1,0
BRDA:42,6,2,0
BRDA:53,7,0,0
BRDA:53,7,1,0
BRDA:53,8,0,0
BRDA:53,8,1,0
BRDA:60,9,0,0
BRDA:60,9,1,0
BRDA:107,10,0,0
BRDA:107,10,1,0
BRDA:107,11,0,0
BRDA:107,11,1,0
BRDA:113,12,0,0
BRDA:113,12,1,0
BRDA:113,13,0,0
BRDA:113,13,1,0
BRDA:113,13,2,0
BRDA:129,14,0,0
BRDA:129,14,1,0
BRDA:178,15,0,0
BRDA:178,15,1,0
BRDA:178,16,0,0
BRDA:178,16,1,0
BRDA:235,17,0,0
BRDA:235,17,1,0
BRDA:235,18,0,0
BRDA:235,18,1,0
BRDA:251,19,0,0
BRDA:251,19,1,0
BRDA:262,20,0,0
BRDA:262,20,1,0
BRDA:294,21,0,0
BRDA:294,21,1,0
BRDA:295,22,0,0
BRDA:295,22,1,0
BRDA:295,22,2,0
BRDA:295,22,3,0
BRDA:295,22,4,0
BRDA:301,23,0,0
BRDA:301,23,1,0
BRDA:301,24,0,0
BRDA:301,24,1,0
BRDA:301,24,2,0
BRDA:314,25,0,0
BRDA:314,25,1,0
BRDA:314,26,0,0
BRDA:314,26,1,0
BRDA:315,27,0,0
BRDA:315,27,1,0
BRDA:315,28,0,0
BRDA:315,28,1,0
BRDA:315,28,2,0
BRDA:328,29,0,0
BRDA:328,29,1,0
BRDA:328,30,0,0
BRDA:328,30,1,0
BRDA:330,31,0,0
BRDA:330,31,1,0
BRDA:330,32,0,0
BRDA:330,32,1,0
BRDA:338,33,0,0
BRDA:338,33,1,0
BRDA:392,34,0,0
BRDA:392,34,1,0
BRDA:397,35,0,0
BRDA:397,35,1,0
BRDA:397,36,0,0
BRDA:397,36,1,0
BRDA:401,37,0,0
BRDA:401,37,1,0
BRF:87
BRH:0
end_of_record
TN:
SF:src\services\jadwal-dokter-service.js
FN:10,(anonymous_0)
FN:65,(anonymous_1)
FN:82,(anonymous_2)
FN:115,(anonymous_3)
FN:188,(anonymous_4)
FN:248,(anonymous_5)
FN:281,(anonymous_6)
FN:355,(anonymous_7)
FNF:8
FNH:0
FNDA:0,(anonymous_0)
FNDA:0,(anonymous_1)
FNDA:0,(anonymous_2)
FNDA:0,(anonymous_3)
FNDA:0,(anonymous_4)
FNDA:0,(anonymous_5)
FNDA:0,(anonymous_6)
FNDA:0,(anonymous_7)
DA:1,1
DA:5,1
DA:6,1
DA:7,1
DA:11,0
DA:13,0
DA:14,0
DA:17,0
DA:18,0
DA:20,0
DA:21,0
DA:24,0
DA:25,0
DA:27,0
DA:28,0
DA:32,0
DA:34,0
DA:35,0
DA:37,0
DA:38,0
DA:39,0
DA:40,0
DA:41,0
DA:43,0
DA:46,0
DA:59,0
DA:71,0
DA:73,0
DA:78,0
DA:79,0
DA:80,0
DA:82,0
DA:83,0
DA:98,0
DA:99,0
DA:102,0
DA:104,0
DA:116,0
DA:117,0
DA:120,0
DA:121,0
DA:122,0
DA:125,0
DA:129,0
DA:131,0
DA:140,0
DA:141,0
DA:151,0
DA:153,0
DA:172,0
DA:173,0
DA:176,0
DA:178,0
DA:189,0
DA:190,0
DA:198,0
DA:200,0
DA:211,0
DA:212,0
DA:215,0
DA:236,0
DA:238,0
DA:249,0
DA:250,0
DA:254,0
DA:270,0
DA:271,0
DA:274,0
DA:276,0
DA:282,0
DA:285,0
DA:286,0
DA:289,0
DA:290,0
DA:295,0
DA:297,0
DA:298,0
DA:299,0
DA:300,0
DA:304,0
DA:308,0
DA:309,0
DA:314,0
DA:315,0
DA:317,0
DA:318,0
DA:324,0
DA:326,0
DA:327,0
DA:330,0
DA:336,0
DA:349,0
DA:356,0
DA:357,0
DA:358,0
DA:361,0
DA:365,0
DA:371,1
LF:98
LH:5
BRDA:13,0,0,0
BRDA:13,0,1,0
BRDA:20,1,0,0
BRDA:20,1,1,0
BRDA:20,2,0,0
BRDA:20,2,1,0
BRDA:27,3,0,0
BRDA:27,3,1,0
BRDA:27,4,0,0
BRDA:27,4,1,0
BRDA:27,4,2,0
BRDA:38,5,0,0
BRDA:38,5,1,0
BRDA:38,6,0,0
BRDA:38,6,1,0
BRDA:40,7,0,0
BRDA:40,7,1,0
BRDA:40,8,0,0
BRDA:40,8,1,0
BRDA:98,9,0,0
BRDA:98,9,1,0
BRDA:116,10,0,0
BRDA:116,10,1,0
BRDA:116,11,0,0
BRDA:116,11,1,0
BRDA:121,12,0,0
BRDA:121,12,1,0
BRDA:140,13,0,0
BRDA:140,13,1,0
BRDA:172,14,0,0
BRDA:172,14,1,0
BRDA:189,15,0,0
BRDA:189,15,1,0
BRDA:211,16,0,0
BRDA:211,16,1,0
BRDA:249,17,0,0
BRDA:249,17,1,0
BRDA:270,18,0,0
BRDA:270,18,1,0
BRDA:270,19,0,0
BRDA:270,19,1,0
BRDA:285,20,0,0
BRDA:285,20,1,0
BRDA:289,21,0,0
BRDA:289,21,1,0
BRDA:289,22,0,0
BRDA:289,22,1,0
BRDA:299,23,0,0
BRDA:299,23,1,0
BRDA:299,24,0,0
BRDA:299,24,1,0
BRDA:308,25,0,0
BRDA:308,25,1,0
BRDA:317,26,0,0
BRDA:317,26,1,0
BRDA:317,27,0,0
BRDA:317,27,1,0
BRDA:317,27,2,0
BRDA:330,28,0,0
BRDA:330,28,1,0
BRDA:330,29,0,0
BRDA:330,29,1,0
BRDA:332,30,0,0
BRDA:332,30,1,0
BRDA:332,31,0,0
BRDA:332,31,1,0
BRDA:357,32,0,0
BRDA:357,32,1,0
BRF:68
BRH:0
end_of_record
TN:
SF:src\services\komentar-service.js
FN:8,(anonymous_0)
FN:34,(anonymous_1)
FN:49,(anonymous_2)
FN:59,(anonymous_3)
FN:85,(anonymous_4)
FN:114,(anonymous_5)
FN:126,(anonymous_6)
FN:136,(anonymous_7)
FN:145,(anonymous_8)
FN:176,(anonymous_9)
FN:182,(anonymous_10)
FN:201,(anonymous_11)
FNF:12
FNH:0
FNDA:0,(anonymous_0)
FNDA:0,(anonymous_1)
FNDA:0,(anonymous_2)
FNDA:0,(anonymous_3)
FNDA:0,(anonymous_4)
FNDA:0,(anonymous_5)
FNDA:0,(anonymous_6)
FNDA:0,(anonymous_7)
FNDA:0,(anonymous_8)
FNDA:0,(anonymous_9)
FNDA:0,(anonymous_10)
FNDA:0,(anonymous_11)
DA:4,1
DA:5,1
DA:6,1
DA:9,0
DA:10,0
DA:14,0
DA:15,0
DA:20,0
DA:31,0
DA:35,0
DA:36,0
DA:40,0
DA:45,0
DA:46,0
DA:49,0
DA:50,0
DA:56,0
DA:57,0
DA:59,0
DA:60,0
DA:69,0
DA:71,0
DA:77,0
DA:85,0
DA:86,0
DA:87,0
DA:88,0
DA:98,0
DA:114,0
DA:124,0
DA:127,0
DA:132,0
DA:133,0
DA:136,0
DA:137,0
DA:143,0
DA:145,0
DA:146,0
DA:155,0
DA:157,0
DA:163,0
DA:164,0
DA:167,0
DA:175,0
DA:176,0
DA:179,0
DA:183,0
DA:184,0
DA:187,0
DA:190,0
DA:191,0
DA:194,0
DA:196,0
DA:209,0
DA:210,0
DA:216,0
DA:220,0
DA:221,0
DA:225,0
DA:229,0
DA:230,0
DA:234,0
DA:235,0
DA:240,0
DA:252,0
DA:256,1
LF:66
LH:4
BRDA:9,0,0,0
BRDA:9,0,1,0
BRDA:9,1,0,0
BRDA:9,1,1,0
BRDA:14,2,0,0
BRDA:14,2,1,0
BRDA:14,3,0,0
BRDA:14,3,1,0
BRDA:14,3,2,0
BRDA:27,4,0,0
BRDA:27,4,1,0
BRDA:35,5,0,0
BRDA:35,5,1,0
BRDA:45,6,0,0
BRDA:45,6,1,0
BRDA:45,7,0,0
BRDA:45,7,1,0
BRDA:69,8,0,0
BRDA:69,8,1,0
BRDA:87,9,0,0
BRDA:87,9,1,0
BRDA:115,10,0,0
BRDA:115,10,1,0
BRDA:116,11,0,0
BRDA:116,11,1,0
BRDA:117,12,0,0
BRDA:117,12,1,0
BRDA:118,13,0,0
BRDA:118,13,1,0
BRDA:119,14,0,0
BRDA:119,14,1,0
BRDA:120,15,0,0
BRDA:120,15,1,0
BRDA:121,16,0,0
BRDA:121,16,1,0
BRDA:132,17,0,0
BRDA:132,17,1,0
BRDA:132,18,0,0
BRDA:132,18,1,0
BRDA:155,19,0,0
BRDA:155,19,1,0
BRDA:163,20,0,0
BRDA:163,20,1,0
BRDA:176,21,0,0
BRDA:176,21,1,0
BRDA:183,22,0,0
BRDA:183,22,1,0
BRDA:190,23,0,0
BRDA:190,23,1,0
BRDA:194,24,0,0
BRDA:194,24,1,0
BRDA:209,25,0,0
BRDA:209,25,1,0
BRDA:209,26,0,0
BRDA:209,26,1,0
BRDA:209,26,2,0
BRDA:220,27,0,0
BRDA:220,27,1,0
BRDA:229,28,0,0
BRDA:229,28,1,0
BRDA:234,29,0,0
BRDA:234,29,1,0
BRDA:234,30,0,0
BRDA:234,30,1,0
BRDA:244,31,0,0
BRDA:244,31,1,0
BRF:66
BRH:0
end_of_record
TN:
SF:src\services\media-sosoal-service.js
FN:5,(anonymous_0)
FN:41,(anonymous_1)
FNF:2
FNH:0
FNDA:0,(anonymous_0)
FNDA:0,(anonymous_1)
DA:1,1
DA:2,1
DA:7,0
DA:8,0
DA:12,0
DA:17,0
DA:18,0
DA:19,0
DA:24,0
DA:31,0
DA:32,0
DA:33,0
DA:34,0
DA:42,0
DA:43,0
DA:44,0
DA:47,0
DA:51,1
LF:18
LH:3
BRDA:7,0,0,0
BRDA:7,0,1,0
BRDA:18,1,0,0
BRDA:18,1,1,0
BRDA:31,2,0,0
BRDA:31,2,1,0
BRDA:43,3,0,0
BRDA:43,3,1,0
BRF:8
BRH:0
end_of_record
TN:
SF:src\services\pelayanan-service.js
FN:10,(anonymous_0)
FN:39,(anonymous_1)
FN:48,(anonymous_2)
FN:62,(anonymous_3)
FNF:4
FNH:0
FNDA:0,(anonymous_0)
FNDA:0,(anonymous_1)
FNDA:0,(anonymous_2)
FNDA:0,(anonymous_3)
DA:4,1
DA:5,1
DA:6,1
DA:7,1
DA:17,0
DA:18,0
DA:25,0
DA:28,0
DA:32,0
DA:40,0
DA:49,0
DA:53,0
DA:54,0
DA:59,0
DA:66,0
DA:68,0
DA:71,0
DA:72,0
DA:75,0
DA:82,0
DA:85,0
DA:90,0
DA:97,1
LF:23
LH:5
BRDA:18,0,0,0
BRDA:18,0,1,0
BRDA:19,1,0,0
BRDA:19,1,1,0
BRDA:19,1,2,0
BRDA:19,1,3,0
BRDA:19,1,4,0
BRDA:53,2,0,0
BRDA:53,2,1,0
BRDA:66,3,0,0
BRDA:66,3,1,0
BRDA:71,4,0,0
BRDA:71,4,1,0
BRDA:75,5,0,0
BRDA:75,5,1,0
BRDA:76,6,0,0
BRDA:76,6,1,0
BRDA:76,6,2,0
BRDA:76,6,3,0
BRDA:76,6,4,0
BRF:20
BRH:0
end_of_record
TN:
SF:src\services\poli-service.js
FN:5,(anonymous_0)
FN:28,(anonymous_1)
FN:41,(anonymous_2)
FN:51,(anonymous_3)
FN:66,(anonymous_4)
FN:95,(anonymous_5)
FN:119,(anonymous_6)
FNF:7
FNH:0
FNDA:0,(anonymous_0)
FNDA:0,(anonymous_1)
FNDA:0,(anonymous_2)
FNDA:0,(anonymous_3)
FNDA:0,(anonymous_4)
FNDA:0,(anonymous_5)
FNDA:0,(anonymous_6)
DA:1,1
DA:2,1
DA:6,0
DA:7,0
DA:9,0
DA:10,0
DA:11,0
DA:17,0
DA:18,0
DA:19,0
DA:20,0
DA:21,0
DA:22,0
DA:24,0
DA:28,0
DA:32,0
DA:38,0
DA:42,0
DA:46,0
DA:47,0
DA:49,0
DA:52,0
DA:53,0
DA:56,0
DA:60,0
DA:61,0
DA:64,0
DA:67,0
DA:68,0
DA:69,0
DA:72,0
DA:75,0
DA:76,0
DA:78,0
DA:85,0
DA:86,0
DA:90,0
DA:92,0
DA:96,0
DA:97,0
DA:99,0
DA:102,0
DA:103,0
DA:107,0
DA:108,0
DA:109,0
DA:110,0
DA:111,0
DA:112,0
DA:113,0
DA:115,0
DA:119,0
DA:122,0
DA:126,0
DA:130,1
LF:55
LH:3
BRDA:6,0,0,0
BRDA:6,0,1,0
BRDA:10,1,0,0
BRDA:10,1,1,0
BRDA:17,2,0,0
BRDA:17,2,1,0
BRDA:19,3,0,0
BRDA:19,3,1,0
BRDA:21,4,0,0
BRDA:21,4,1,0
BRDA:46,5,0,0
BRDA:46,5,1,0
BRDA:52,6,0,0
BRDA:52,6,1,0
BRDA:60,7,0,0
BRDA:60,7,1,0
BRDA:68,8,0,0
BRDA:68,8,1,0
BRDA:75,9,0,0
BRDA:75,9,1,0
BRDA:85,10,0,0
BRDA:85,10,1,0
BRDA:96,11,0,0
BRDA:96,11,1,0
BRDA:96,12,0,0
BRDA:96,12,1,0
BRDA:102,13,0,0
BRDA:102,13,1,0
BRDA:108,14,0,0
BRDA:108,14,1,0
BRDA:110,15,0,0
BRDA:110,15,1,0
BRDA:112,16,0,0
BRDA:112,16,1,0
BRF:34
BRH:0
end_of_record
TN:
SF:src\services\profil-service.js
FN:23,(anonymous_0)
FN:44,(anonymous_1)
FN:69,(anonymous_2)
FN:112,(anonymous_3)
FN:147,(anonymous_4)
FNF:5
FNH:0
FNDA:0,(anonymous_0)
FNDA:0,(anonymous_1)
FNDA:0,(anonymous_2)
FNDA:0,(anonymous_3)
FNDA:0,(anonymous_4)
DA:1,1
DA:2,1
DA:3,1
DA:4,1
DA:5,1
DA:8,1
DA:9,1
DA:14,1
DA:15,1
DA:20,1
DA:24,0
DA:25,0
DA:28,0
DA:32,0
DA:33,0
DA:36,0
DA:45,0
DA:46,0
DA:49,0
DA:53,0
DA:54,0
DA:57,0
DA:66,0
DA:70,0
DA:71,0
DA:72,0
DA:77,0
DA:79,0
DA:80,0
DA:83,0
DA:84,0
DA:86,0
DA:89,0
DA:94,0
DA:98,0
DA:99,0
DA:102,0
DA:104,0
DA:109,0
DA:113,0
DA:117,0
DA:118,0
DA:121,0
DA:122,0
DA:127,0
DA:131,0
DA:138,0
DA:140,0
DA:142,0
DA:148,0
DA:149,0
DA:154,0
DA:155,0
DA:161,0
DA:162,0
DA:164,0
DA:167,0
DA:168,0
DA:170,0
DA:173,0
DA:175,0
DA:184,0
DA:186,0
DA:190,1
LF:64
LH:11
BRDA:24,0,0,0
BRDA:24,0,1,0
BRDA:24,1,0,0
BRDA:24,1,1,0
BRDA:32,2,0,0
BRDA:32,2,1,0
BRDA:45,3,0,0
BRDA:45,3,1,0
BRDA:45,4,0,0
BRDA:45,4,1,0
BRDA:45,4,2,0
BRDA:53,5,0,0
BRDA:53,5,1,0
BRDA:71,6,0,0
BRDA:71,6,1,0
BRDA:71,7,0,0
BRDA:71,7,1,0
BRDA:79,8,0,0
BRDA:79,8,1,0
BRDA:79,9,0,0
BRDA:79,9,1,0
BRDA:98,10,0,0
BRDA:98,10,1,0
BRDA:117,11,0,0
BRDA:117,11,1,0
BRDA:121,12,0,0
BRDA:121,12,1,0
BRDA:121,13,0,0
BRDA:121,13,1,0
BRDA:148,14,0,0
BRDA:148,14,1,0
BRDA:148,15,0,0
BRDA:148,15,1,0
BRDA:148,15,2,0
BRDA:154,16,0,0
BRDA:154,16,1,0
BRF:36
BRH:0
end_of_record
TN:
SF:src\utils\error-handling-utils.js
FN:2,(anonymous_0)
FN:9,(anonymous_1)
FN:15,(anonymous_2)
FN:21,(anonymous_3)
FN:27,(anonymous_4)
FNF:5
FNH:2
FNDA:5,(anonymous_0)
FNDA:0,(anonymous_1)
FNDA:0,(anonymous_2)
FNDA:0,(anonymous_3)
FNDA:5,(anonymous_4)
DA:3,5
DA:4,5
DA:10,0
DA:16,0
DA:22,0
DA:28,5
DA:34,1
LF:7
LH:4
BRDA:9,0,0,0
BRDA:15,1,0,0
BRDA:21,2,0,0
BRDA:27,3,0,0
BRF:4
BRH:0
end_of_record
TN:
SF:src\utils\jwt-sign-utils.js
FN:5,(anonymous_0)
FN:17,(anonymous_1)
FNF:2
FNH:0
FNDA:0,(anonymous_0)
FNDA:0,(anonymous_1)
DA:1,1
DA:2,1
DA:6,0
DA:14,0
DA:15,0
DA:18,0
DA:21,0
DA:22,0
DA:26,1
LF:9
LH:3
BRF:0
BRH:0
end_of_record
TN:
SF:src\utils\pagination-utils.js
FN:2,(anonymous_0)
FNF:1
FNH:1
FNDA:5,(anonymous_0)
DA:3,5
DA:4,5
DA:6,5
DA:7,5
DA:9,5
DA:10,5
DA:12,5
DA:16,1
LF:8
LH:8
BRDA:2,0,0,0
BRDA:2,1,0,0
BRDA:6,2,0,0
BRDA:6,2,1,5
BRDA:7,3,0,0
BRDA:7,3,1,5
BRF:6
BRH:2
end_of_record
TN:
SF:src\utils\password-validator-utils.js
FN:9,validatePasswordStrength
FNF:1
FNH:0
FNDA:0,validatePasswordStrength
DA:1,1
DA:3,1
DA:10,0
DA:11,0
DA:12,0
DA:13,0
DA:15,0
DA:18,1
LF:8
LH:3
BRDA:11,0,0,0
BRDA:11,0,1,0
BRF:2
BRH:0
end_of_record
TN:
SF:src\utils\slug-detail-dokter.js
FN:3,generateUniqueSlug
FNF:1
FNH:0
FNDA:0,generateUniqueSlug
DA:1,1
DA:2,1
DA:4,0
DA:5,0
DA:6,0
DA:8,0
DA:9,0
DA:10,0
DA:13,0
DA:16,1
LF:10
LH:3
BRF:0
BRH:0
end_of_record
TN:
SF:src\utils\slug-detail-pelayanan-rs.js
FN:3,generateUniqueSlug
FNF:1
FNH:0
FNDA:0,generateUniqueSlug
DA:1,1
DA:2,1
DA:4,0
DA:5,0
DA:6,0
DA:8,0
DA:9,0
DA:10,0
DA:13,0
DA:16,1
LF:10
LH:3
BRF:0
BRH:0
end_of_record
TN:
SF:src\utils\slug-judul-berita.js
FN:3,generateUniqueSlug
FNF:1
FNH:0
FNDA:0,generateUniqueSlug
DA:1,1
DA:2,1
DA:4,0
DA:5,0
DA:6,0
DA:8,0
DA:9,0
DA:10,0
DA:13,0
DA:16,1
LF:10
LH:3
BRF:0
BRH:0
end_of_record
